[ 2018-09-23T07:34:17+08:00 ] 127.0.0.1 /Public/home/asset/images/line.png
INFO: [ app_init ] --START--
INFO: Run Behavior\BuildLiteBehavior [ RunTime:0.000014s ]
INFO: [ app_init ] --END-- [ RunTime:0.000588s ]
ERR: æ— æ³•åŠ è½½æ¨¡å—:Public

[ 2018-09-23T07:49:14+08:00 ] 127.0.0.1 /Public/home/asset/images/line.png
INFO: [ app_init ] --START--
INFO: Run Behavior\BuildLiteBehavior [ RunTime:0.000031s ]
INFO: [ app_init ] --END-- [ RunTime:0.000630s ]
ERR: æ— æ³•åŠ è½½æ¨¡å—:Public

[ 2018-09-23T08:05:17+08:00 ] 127.0.0.1 /Public/home/asset/images/line.png
INFO: [ app_init ] --START--
INFO: Run Behavior\BuildLiteBehavior [ RunTime:0.000015s ]
INFO: [ app_init ] --END-- [ RunTime:0.000621s ]
ERR: æ— æ³•åŠ è½½æ¨¡å—:Public

[ 2018-09-23T08:05:17+08:00 ] 127.0.0.1 /index/order/ajaxorder_list
INFO: [ app_init ] --START--
INFO: Run Behavior\BuildLiteBehavior [ RunTime:0.000015s ]
INFO: [ app_init ] --END-- [ RunTime:0.000561s ]
ERR: æ— æ³•åŠ è½½æ¨¡å—:Index

[ 2018-09-23T08:05:17+08:00 ] 127.0.0.1 /index/order/get_price
INFO: [ app_init ] --START--
INFO: Run Behavior\BuildLiteBehavior [ RunTime:0.000014s ]
INFO: [ app_init ] --END-- [ RunTime:0.000569s ]
ERR: æ— æ³•åŠ è½½æ¨¡å—:Index

[ 2018-09-23T08:11:38+08:00 ] 127.0.0.1 /index/order/get_price
INFO: [ app_init ] --START--
INFO: Run Behavior\BuildLiteBehavior [ RunTime:0.000024s ]
INFO: [ app_init ] --END-- [ RunTime:0.000992s ]
ERR: æ— æ³•åŠ è½½æ¨¡å—:Index

[ 2018-09-23T08:11:38+08:00 ] 127.0.0.1 /index/order/ajaxorder_list
INFO: [ app_init ] --START--
INFO: Run Behavior\BuildLiteBehavior [ RunTime:0.000016s ]
INFO: [ app_init ] --END-- [ RunTime:0.001067s ]
ERR: æ— æ³•åŠ è½½æ¨¡å—:Index

[ 2018-09-23T08:11:39+08:00 ] 127.0.0.1 /Public/home/asset/images/line.png
INFO: [ app_init ] --START--
INFO: Run Behavior\BuildLiteBehavior [ RunTime:0.000015s ]
INFO: [ app_init ] --END-- [ RunTime:0.000595s ]
ERR: æ— æ³•åŠ è½½æ¨¡å—:Public

[ 2018-09-23T08:11:41+08:00 ] 127.0.0.1 /index/order/orderlist?page=1
INFO: [ app_init ] --START--
INFO: Run Behavior\BuildLiteBehavior [ RunTime:0.000014s ]
INFO: [ app_init ] --END-- [ RunTime:0.000448s ]
ERR: æ— æ³•åŠ è½½æ¨¡å—:Index

[ 2018-09-23T08:11:42+08:00 ] 127.0.0.1 /index/order/get_price
INFO: [ app_init ] --START--
INFO: Run Behavior\BuildLiteBehavior [ RunTime:0.000013s ]
INFO: [ app_init ] --END-- [ RunTime:0.000451s ]
ERR: æ— æ³•åŠ è½½æ¨¡å—:Index

[ 2018-09-23T08:11:42+08:00 ] 127.0.0.1 /index/order/ajaxorder_list
INFO: [ app_init ] --START--
INFO: Run Behavior\BuildLiteBehavior [ RunTime:0.000024s ]
INFO: [ app_init ] --END-- [ RunTime:0.000468s ]
ERR: æ— æ³•åŠ è½½æ¨¡å—:Index

[ 2018-09-23T08:11:42+08:00 ] 127.0.0.1 /index/order/orderlist?page=1
INFO: [ app_init ] --START--
INFO: Run Behavior\BuildLiteBehavior [ RunTime:0.000014s ]
INFO: [ app_init ] --END-- [ RunTime:0.000516s ]
ERR: æ— æ³•åŠ è½½æ¨¡å—:Index

[ 2018-09-23T08:11:42+08:00 ] 127.0.0.1 /index/order/get_price
INFO: [ app_init ] --START--
INFO: Run Behavior\BuildLiteBehavior [ RunTime:0.000014s ]
INFO: [ app_init ] --END-- [ RunTime:0.000477s ]
ERR: æ— æ³•åŠ è½½æ¨¡å—:Index

[ 2018-09-23T08:11:42+08:00 ] 127.0.0.1 /index/order/ajaxorder_list
INFO: [ app_init ] --START--
INFO: Run Behavior\BuildLiteBehavior [ RunTime:0.000014s ]
INFO: [ app_init ] --END-- [ RunTime:0.000488s ]
ERR: æ— æ³•åŠ è½½æ¨¡å—:Index

[ 2018-09-23T08:11:43+08:00 ] 127.0.0.1 /index/order/orderlist?page=1
INFO: [ app_init ] --START--
INFO: Run Behavior\BuildLiteBehavior [ RunTime:0.000014s ]
INFO: [ app_init ] --END-- [ RunTime:0.000437s ]
ERR: æ— æ³•åŠ è½½æ¨¡å—:Index

[ 2018-09-23T08:11:43+08:00 ] 127.0.0.1 /index/order/get_price
INFO: [ app_init ] --START--
INFO: Run Behavior\BuildLiteBehavior [ RunTime:0.000016s ]
INFO: [ app_init ] --END-- [ RunTime:0.000473s ]
ERR: æ— æ³•åŠ è½½æ¨¡å—:Index

[ 2018-09-23T08:11:43+08:00 ] 127.0.0.1 /index/order/ajaxorder_list
INFO: [ app_init ] --START--
INFO: Run Behavior\BuildLiteBehavior [ RunTime:0.000014s ]
INFO: [ app_init ] --END-- [ RunTime:0.000465s ]
ERR: æ— æ³•åŠ è½½æ¨¡å—:Index

[ 2018-09-23T08:11:43+08:00 ] 127.0.0.1 /index/order/orderlist?page=1
INFO: [ app_init ] --START--
INFO: Run Behavior\BuildLiteBehavior [ RunTime:0.000014s ]
INFO: [ app_init ] --END-- [ RunTime:0.000440s ]
ERR: æ— æ³•åŠ è½½æ¨¡å—:Index

[ 2018-09-23T08:11:44+08:00 ] 127.0.0.1 /index/order/ajaxorder_list
INFO: [ app_init ] --START--
INFO: Run Behavior\BuildLiteBehavior [ RunTime:0.000022s ]
INFO: [ app_init ] --END-- [ RunTime:0.000554s ]
ERR: æ— æ³•åŠ è½½æ¨¡å—:Index

[ 2018-09-23T08:11:44+08:00 ] 127.0.0.1 /index/order/get_price
INFO: [ app_init ] --START--
INFO: Run Behavior\BuildLiteBehavior [ RunTime:0.000019s ]
INFO: [ app_init ] --END-- [ RunTime:0.000529s ]
ERR: æ— æ³•åŠ è½½æ¨¡å—:Index

[ 2018-09-23T08:11:44+08:00 ] 127.0.0.1 /index/order/orderlist?page=1
INFO: [ app_init ] --START--
INFO: Run Behavior\BuildLiteBehavior [ RunTime:0.000014s ]
INFO: [ app_init ] --END-- [ RunTime:0.000449s ]
ERR: æ— æ³•åŠ è½½æ¨¡å—:Index

[ 2018-09-23T12:03:26+08:00 ] 127.0.0.1 /index/order/get_price
INFO: [ app_init ] --START--
INFO: Run Behavior\BuildLiteBehavior [ RunTime:0.000049s ]
INFO: [ app_init ] --END-- [ RunTime:0.005049s ]
ERR: æ— æ³•åŠ è½½æ¨¡å—:Index

[ 2018-09-23T12:03:26+08:00 ] 127.0.0.1 /index/order/orderlist?page=1
INFO: [ app_init ] --START--
INFO: Run Behavior\BuildLiteBehavior [ RunTime:0.000051s ]
INFO: [ app_init ] --END-- [ RunTime:0.009262s ]
ERR: æ— æ³•åŠ è½½æ¨¡å—:Index

[ 2018-09-23T12:03:26+08:00 ] 127.0.0.1 /index/order/ajaxorder_list
INFO: [ app_init ] --START--
INFO: Run Behavior\BuildLiteBehavior [ RunTime:0.000028s ]
INFO: [ app_init ] --END-- [ RunTime:0.001605s ]
ERR: æ— æ³•åŠ è½½æ¨¡å—:Index

[ 2018-09-23T12:03:45+08:00 ] 127.0.0.1 /index/order/ajaxorder_list
INFO: [ app_init ] --START--
INFO: Run Behavior\BuildLiteBehavior [ RunTime:0.000020s ]
INFO: [ app_init ] --END-- [ RunTime:0.001027s ]
ERR: æ— æ³•åŠ è½½æ¨¡å—:Index

[ 2018-09-23T12:03:46+08:00 ] 127.0.0.1 /index/order/get_price
INFO: [ app_init ] --START--
INFO: Run Behavior\BuildLiteBehavior [ RunTime:0.000031s ]
INFO: [ app_init ] --END-- [ RunTime:0.002059s ]
ERR: æ— æ³•åŠ è½½æ¨¡å—:Index

[ 2018-09-23T12:03:46+08:00 ] 127.0.0.1 /Public/home/asset/images/line.png
INFO: [ app_init ] --START--
INFO: Run Behavior\BuildLiteBehavior [ RunTime:0.000024s ]
INFO: [ app_init ] --END-- [ RunTime:0.001089s ]
ERR: æ— æ³•åŠ è½½æ¨¡å—:Public

[ 2018-09-23T12:03:46+08:00 ] 127.0.0.1 /Public/home/asset/images/bg.jpg
INFO: [ app_init ] --START--
INFO: Run Behavior\BuildLiteBehavior [ RunTime:0.000029s ]
INFO: [ app_init ] --END-- [ RunTime:0.001037s ]
ERR: æ— æ³•åŠ è½½æ¨¡å—:Public

[ 2018-09-23T12:03:46+08:00 ] 127.0.0.1 /Public/home/asset/images/close.png
INFO: [ app_init ] --START--
INFO: Run Behavior\BuildLiteBehavior [ RunTime:0.000021s ]
INFO: [ app_init ] --END-- [ RunTime:0.000933s ]
ERR: æ— æ³•åŠ è½½æ¨¡å—:Public

[ 2018-09-23T15:48:38+08:00 ] 127.0.0.1 /index/order/get_price
INFO: [ app_init ] --START--
INFO: Run Behavior\BuildLiteBehavior [ RunTime:0.000022s ]
INFO: [ app_init ] --END-- [ RunTime:0.000817s ]
ERR: æ— æ³•åŠ è½½æ¨¡å—:Index

—:Public

[ 2018-09-23T15:48:38+08:00 ] 127.0.0.1 /index/order/ajaxorder_list
INFO: [ app_init ] --START--
INFO: Run Behavior\BuildLiteBehavior [ RunTime:0.000020s ]
INFO: [ app_init ] --END-- [ RunTime:0.000633s ]
ERR: æ— æ³•åŠ è½½æ¨¡å—:Index

[ 2018-09-23T15:48:40+08:00 ] 127.0.0.1 /index/order/orderlist?page=1
INFO: [ app_init ] --START--
INFO: Run Behavior\BuildLiteBehavior [ RunTime:0.000014s ]
INFO: [ app_init ] --END-- [ RunTime:0.000496s ]
ERR: æ— æ³•åŠ è½½æ¨¡å—:Index

[ 2018-09-23T15:48:41+08:00 ] 127.0.0.1 /index/order/get_price
INFO: [ app_init ] --START--
INFO: Run Behavior\BuildLiteBehavior [ RunTime:0.000014s ]
INFO: [ app_init ] --END-- [ RunTime:0.000474s ]
ERR: æ— æ³•åŠ è½½æ¨¡å—:Index

[ 2018-09-23T15:48:41+08:00 ] 127.0.0.1 /index/order/ajaxorder_list
INFO: [ app_init ] --START--
INFO: Run Behavior\BuildLiteBehavior [ RunTime:0.000015s ]
INFO: [ app_init ] --END-- [ RunTime:0.000607s ]
ERR: æ— æ³•åŠ è½½æ¨¡å—:Index

[ 2018-09-23T15:48:42+08:00 ] 127.0.0.1 /index/order/orderlist?page=1
INFO: [ app_init ] --START--
INFO: Run Behavior\BuildLiteBehavior [ RunTime:0.000015s ]
INFO: [ app_init ] --END-- [ RunTime:0.000535s ]
ERR: æ— æ³•åŠ è½½æ¨¡å—:Index

[ 2018-09-23T15:48:43+08:00 ] 127.0.0.1 /index/order/ajaxorder_list
INFO: [ app_init ] --START--
INFO: Run Behavior\BuildLiteBehavior [ RunTime:0.000015s ]
INFO: [ app_init ] --END-- [ RunTime:0.000494s ]
ERR: æ— æ³•åŠ è½½æ¨¡å—:Index

[ 2018-09-23T15:48:43+08:00 ] 127.0.0.1 /index/order/get_price
INFO: [ app_init ] --START--
INFO: Run Behavior\BuildLiteBehavior [ RunTime:0.000018s ]
INFO: [ app_init ] --END-- [ RunTime:0.000695s ]
ERR: æ— æ³•åŠ è½½æ¨¡å—:Index

[ 2018-09-23T15:48:45+08:00 ] 127.0.0.1 /index/order/orderlist?page=1
INFO: [ app_init ] --START--
INFO: Run Behavior\BuildLiteBehavior [ RunTime:0.000014s ]
INFO: [ app_init ] --END-- [ RunTime:0.000463s ]
ERR: æ— æ³•åŠ è½½æ¨¡å—:Index

[ 2018-09-23T16:41:20+08:00 ] 127.0.0.1 /Public/home/asset/images/line.png
INFO: [ app_init ] --START--
INFO: Run Behavior\BuildLiteBehavior [ RunTime:0.000020s ]
INFO: [ app_init ] --END-- [ RunTime:0.000821s ]
ERR: æ— æ³•åŠ è½½æ¨¡å—:Public

[ 2018-09-23T16:41:22+08:00 ] 127.0.0.1 /Public/home/asset/images/line.png
INFO: [ app_init ] --START--
INFO: Run Behavior\BuildLiteBehavior [ RunTime:0.000067s ]
INFO: [ app_init ] --END-- [ RunTime:0.002117s ]
ERR: æ— æ³•åŠ è½½æ¨¡å—:Public

[ 2018-09-23T16:47:45+08:00 ] 127.0.0.1 /Public/home/asset/images/line.png
INFO: [ app_init ] --START--
INFO: Run Behavior\BuildLiteBehavior [ RunTime:0.000014s ]
INFO: [ app_init ] --END-- [ RunTime:0.000666s ]
ERR: æ— æ³•åŠ è½½æ¨¡å—:Public

[ 2018-09-23T16:47:54+08:00 ] 127.0.0.1 /Public/home/asset/images/line.png
INFO: [ app_init ] --START--
INFO: Run Behavior\BuildLiteBehavior [ RunTime:0.000058s ]
INFO: [ app_init ] --END-- [ RunTime:0.000877s ]
ERR: æ— æ³•åŠ è½½æ¨¡å—:Public

[ 2018-09-23T16:48:39+08:00 ] 127.0.0.1 /Public/home/asset/images/line.png
INFO: [ app_init ] --START--
INFO: Run Behavior\BuildLiteBehavior [ RunTime:0.000020s ]
INFO: [ app_init ] --END-- [ RunTime:0.000802s ]
ERR: æ— æ³•åŠ è½½æ¨¡å—:Public

[ 2018-09-23T16:50:29+08:00 ] 127.0.0.1 /Public/home/asset/images/line.png
INFO: [ app_init ] --START--
INFO: Run Behavior\BuildLiteBehavior [ RunTime:0.000037s ]
INFO: [ app_init ] --END-- [ RunTime:0.005573s ]
ERR: æ— æ³•åŠ è½½æ¨¡å—:Public

[ 2018-09-23T16:50:39+08:00 ] 127.0.0.1 /Public/home/asset/images/line.png
INFO: [ app_init ] --START--
INFO: Run Behavior\BuildLiteBehavior [ RunTime:0.000022s ]
INFO: [ app_init ] --END-- [ RunTime:0.000752s ]
ERR: æ— æ³•åŠ è½½æ¨¡å—:Public

[ 2018-09-23T16:51:00+08:00 ] 127.0.0.1 /Public/home/asset/images/line.png
INFO: [ app_init ] --START--
INFO: Run Behavior\BuildLiteBehavior [ RunTime:0.000023s ]
INFO: [ app_init ] --END-- [ RunTime:0.001344s ]
ERR: æ— æ³•åŠ è½½æ¨¡å—:Public

[ 2018-09-23T16:51:35+08:00 ] 127.0.0.1 /Public/home/asset/images/line.png
INFO: [ app_init ] --START--
INFO: Run Behavior\BuildLiteBehavior [ RunTime:0.000025s ]
INFO: [ app_init ] --END-- [ RunTime:0.000804s ]
ERR: æ— æ³•åŠ è½½æ¨¡å—:Public

[ 2018-09-23T16:52:23+08:00 ] 127.0.0.1 /Public/home/asset/images/bg.jpg
INFO: [ app_init ] --START--
INFO: Run Behavior\BuildLiteBehavior [ RunTime:0.000130s ]
INFO: [ app_init ] --END-- [ RunTime:0.004227s ]
ERR: æ— æ³•åŠ è½½æ¨¡å—:Public

[ 2018-09-23T16:52:23+08:00 ] 127.0.0.1 /Public/home/asset/images/close.png
INFO: [ app_init ] --START--
INFO: Run Behavior\BuildLiteBehavior [ RunTime:0.000026s ]
INFO: [ app_init ] --END-- [ RunTime:0.001467s ]
ERR: æ— æ³•åŠ è½½æ¨¡å—:Public

[ 2018-09-23T16:52:45+08:00 ] 127.0.0.1 /Public/home/asset/images/line.png
INFO: [ app_init ] --START--
INFO: Run Behavior\BuildLiteBehavior [ RunTime:0.000025s ]
INFO: [ app_init ] --END-- [ RunTime:0.000984s ]
ERR: æ— æ³•åŠ è½½æ¨¡å—:Public

[ 2018-09-23T16:53:28+08:00 ] 127.0.0.1 /Public/home/asset/images/line.png
INFO: [ app_init ] --START--
INFO: Run Behavior\BuildLiteBehavior [ RunTime:0.000023s ]
INFO: [ app_init ] --END-- [ RunTime:0.000797s ]
ERR: æ— æ³•åŠ è½½æ¨¡å—:Public

[ 2018-09-23T16:53:28+08:00 ] 127.0.0.1 /index/order/ajaxorder_list
INFO: [ app_init ] --START--
INFO: Run Behavior\BuildLiteBehavior [ RunTime:0.000025s ]
INFO: [ app_init ] --END-- [ RunTime:0.000774s ]
ERR: æ— æ³•åŠ è½½æ¨¡å—:Index

[ 2018-09-23T16:53:28+08:00 ] 127.0.0.1 /index/order/get_price
INFO: [ app_init ] --START--
INFO: Run Behavior\BuildLiteBehavior [ RunTime:0.000080s ]
INFO: [ app_init ] --END-- [ RunTime:0.001157s ]
ERR: æ— æ³•åŠ è½½æ¨¡å—:Index

[ 2018-09-23T16:53:28+08:00 ] 127.0.0.1 /index/order/ajaxorder_list
INFO: [ app_init ] --START--
INFO: Run Behavior\BuildLiteBehavior [ RunTime:0.000015s ]
INFO: [ app_init ] --END-- [ RunTime:0.000533s ]
ERR: æ— æ³•åŠ è½½æ¨¡å—:Index

[ 2018-09-23T16:53:28+08:00 ] 127.0.0.1 /index/order/get_price
INFO: [ app_init ] --START--
INFO: Run Behavior\BuildLiteBehavior [ RunTime:0.000023s ]
INFO: [ app_init ] --END-- [ RunTime:0.000500s ]
ERR: æ— æ³•åŠ è½½æ¨¡å—:Index

[ 2018-09-23T16:53:29+08:00 ] 127.0.0.1 /index/order/orderlist?page=1
INFO: [ app_init ] --START--
INFO: Run Behavior\BuildLiteBehavior [ RunTime:0.000014s ]
INFO: [ app_init ] --END-- [ RunTime:0.000451s ]
ERR: æ— æ³•åŠ è½½æ¨¡å—:Index

[ 2018-09-23T16:53:30+08:00 ] 127.0.0.1 /index/order/get_price
INFO: [ app_init ] --START--
INFO: Run Behavior\BuildLiteBehavior [ RunTime:0.000013s ]
INFO: [ app_init ] --END-- [ RunTime:0.000544s ]
ERR: æ— æ³•åŠ è½½æ¨¡å—:Index

[ 2018-09-23T16:53:30+08:00 ] 127.0.0.1 /index/order/ajaxorder_list
INFO: [ app_init ] --START--
INFO: Run Behavior\BuildLiteBehavior [ RunTime:0.000014s ]
INFO: [ app_init ] --END-- [ RunTime:0.000546s ]
ERR: æ— æ³•åŠ è½½æ¨¡å—:Index

[ 2018-09-23T16:53:30+08:00 ] 127.0.0.1 /index/order/orderlist?page=1
INFO: [ app_init ] --START--
INFO: Run Behavior\BuildLiteBehavior [ RunTime:0.000022s ]
INFO: [ app_init ] --END-- [ RunTime:0.000668s ]
ERR: æ— æ³•åŠ è½½æ¨¡å—:Index

[ 2018-09-23T16:53:30+08:00 ] 127.0.0.1 /index/order/get_price
INFO: [ app_init ] --START--
INFO: Run Behavior\BuildLiteBehavior [ RunTime:0.000021s ]
INFO: [ app_init ] --END-- [ RunTime:0.000641s ]
ERR: æ— æ³•åŠ è½½æ¨¡å—:Index

[ 2018-09-23T16:53:30+08:00 ] 127.0.0.1 /index/order/ajaxorder_list
INFO: [ app_init ] --START--
INFO: Run Behavior\BuildLiteBehavior [ RunTime:0.000027s ]
INFO: [ app_init ] --END-- [ RunTime:0.000599s ]
ERR: æ— æ³•åŠ è½½æ¨¡å—:Index

[ 2018-09-23T16:53:31+08:00 ] 127.0.0.1 /index/order/orderlist?page=1
INFO: [ app_init ] --START--
INFO: Run Behavior\BuildLiteBehavior [ RunTime:0.000033s ]
INFO: [ app_init ] --END-- [ RunTime:0.000898s ]
ERR: æ— æ³•åŠ è½½æ¨¡å—:Index

[ 2018-09-23T16:53:32+08:00 ] 127.0.0.1 /index/order/ajaxorder_list
INFO: [ app_init ] --START--
INFO: Run Behavior\BuildLiteBehavior [ RunTime:0.000016s ]
INFO: [ app_init ] --END-- [ RunTime:0.000572s ]
ERR: æ— æ³•åŠ è½½æ¨¡å—:Index

[ 2018-09-23T16:53:32+08:00 ] 127.0.0.1 /index/order/get_price
INFO: [ app_init ] --START--
INFO: Run Behavior\BuildLiteBehavior [ RunTime:0.000018s ]
INFO: [ app_init ] --END-- [ RunTime:0.000685s ]
ERR: æ— æ³•åŠ è½½æ¨¡å—:Index

[ 2018-09-23T16:54:07+08:00 ] 127.0.0.1 /index/order/ajaxorder_list
INFO: [ app_init ] --START--
INFO: Run Behavior\BuildLiteBehavior [ RunTime:0.000020s ]
INFO: [ app_init ] --END-- [ RunTime:0.000730s ]
ERR: æ— æ³•åŠ è½½æ¨¡å—:Index

[ 2018-09-23T16:54:07+08:00 ] 127.0.0.1 /index/order/get_price
INFO: [ app_init ] --START--
INFO: Run Behavior\BuildLiteBehavior [ RunTime:0.000026s ]
INFO: [ app_init ] --END-- [ RunTime:0.000873s ]
ERR: æ— æ³•åŠ è½½æ¨¡å—:Index

[ 2018-09-23T16:54:07+08:00 ] 127.0.0.1 /Public/home/asset/images/line.png
INFO: [ app_init ] --START--
INFO: Run Behavior\BuildLiteBehavior [ RunTime:0.000027s ]
INFO: [ app_init ] --END-- [ RunTime:0.002363s ]
ERR: æ— æ³•åŠ è½½æ¨¡å—:Public

[ 2018-09-23T16:54:08+08:00 ] 127.0.0.1 /index/order/orderlist?page=1
INFO: [ app_init ] --START--
INFO: Run Behavior\BuildLiteBehavior [ RunTime:0.000015s ]
INFO: [ app_init ] --END-- [ RunTime:0.000455s ]
ERR: æ— æ³•åŠ è½½æ¨¡å—:Index

[ 2018-09-23T16:54:09+08:00 ] 127.0.0.1 /index/order/get_price
INFO: [ app_init ] --START--
INFO: Run Behavior\BuildLiteBehavior [ RunTime:0.000014s ]
INFO: [ app_init ] --END-- [ RunTime:0.000491s ]
ERR: æ— æ³•åŠ è½½æ¨¡å—:Index

[ 2018-09-23T16:54:09+08:00 ] 127.0.0.1 /index/order/ajaxorder_list
INFO: [ app_init ] --START--
INFO: Run Behavior\BuildLiteBehavior [ RunTime:0.000014s ]
INFO: [ app_init ] --END-- [ RunTime:0.000483s ]
ERR: æ— æ³•åŠ è½½æ¨¡å—:Index

[ 2018-09-23T16:54:10+08:00 ] 127.0.0.1 /index/order/orderlist?page=1
INFO: [ app_init ] --START--
INFO: Run Behavior\BuildLiteBehavior [ RunTime:0.000021s ]
INFO: [ app_init ] --END-- [ RunTime:0.000759s ]
ERR: æ— æ³•åŠ è½½æ¨¡å—:Index

[ 2018-09-23T16:54:10+08:00 ] 127.0.0.1 /index/order/get_price
INFO: [ app_init ] --START--
INFO: Run Behavior\BuildLiteBehavior [ RunTime:0.000022s ]
INFO: [ app_init ] --END-- [ RunTime:0.000664s ]
ERR: æ— æ³•åŠ è½½æ¨¡å—:Index

[ 2018-09-23T16:54:10+08:00 ] 127.0.0.1 /index/order/ajaxorder_list
INFO: [ app_init ] --START--
INFO: Run Behavior\BuildLiteBehavior [ RunTime:0.000017s ]
INFO: [ app_init ] --END-- [ RunTime:0.000808s ]
ERR: æ— æ³•åŠ è½½æ¨¡å—:Index

[ 2018-09-23T16:54:10+08:00 ] 127.0.0.1 /index/order/orderlist?page=1
INFO: [ app_init ] --START--
INFO: Run Behavior\BuildLiteBehavior [ RunTime:0.000014s ]
INFO: [ app_init ] --END-- [ RunTime:0.000536s ]
ERR: æ— æ³•åŠ è½½æ¨¡å—:Index

[ 2018-09-23T16:54:11+08:00 ] 127.0.0.1 /index/order/get_price
INFO: [ app_init ] --START--
INFO: Run Behavior\BuildLiteBehavior [ RunTime:0.000044s ]
INFO: [ app_init ] --END-- [ RunTime:0.001055s ]
ERR: æ— æ³•åŠ è½½æ¨¡å—:Index

[ 2018-09-23T16:54:11+08:00 ] 127.0.0.1 /index/order/ajaxorder_list
INFO: [ app_init ] --START--
INFO: Run Behavior\BuildLiteBehavior [ RunTime:0.000025s ]
INFO: [ app_init ] --END-- [ RunTime:0.002001s ]
ERR: æ— æ³•åŠ è½½æ¨¡å—:Index

[ 2018-09-23T16:54:11+08:00 ] 127.0.0.1 /index/order/orderlist?page=1
INFO: [ app_init ] --START--
INFO: Run Behavior\BuildLiteBehavior [ RunTime:0.000013s ]
INFO: [ app_init ] --END-- [ RunTime:0.000455s ]
ERR: æ— æ³•åŠ è½½æ¨¡å—:Index

[ 2018-09-23T16:54:47+08:00 ] 127.0.0.1 /Public/home/asset/images/line.png
INFO: [ app_init ] --START--
INFO: Run Behavior\BuildLiteBehavior [ RunTime:0.000020s ]
INFO: [ app_init ] --END-- [ RunTime:0.000674s ]
ERR: æ— æ³•åŠ è½½æ¨¡å—:Public

[ 2018-09-23T16:54:47+08:00 ] 127.0.0.1 /index/order/get_price
INFO: [ app_init ] --START--
INFO: Run Behavior\BuildLiteBehavior [ RunTime:0.000042s ]
INFO: [ app_init ] --END-- [ RunTime:0.001117s ]
ERR: æ— æ³•åŠ è½½æ¨¡å—:Index

[ 2018-09-23T16:54:47+08:00 ] 127.0.0.1 /index/order/ajaxorder_list
INFO: [ app_init ] --START--
INFO: Run Behavior\BuildLiteBehavior [ RunTime:0.000796s ]
INFO: [ app_init ] --END-- [ RunTime:0.006179s ]
ERR: æ— æ³•åŠ è½½æ¨¡å—:Index

[ 2018-09-23T16:55:48+08:00 ] 127.0.0.1 /index/order/ajaxorder_list
INFO: [ app_init ] --START--
INFO: Run Behavior\BuildLiteBehavior [ RunTime:0.000022s ]
INFO: [ app_init ] --END-- [ RunTime:0.000670s ]
ERR: æ— æ³•åŠ è½½æ¨¡å—:Index

[ 2018-09-23T16:55:48+08:00 ] 127.0.0.1 /Public/home/asset/images/line.png
INFO: [ app_init ] --START--
INFO: Run Behavior\BuildLiteBehavior [ RunTime:0.000021s ]
INFO: [ app_init ] --END-- [ RunTime:0.000952s ]
ERR: æ— æ³•åŠ è½½æ¨¡å—:Public

[ 2018-09-23T16:55:48+08:00 ] 127.0.0.1 /index/order/get_price
INFO: [ app_init ] --START--
INFO: Run Behavior\BuildLiteBehavior [ RunTime:0.000025s ]
INFO: [ app_init ] --END-- [ RunTime:0.002407s ]
ERR: æ— æ³•åŠ è½½æ¨¡å—:Index

[ 2018-09-23T16:55:49+08:00 ] 127.0.0.1 /index/order/orderlist?page=1
INFO: [ app_init ] --START--
INFO: Run Behavior\BuildLiteBehavior [ RunTime:0.000016s ]
INFO: [ app_init ] --END-- [ RunTime:0.000597s ]
ERR: æ— æ³•åŠ è½½æ¨¡å—:Index

[ 2018-09-23T16:55:50+08:00 ] 127.0.0.1 /index/order/ajaxorder_list
INFO: [ app_init ] --START--
INFO: Run Behavior\BuildLiteBehavior [ RunTime:0.000014s ]
INFO: [ app_init ] --END-- [ RunTime:0.000494s ]
ERR: æ— æ³•åŠ è½½æ¨¡å—:Index

[ 2018-09-23T16:55:50+08:00 ] 127.0.0.1 /index/order/get_price
INFO: [ app_init ] --START--
INFO: Run Behavior\BuildLiteBehavior [ RunTime:0.000013s ]
INFO: [ app_init ] --END-- [ RunTime:0.000481s ]
ERR: æ— æ³•åŠ è½½æ¨¡å—:Index

[ 2018-09-23T16:55:51+08:00 ] 127.0.0.1 /index/order/ajaxorder_list
INFO: [ app_init ] --START--
INFO: Run Behavior\BuildLiteBehavior [ RunTime:0.000014s ]
INFO: [ app_init ] --END-- [ RunTime:0.000536s ]
ERR: æ— æ³•åŠ è½½æ¨¡å—:Index

[ 2018-09-23T16:55:52+08:00 ] 127.0.0.1 /index/order/orderlist?page=1
INFO: [ app_init ] --START--
INFO: Run Behavior\BuildLiteBehavior [ RunTime:0.000014s ]
INFO: [ app_init ] --END-- [ RunTime:0.000532s ]
ERR: æ— æ³•åŠ è½½æ¨¡å—:Index

[ 2018-09-23T16:56:00+08:00 ] 127.0.0.1 /index/order/get_price
INFO: [ app_init ] --START--
INFO: Run Behavior\BuildLiteBehavior [ RunTime:0.000021s ]
INFO: [ app_init ] --END-- [ RunTime:0.002088s ]
ERR: æ— æ³•åŠ è½½æ¨¡å—:Index

[ 2018-09-23T16:56:00+08:00 ] 127.0.0.1 /index/order/ajaxorder_list
INFO: [ app_init ] --START--
INFO: Run Behavior\BuildLiteBehavior [ RunTime:0.000022s ]
INFO: [ app_init ] --END-- [ RunTime:0.000657s ]
ERR: æ— æ³•åŠ è½½æ¨¡å—:Index

[ 2018-09-23T16:56:00+08:00 ] 127.0.0.1 /Public/home/asset/images/line.png
INFO: [ app_init ] --START--
INFO: Run Behavior\BuildLiteBehavior [ RunTime:0.000023s ]
INFO: [ app_init ] --END-- [ RunTime:0.001347s ]
ERR: æ— æ³•åŠ è½½æ¨¡å—:Public

[ 2018-09-23T16:56:01+08:00 ] 127.0.0.1 /index/order/orderlist?page=1
INFO: [ app_init ] --START--
INFO: Run Behavior\BuildLiteBehavior [ RunTime:0.000013s ]
INFO: [ app_init ] --END-- [ RunTime:0.000446s ]
ERR: æ— æ³•åŠ è½½æ¨¡å—:Index

[ 2018-09-23T16:56:01+08:00 ] 127.0.0.1 /index/order/ajaxorder_list
INFO: [ app_init ] --START--
INFO: Run Behavior\BuildLiteBehavior [ RunTime:0.000021s ]
INFO: [ app_init ] --END-- [ RunTime:0.000585s ]
ERR: æ— æ³•åŠ è½½æ¨¡å—:Index

[ 2018-09-23T16:56:01+08:00 ] 127.0.0.1 /index/order/get_price
INFO: [ app_init ] --START--
INFO: Run Behavior\BuildLiteBehavior [ RunTime:0.000015s ]
INFO: [ app_init ] --END-- [ RunTime:0.000549s ]
ERR: æ— æ³•åŠ è½½æ¨¡å—:Index

[ 2018-09-23T16:56:02+08:00 ] 127.0.0.1 /index/order/orderlist?page=1
INFO: [ app_init ] --START--
INFO: Run Behavior\BuildLiteBehavior [ RunTime:0.000014s ]
INFO: [ app_init ] --END-- [ RunTime:0.000448s ]
ERR: æ— æ³•åŠ è½½æ¨¡å—:Index

[ 2018-09-23T16:56:02+08:00 ] 127.0.0.1 /index/order/get_price
INFO: [ app_init ] --START--
INFO: Run Behavior\BuildLiteBehavior [ RunTime:0.000016s ]
INFO: [ app_init ] --END-- [ RunTime:0.000715s ]
ERR: æ— æ³•åŠ è½½æ¨¡å—:Index

[ 2018-09-23T16:56:02+08:00 ] 127.0.0.1 /index/order/ajaxorder_list
INFO: [ app_init ] --START--
INFO: Run Behavior\BuildLiteBehavior [ RunTime:0.000020s ]
INFO: [ app_init ] --END-- [ RunTime:0.000523s ]
ERR: æ— æ³•åŠ è½½æ¨¡å—:Index

[ 2018-09-23T16:56:02+08:00 ] 127.0.0.1 /index/order/orderlist?page=1
INFO: [ app_init ] --START--
INFO: Run Behavior\BuildLiteBehavior [ RunTime:0.000015s ]
INFO: [ app_init ] --END-- [ RunTime:0.000552s ]
ERR: æ— æ³•åŠ è½½æ¨¡å—:Index

[ 2018-09-23T16:56:02+08:00 ] 127.0.0.1 /index/order/get_price
INFO: [ app_init ] --START--
INFO: Run Behavior\BuildLiteBehavior [ RunTime:0.000014s ]
INFO: [ app_init ] --END-- [ RunTime:0.000482s ]
ERR: æ— æ³•åŠ è½½æ¨¡å—:Index

[ 2018-09-23T16:56:02+08:00 ] 127.0.0.1 /index/order/ajaxorder_list
INFO: [ app_init ] --START--
INFO: Run Behavior\BuildLiteBehavior [ RunTime:0.000014s ]
INFO: [ app_init ] --END-- [ RunTime:0.000528s ]
ERR: æ— æ³•åŠ è½½æ¨¡å—:Index

[ 2018-09-23T16:56:03+08:00 ] 127.0.0.1 /index/order/orderlist?page=1
INFO: [ app_init ] --START--
INFO: Run Behavior\BuildLiteBehavior [ RunTime:0.000015s ]
INFO: [ app_init ] --END-- [ RunTime:0.000465s ]
ERR: æ— æ³•åŠ è½½æ¨¡å—:Index

[ 2018-09-23T16:56:40+08:00 ] 127.0.0.1 /index/order/get_price
INFO: [ app_init ] --START--
INFO: Run Behavior\BuildLiteBehavior [ RunTime:0.000021s ]
INFO: [ app_init ] --END-- [ RunTime:0.000677s ]
ERR: æ— æ³•åŠ è½½æ¨¡å—:Index

[ 2018-09-23T16:56:40+08:00 ] 127.0.0.1 /Public/home/asset/images/line.png
INFO: [ app_init ] --START--
INFO: Run Behavior\BuildLiteBehavior [ RunTime:0.000020s ]
INFO: [ app_init ] --END-- [ RunTime:0.000680s ]
ERR: æ— æ³•åŠ è½½æ¨¡å—:Public

[ 2018-09-23T16:56:40+08:00 ] 127.0.0.1 /index/order/ajaxorder_list
INFO: [ app_init ] --START--
INFO: Run Behavior\BuildLiteBehavior [ RunTime:0.000022s ]
INFO: [ app_init ] --END-- [ RunTime:0.000988s ]
ERR: æ— æ³•åŠ è½½æ¨¡å—:Index

[ 2018-09-23T17:00:46+08:00 ] 127.0.0.1 /index/order/get_price
INFO: [ app_init ] --START--
INFO: Run Behavior\BuildLiteBehavior [ RunTime:0.000023s ]
INFO: [ app_init ] --END-- [ RunTime:0.000881s ]
ERR: æ— æ³•åŠ è½½æ¨¡å—:Index

[ 2018-09-23T17:00:46+08:00 ] 127.0.0.1 /Public/home/asset/images/line.png
INFO: [ app_init ] --START--
INFO: Run Behavior\BuildLiteBehavior [ RunTime:0.000023s ]
INFO: [ app_init ] --END-- [ RunTime:0.000739s ]
ERR: æ— æ³•åŠ è½½æ¨¡å—:Public

[ 2018-09-23T17:00:46+08:00 ] 127.0.0.1 /index/order/ajaxorder_list
INFO: [ app_init ] --START--
INFO: Run Behavior\BuildLiteBehavior [ RunTime:0.000022s ]
INFO: [ app_init ] --END-- [ RunTime:0.000922s ]
ERR: æ— æ³•åŠ è½½æ¨¡å—:Index

[ 2018-09-23T17:01:41+08:00 ] 127.0.0.1 /Public/home/asset/images/line.png
INFO: [ app_init ] --START--
INFO: Run Behavior\BuildLiteBehavior [ RunTime:0.000022s ]
INFO: [ app_init ] --END-- [ RunTime:0.000770s ]
ERR: æ— æ³•åŠ è½½æ¨¡å—:Public

[ 2018-09-23T17:01:41+08:00 ] 127.0.0.1 /index/order/get_price
INFO: [ app_init ] --START--
INFO: Run Behavior\BuildLiteBehavior [ RunTime:0.000021s ]
INFO: [ app_init ] --END-- [ RunTime:0.000899s ]
ERR: æ— æ³•åŠ è½½æ¨¡å—:Index

[ 2018-09-23T17:01:41+08:00 ] 127.0.0.1 /index/order/ajaxorder_list
INFO: [ app_init ] --START--
INFO: Run Behavior\BuildLiteBehavior [ RunTime:0.000025s ]
INFO: [ app_init ] --END-- [ RunTime:0.000817s ]
ERR: æ— æ³•åŠ è½½æ¨¡å—:Index

[ 2018-09-23T17:01:42+08:00 ] 127.0.0.1 /Public/home/asset/images/line.png
INFO: [ app_init ] --START--
INFO: Run Behavior\BuildLiteBehavior [ RunTime:0.000016s ]
INFO: [ app_init ] --END-- [ RunTime:0.000663s ]
ERR: æ— æ³•åŠ è½½æ¨¡å—:Public

[ 2018-09-23T17:03:05+08:00 ] 127.0.0.1 /Public/home/asset/images/line.png
INFO: [ app_init ] --START--
INFO: Run Behavior\BuildLiteBehavior [ RunTime:0.000015s ]
INFO: [ app_init ] --END-- [ RunTime:0.000510s ]
ERR: æ— æ³•åŠ è½½æ¨¡å—:Public

[ 2018-09-23T17:03:08+08:00 ] 127.0.0.1 /Public/home/asset/images/line.png
INFO: [ app_init ] --START--
INFO: Run Behavior\BuildLiteBehavior [ RunTime:0.000037s ]
INFO: [ app_init ] --END-- [ RunTime:0.000943s ]
ERR: æ— æ³•åŠ è½½æ¨¡å—:Public

[ 2018-09-23T17:03:08+08:00 ] 127.0.0.1 /index/order/get_price
INFO: [ app_init ] --START--
INFO: Run Behavior\BuildLiteBehavior [ RunTime:0.000028s ]
INFO: [ app_init ] --END-- [ RunTime:0.000923s ]
ERR: æ— æ³•åŠ è½½æ¨¡å—:Index

[ 2018-09-23T17:03:08+08:00 ] 127.0.0.1 /index/order/ajaxorder_list
INFO: [ app_init ] --START--
INFO: Run Behavior\BuildLiteBehavior [ RunTime:0.000018s ]
INFO: [ app_init ] --END-- [ RunTime:0.000945s ]
ERR: æ— æ³•åŠ è½½æ¨¡å—:Index

[ 2018-09-23T17:04:05+08:00 ] 127.0.0.1 /index/order/orderlist?page=1
INFO: [ app_init ] --START--
INFO: Run Behavior\BuildLiteBehavior [ RunTime:0.000015s ]
INFO: [ app_init ] --END-- [ RunTime:0.000512s ]
ERR: æ— æ³•åŠ è½½æ¨¡å—:Index

[ 2018-09-23T17:04:05+08:00 ] 127.0.0.1 /index/order/get_price
INFO: [ app_init ] --START--
INFO: Run Behavior\BuildLiteBehavior [ RunTime:0.000020s ]
INFO: [ app_init ] --END-- [ RunTime:0.000630s ]
ERR: æ— æ³•åŠ è½½æ¨¡å—:Index

[ 2018-09-23T17:04:05+08:00 ] 127.0.0.1 /index/order/ajaxorder_list
INFO: [ app_init ] --START--
INFO: Run Behavior\BuildLiteBehavior [ RunTime:0.000015s ]
INFO: [ app_init ] --END-- [ RunTime:0.000710s ]
ERR: æ— æ³•åŠ è½½æ¨¡å—:Index

[ 2018-09-23T17:04:06+08:00 ] 127.0.0.1 /index/order/orderlist?page=1
INFO: [ app_init ] --START--
INFO: Run Behavior\BuildLiteBehavior [ RunTime:0.000014s ]
INFO: [ app_init ] --END-- [ RunTime:0.000458s ]
ERR: æ— æ³•åŠ è½½æ¨¡å—:Index

[ 2018-09-23T17:18:16+08:00 ] 127.0.0.1 /Public/home/asset/images/line.png
INFO: [ app_init ] --START--
INFO: Run Behavior\BuildLiteBehavior [ RunTime:0.000025s ]
INFO: [ app_init ] --END-- [ RunTime:0.000746s ]
ERR: æ— æ³•åŠ è½½æ¨¡å—:Public

[ 2018-09-23T17:18:18+08:00 ] 127.0.0.1 /index/order/ajaxorder_list
INFO: [ app_init ] --START--
INFO: Run Behavior\BuildLiteBehavior [ RunTime:0.000022s ]
INFO: [ app_init ] --END-- [ RunTime:0.000644s ]
ERR: æ— æ³•åŠ è½½æ¨¡å—:Index

[ 2018-09-23T17:18:18+08:00 ] 127.0.0.1 /index/order/get_price
INFO: [ app_init ] --START--
INFO: Run Behavior\BuildLiteBehavior [ RunTime:0.000022s ]
INFO: [ app_init ] --END-- [ RunTime:0.000811s ]
ERR: æ— æ³•åŠ è½½æ¨¡å—:Index

[ 2018-09-23T17:18:18+08:00 ] 127.0.0.1 /Public/home/asset/images/line.png
INFO: [ app_init ] --START--
INFO: Run Behavior\BuildLiteBehavior [ RunTime:0.000028s ]
INFO: [ app_init ] --END-- [ RunTime:0.001124s ]
ERR: æ— æ³•åŠ è½½æ¨¡å—:Public

[ 2018-09-23T17:19:38+08:00 ] 127.0.0.1 /index/order/orderlist?page=1
INFO: [ app_init ] --START--
INFO: Run Behavior\BuildLiteBehavior [ RunTime:0.000014s ]
INFO: [ app_init ] --END-- [ RunTime:0.000452s ]
ERR: æ— æ³•åŠ è½½æ¨¡å—:Index

[ 2018-09-23T17:19:39+08:00 ] 127.0.0.1 /index/order/ajaxorder_list
INFO: [ app_init ] --START--
INFO: Run Behavior\BuildLiteBehavior [ RunTime:0.000015s ]
INFO: [ app_init ] --END-- [ RunTime:0.000638s ]
ERR: æ— æ³•åŠ è½½æ¨¡å—:Index

[ 2018-09-23T17:19:39+08:00 ] 127.0.0.1 /index/order/get_price
INFO: [ app_init ] --START--
INFO: Run Behavior\BuildLiteBehavior [ RunTime:0.000024s ]
INFO: [ app_init ] --END-- [ RunTime:0.000837s ]
ERR: æ— æ³•åŠ è½½æ¨¡å—:Index

[ 2018-09-23T17:19:40+08:00 ] 127.0.0.1 /index/order/orderlist?page=1
INFO: [ app_init ] --START--
INFO: Run Behavior\BuildLiteBehavior [ RunTime:0.000014s ]
INFO: [ app_init ] --END-- [ RunTime:0.000469s ]
ERR: æ— æ³•åŠ è½½æ¨¡å—:Index

[ 2018-09-23T17:19:41+08:00 ] 127.0.0.1 /index/order/get_price
INFO: [ app_init ] --START--
INFO: Run Behavior\BuildLiteBehavior [ RunTime:0.000022s ]
INFO: [ app_init ] --END-- [ RunTime:0.000612s ]
ERR: æ— æ³•åŠ è½½æ¨¡å—:Index

[ 2018-09-23T17:19:41+08:00 ] 127.0.0.1 /index/order/ajaxorder_list
INFO: [ app_init ] --START--
INFO: Run Behavior\BuildLiteBehavior [ RunTime:0.000014s ]
INFO: [ app_init ] --END-- [ RunTime:0.000516s ]
ERR: æ— æ³•åŠ è½½æ¨¡å—:Index

[ 2018-09-23T17:19:44+08:00 ] 127.0.0.1 /index/order/orderlist?page=1
INFO: [ app_init ] --START--
INFO: Run Behavior\BuildLiteBehavior [ RunTime:0.000014s ]
INFO: [ app_init ] --END-- [ RunTime:0.000451s ]
ERR: æ— æ³•åŠ è½½æ¨¡å—:Index

[ 2018-09-23T17:19:44+08:00 ] 127.0.0.1 /index/order/ajaxorder_list
INFO: [ app_init ] --START--
INFO: Run Behavior\BuildLiteBehavior [ RunTime:0.000014s ]
INFO: [ app_init ] --END-- [ RunTime:0.000477s ]
ERR: æ— æ³•åŠ è½½æ¨¡å—:Index

[ 2018-09-23T17:19:44+08:00 ] 127.0.0.1 /index/order/get_price
INFO: [ app_init ] --START--
INFO: Run Behavior\BuildLiteBehavior [ RunTime:0.000014s ]
INFO: [ app_init ] --END-- [ RunTime:0.000467s ]
ERR: æ— æ³•åŠ è½½æ¨¡å—:Index

[ 2018-09-23T17:19:45+08:00 ] 127.0.0.1 /index/order/orderlist?page=1
INFO: [ app_init ] --START--
INFO: Run Behavior\BuildLiteBehavior [ RunTime:0.000013s ]
INFO: [ app_init ] --END-- [ RunTime:0.000617s ]
ERR: æ— æ³•åŠ è½½æ¨¡å—:Index

[ 2018-09-23T17:19:56+08:00 ] 127.0.0.1 /index/order/ajaxorder_list
INFO: [ app_init ] --START--
INFO: Run Behavior\BuildLiteBehavior [ RunTime:0.000015s ]
INFO: [ app_init ] --END-- [ RunTime:0.000509s ]
ERR: æ— æ³•åŠ è½½æ¨¡å—:Index

[ 2018-09-23T17:19:56+08:00 ] 127.0.0.1 /index/order/get_price
INFO: [ app_init ] --START--
INFO: Run Behavior\BuildLiteBehavior [ RunTime:0.000014s ]
INFO: [ app_init ] --END-- [ RunTime:0.000493s ]
ERR: æ— æ³•åŠ è½½æ¨¡å—:Index

[ 2018-09-23T17:19:57+08:00 ] 127.0.0.1 /index/order/orderlist?page=1
INFO: [ app_init ] --START--
INFO: Run Behavior\BuildLiteBehavior [ RunTime:0.000014s ]
INFO: [ app_init ] --END-- [ RunTime:0.000450s ]
ERR: æ— æ³•åŠ è½½æ¨¡å—:Index

[ 2018-09-23T17:19:57+08:00 ] 127.0.0.1 /index/order/ajaxorder_list
INFO: [ app_init ] --START--
INFO: Run Behavior\BuildLiteBehavior [ RunTime:0.000014s ]
INFO: [ app_init ] --END-- [ RunTime:0.000478s ]
ERR: æ— æ³•åŠ è½½æ¨¡å—:Index

[ 2018-09-23T17:19:57+08:00 ] 127.0.0.1 /index/order/get_price
INFO: [ app_init ] --START--
INFO: Run Behavior\BuildLiteBehavior [ RunTime:0.000026s ]
INFO: [ app_init ] --END-- [ RunTime:0.000683s ]
ERR: æ— æ³•åŠ è½½æ¨¡å—:Index

[ 2018-09-23T17:19:58+08:00 ] 127.0.0.1 /index/order/orderlist?page=1
INFO: [ app_init ] --START--
INFO: Run Behavior\BuildLiteBehavior [ RunTime:0.000014s ]
INFO: [ app_init ] --END-- [ RunTime:0.000490s ]
ERR: æ— æ³•åŠ è½½æ¨¡å—:Index

[ 2018-09-23T17:20:02+08:00 ] 127.0.0.1 /index/order/orderlist?page=1
INFO: [ app_init ] --START--
INFO: Run Behavior\BuildLiteBehavior [ RunTime:0.000015s ]
INFO: [ app_init ] --END-- [ RunTime:0.000485s ]
ERR: æ— æ³•åŠ è½½æ¨¡å—:Index

[ 2018-09-23T17:20:03+08:00 ] 127.0.0.1 /index/order/get_price
INFO: [ app_init ] --START--
INFO: Run Behavior\BuildLiteBehavior [ RunTime:0.000015s ]
INFO: [ app_init ] --END-- [ RunTime:0.000532s ]
ERR: æ— æ³•åŠ è½½æ¨¡å—:Index

[ 2018-09-23T17:20:03+08:00 ] 127.0.0.1 /index/order/ajaxorder_list
INFO: [ app_init ] --START--
INFO: Run Behavior\BuildLiteBehavior [ RunTime:0.000014s ]
INFO: [ app_init ] --END-- [ RunTime:0.000480s ]
ERR: æ— æ³•åŠ è½½æ¨¡å—:Index

[ 2018-09-23T17:20:03+08:00 ] 127.0.0.1 /index/order/orderlist?page=1
INFO: [ app_init ] --START--
INFO: Run Behavior\BuildLiteBehavior [ RunTime:0.000015s ]
INFO: [ app_init ] --END-- [ RunTime:0.000636s ]
ERR: æ— æ³•åŠ è½½æ¨¡å—:Index

[ 2018-09-23T17:20:48+08:00 ] 127.0.0.1 /index/order/get_price
INFO: [ app_init ] --START--
INFO: Run Behavior\BuildLiteBehavior [ RunTime:0.000023s ]
INFO: [ app_init ] --END-- [ RunTime:0.000727s ]
ERR: æ— æ³•åŠ è½½æ¨¡å—:Index

[ 2018-09-23T17:20:48+08:00 ] 127.0.0.1 /index/order/ajaxorder_list
INFO: [ app_init ] --START--
INFO: Run Behavior\BuildLiteBehavior [ RunTime:0.000024s ]
INFO: [ app_init ] --END-- [ RunTime:0.001244s ]
ERR: æ— æ³•åŠ è½½æ¨¡å—:Index

[ 2018-09-23T17:20:48+08:00 ] 127.0.0.1 /Public/home/asset/images/line.png
INFO: [ app_init ] --START--
INFO: Run Behavior\BuildLiteBehavior [ RunTime:0.000015s ]
INFO: [ app_init ] --END-- [ RunTime:0.000587s ]
ERR: æ— æ³•åŠ è½½æ¨¡å—:Public

[ 2018-09-23T17:22:57+08:00 ] 127.0.0.1 /Public/home/asset/images/line.png
INFO: [ app_init ] --START--
INFO: Run Behavior\BuildLiteBehavior [ RunTime:0.000017s ]
INFO: [ app_init ] --END-- [ RunTime:0.000709s ]
ERR: æ— æ³•åŠ è½½æ¨¡å—:Public

[ 2018-09-23T17:22:57+08:00 ] 127.0.0.1 /index/order/ajaxorder_list
INFO: [ app_init ] --START--
INFO: Run Behavior\BuildLiteBehavior [ RunTime:0.000021s ]
INFO: [ app_init ] --END-- [ RunTime:0.000691s ]
ERR: æ— æ³•åŠ è½½æ¨¡å—:Index

[ 2018-09-23T17:22:57+08:00 ] 127.0.0.1 /index/order/get_price
INFO: [ app_init ] --START--
INFO: Run Behavior\BuildLiteBehavior [ RunTime:0.000029s ]
INFO: [ app_init ] --END-- [ RunTime:0.001637s ]
ERR: æ— æ³•åŠ è½½æ¨¡å—:Index

[ 2018-09-23T17:25:41+08:00 ] 127.0.0.1 /index/order/get_price
INFO: [ app_init ] --START--
INFO: Run Behavior\BuildLiteBehavior [ RunTime:0.000022s ]
INFO: [ app_init ] --END-- [ RunTime:0.000716s ]
ERR: æ— æ³•åŠ è½½æ¨¡å—:Index

[ 2018-09-23T17:25:41+08:00 ] 127.0.0.1 /index/order/ajaxorder_list
INFO: [ app_init ] --START--
INFO: Run Behavior\BuildLiteBehavior [ RunTime:0.000021s ]
INFO: [ app_init ] --END-- [ RunTime:0.000908s ]
ERR: æ— æ³•åŠ è½½æ¨¡å—:Index

[ 2018-09-23T17:25:41+08:00 ] 127.0.0.1 /Public/home/asset/images/line.png
INFO: [ app_init ] --START--
INFO: Run Behavior\BuildLiteBehavior [ RunTime:0.000018s ]
INFO: [ app_init ] --END-- [ RunTime:0.000809s ]
ERR: æ— æ³•åŠ è½½æ¨¡å—:Public

[ 2018-09-23T17:26:08+08:00 ] 127.0.0.1 /index/order/ajaxorder_list
INFO: [ app_init ] --START--
INFO: Run Behavior\BuildLiteBehavior [ RunTime:0.000024s ]
INFO: [ app_init ] --END-- [ RunTime:0.000742s ]
ERR: æ— æ³•åŠ è½½æ¨¡å—:Index

[ 2018-09-23T17:26:08+08:00 ] 127.0.0.1 /index/order/get_price
INFO: [ app_init ] --START--
INFO: Run Behavior\BuildLiteBehavior [ RunTime:0.000024s ]
INFO: [ app_init ] --END-- [ RunTime:0.001012s ]
ERR: æ— æ³•åŠ è½½æ¨¡å—:Index

[ 2018-09-23T17:26:08+08:00 ] 127.0.0.1 /Public/home/asset/images/line.png
INFO: [ app_init ] --START--
INFO: Run Behavior\BuildLiteBehavior [ RunTime:0.000022s ]
INFO: [ app_init ] --END-- [ RunTime:0.000991s ]
ERR: æ— æ³•åŠ è½½æ¨¡å—:Public

[ 2018-09-23T17:27:53+08:00 ] 127.0.0.1 /Public/home/asset/images/line.png
INFO: [ app_init ] --START--
INFO: Run Behavior\BuildLiteBehavior [ RunTime:0.000018s ]
INFO: [ app_init ] --END-- [ RunTime:0.000634s ]
ERR: æ— æ³•åŠ è½½æ¨¡å—:Public

[ 2018-09-23T17:27:53+08:00 ] 127.0.0.1 /index/order/get_price
INFO: [ app_init ] --START--
INFO: Run Behavior\BuildLiteBehavior [ RunTime:0.000020s ]
INFO: [ app_init ] --END-- [ RunTime:0.000802s ]
ERR: æ— æ³•åŠ è½½æ¨¡å—:Index

[ 2018-09-23T17:27:53+08:00 ] 127.0.0.1 /index/order/ajaxorder_list
INFO: [ app_init ] --START--
INFO: Run Behavior\BuildLiteBehavior [ RunTime:0.000060s ]
INFO: [ app_init ] --END-- [ RunTime:0.001059s ]
ERR: æ— æ³•åŠ è½½æ¨¡å—:Index

[ 2018-09-23T17:29:31+08:00 ] 127.0.0.1 /index/order/get_price
INFO: [ app_init ] --START--
INFO: Run Behavior\BuildLiteBehavior [ RunTime:0.000022s ]
INFO: [ app_init ] --END-- [ RunTime:0.000677s ]
ERR: æ— æ³•åŠ è½½æ¨¡å—:Index

[ 2018-09-23T17:29:31+08:00 ] 127.0.0.1 /Public/home/asset/images/line.png
INFO: [ app_init ] --START--
INFO: Run Behavior\BuildLiteBehavior [ RunTime:0.000021s ]
INFO: [ app_init ] --END-- [ RunTime:0.000827s ]
ERR: æ— æ³•åŠ è½½æ¨¡å—:Public

[ 2018-09-23T17:29:31+08:00 ] 127.0.0.1 /index/order/ajaxorder_list
INFO: [ app_init ] --START--
INFO: Run Behavior\BuildLiteBehavior [ RunTime:0.000066s ]
INFO: [ app_init ] --END-- [ RunTime:0.003669s ]
ERR: æ— æ³•åŠ è½½æ¨¡å—:Index

[ 2018-09-23T17:36:11+08:00 ] 127.0.0.1 /Public/home/asset/images/line.png
INFO: [ app_init ] --START--
INFO: Run Behavior\BuildLiteBehavior [ RunTime:0.000185s ]
INFO: [ app_init ] --END-- [ RunTime:0.002163s ]
ERR: æ— æ³•åŠ è½½æ¨¡å—:Public

[ 2018-09-23T17:36:11+08:00 ] 127.0.0.1 /index/order/get_price
INFO: [ app_init ] --START--
INFO: Run Behavior\BuildLiteBehavior [ RunTime:0.000023s ]
INFO: [ app_init ] --END-- [ RunTime:0.000891s ]
ERR: æ— æ³•åŠ è½½æ¨¡å—:Index

[ 2018-09-23T17:36:11+08:00 ] 127.0.0.1 /index/order/ajaxorder_list
INFO: [ app_init ] --START--
INFO: Run Behavior\BuildLiteBehavior [ RunTime:0.000032s ]
INFO: [ app_init ] --END-- [ RunTime:0.001284s ]
ERR: æ— æ³•åŠ è½½æ¨¡å—:Index

[ 2018-09-23T17:38:46+08:00 ] 127.0.0.1 /index/order/get_price
INFO: [ app_init ] --START--
INFO: Run Behavior\BuildLiteBehavior [ RunTime:0.000022s ]
INFO: [ app_init ] --END-- [ RunTime:0.001520s ]
ERR: æ— æ³•åŠ è½½æ¨¡å—:Index

[ 2018-09-23T17:38:46+08:00 ] 127.0.0.1 /index/order/ajaxorder_list
INFO: [ app_init ] --START--
INFO: Run Behavior\BuildLiteBehavior [ RunTime:0.000107s ]
INFO: [ app_init ] --END-- [ RunTime:0.001182s ]
ERR: æ— æ³•åŠ è½½æ¨¡å—:Index

[ 2018-09-23T17:38:46+08:00 ] 127.0.0.1 /Public/home/asset/images/line.png
INFO: [ app_init ] --START--
INFO: Run Behavior\BuildLiteBehavior [ RunTime:0.000021s ]
INFO: [ app_init ] --END-- [ RunTime:0.000975s ]
ERR: æ— æ³•åŠ è½½æ¨¡å—:Public

[ 2018-09-23T17:38:48+08:00 ] 127.0.0.1 /index/order/orderlist?page=1
INFO: [ app_init ] --START--
INFO: Run Behavior\BuildLiteBehavior [ RunTime:0.000014s ]
INFO: [ app_init ] --END-- [ RunTime:0.000498s ]
ERR: æ— æ³•åŠ è½½æ¨¡å—:Index

[ 2018-09-23T17:38:48+08:00 ] 127.0.0.1 /index/order/orderlist?page=1
INFO: [ app_init ] --START--
INFO: Run Behavior\BuildLiteBehavior [ RunTime:0.000015s ]
INFO: [ app_init ] --END-- [ RunTime:0.000519s ]
ERR: æ— æ³•åŠ è½½æ¨¡å—:Index

[ 2018-09-23T17:38:49+08:00 ] 127.0.0.1 /index/order/orderlist?page=1
INFO: [ app_init ] --START--
INFO: Run Behavior\BuildLiteBehavior [ RunTime:0.000019s ]
INFO: [ app_init ] --END-- [ RunTime:0.000594s ]
ERR: æ— æ³•åŠ è½½æ¨¡å—:Index

[ 2018-09-23T17:38:50+08:00 ] 127.0.0.1 /index/order/get_price
INFO: [ app_init ] --START--
INFO: Run Behavior\BuildLiteBehavior [ RunTime:0.000022s ]
INFO: [ app_init ] --END-- [ RunTime:0.000703s ]
ERR: æ— æ³•åŠ è½½æ¨¡å—:Index

[ 2018-09-23T17:38:50+08:00 ] 127.0.0.1 /index/order/ajaxorder_list
INFO: [ app_init ] --START--
INFO: Run Behavior\BuildLiteBehavior [ RunTime:0.000016s ]
INFO: [ app_init ] --END-- [ RunTime:0.000572s ]
ERR: æ— æ³•åŠ è½½æ¨¡å—:Index

[ 2018-09-23T17:38:50+08:00 ] 127.0.0.1 /index/order/orderlist?page=1
INFO: [ app_init ] --START--
INFO: Run Behavior\BuildLiteBehavior [ RunTime:0.000014s ]
INFO: [ app_init ] --END-- [ RunTime:0.000477s ]
ERR: æ— æ³•åŠ è½½æ¨¡å—:Index

[ 2018-09-23T17:38:51+08:00 ] 127.0.0.1 /index/order/ajaxorder_list
INFO: [ app_init ] --START--
INFO: Run Behavior\BuildLiteBehavior [ RunTime:0.000026s ]
INFO: [ app_init ] --END-- [ RunTime:0.000723s ]
ERR: æ— æ³•åŠ è½½æ¨¡å—:Index

[ 2018-09-23T17:38:51+08:00 ] 127.0.0.1 /index/order/orderlist?page=1
INFO: [ app_init ] --START--
INFO: Run Behavior\BuildLiteBehavior [ RunTime:0.000014s ]
INFO: [ app_init ] --END-- [ RunTime:0.000523s ]
ERR: æ— æ³•åŠ è½½æ¨¡å—:Index

[ 2018-09-23T19:35:29+08:00 ] 127.0.0.1 /Public/home/asset/images/line.png
INFO: [ app_init ] --START--
INFO: Run Behavior\BuildLiteBehavior [ RunTime:0.000036s ]
INFO: [ app_init ] --END-- [ RunTime:0.000680s ]
ERR: æ— æ³•åŠ è½½æ¨¡å—:Public

[ 2018-09-23T19:35:29+08:00 ] 127.0.0.1 /index/order/get_price
INFO: [ app_init ] --START--
INFO: Run Behavior\BuildLiteBehavior [ RunTime:0.000016s ]
INFO: [ app_init ] --END-- [ RunTime:0.000671s ]
ERR: æ— æ³•åŠ è½½æ¨¡å—:Index

x

[ 2018-09-23T19:35:32+08:00 ] 127.0.0.1 /index/order/orderlist?page=1
INFO: [ app_init ] --START--
INFO: Run Behavior\BuildLiteBehavior [ RunTime:0.000014s ]
INFO: [ app_init ] --END-- [ RunTime:0.000457s ]
ERR: æ— æ³•åŠ è½½æ¨¡å—:Index

[ 2018-09-23T19:36:58+08:00 ] 127.0.0.1 /Public/home/asset/images/line.png
INFO: [ app_init ] --START--
INFO: Run Behavior\BuildLiteBehavior [ RunTime:0.000019s ]
INFO: [ app_init ] --END-- [ RunTime:0.000663s ]
ERR: æ— æ³•åŠ è½½æ¨¡å—:Public

[ 2018-09-23T19:36:58+08:00 ] 127.0.0.1 /index/order/ajaxorder_list
INFO: [ app_init ] --START--
INFO: Run Behavior\BuildLiteBehavior [ RunTime:0.000032s ]
INFO: [ app_init ] --END-- [ RunTime:0.001246s ]
ERR: æ— æ³•åŠ è½½æ¨¡å—:Index

[ 2018-09-23T19:36:58+08:00 ] 127.0.0.1 /index/order/get_price
INFO: [ app_init ] --START--
INFO: Run Behavior\BuildLiteBehavior [ RunTime:0.000024s ]
INFO: [ app_init ] --END-- [ RunTime:0.001307s ]
ERR: æ— æ³•åŠ è½½æ¨¡å—:Index

[ 2018-09-23T19:37:00+08:00 ] 127.0.0.1 /index/order/orderlist?page=1
INFO: [ app_init ] --START--
INFO: Run Behavior\BuildLiteBehavior [ RunTime:0.000019s ]
INFO: [ app_init ] --END-- [ RunTime:0.000531s ]
ERR: æ— æ³•åŠ è½½æ¨¡å—:Index

[ 2018-09-23T19:37:08+08:00 ] 127.0.0.1 /index/order/ajaxorder_list
INFO: [ app_init ] --START--
INFO: Run Behavior\BuildLiteBehavior [ RunTime:0.000018s ]
INFO: [ app_init ] --END-- [ RunTime:0.000789s ]
ERR: æ— æ³•åŠ è½½æ¨¡å—:Index

[ 2018-09-23T19:37:08+08:00 ] 127.0.0.1 /index/order/get_price
INFO: [ app_init ] --START--
INFO: Run Behavior\BuildLiteBehavior [ RunTime:0.000020s ]
INFO: [ app_init ] --END-- [ RunTime:0.000745s ]
ERR: æ— æ³•åŠ è½½æ¨¡å—:Index

[ 2018-09-23T19:37:08+08:00 ] 127.0.0.1 /Public/home/asset/images/line.png
INFO: [ app_init ] --START--
INFO: Run Behavior\BuildLiteBehavior [ RunTime:0.000024s ]
INFO: [ app_init ] --END-- [ RunTime:0.001593s ]
ERR: æ— æ³•åŠ è½½æ¨¡å—:Public

[ 2018-09-23T19:37:30+08:00 ] 127.0.0.1 /Public/home/asset/images/line.png
INFO: [ app_init ] --START--
INFO: Run Behavior\BuildLiteBehavior [ RunTime:0.000026s ]
INFO: [ app_init ] --END-- [ RunTime:0.002873s ]
ERR: æ— æ³•åŠ è½½æ¨¡å—:Public

[ 2018-09-23T19:37:30+08:00 ] 127.0.0.1 /index/order/get_price
INFO: [ app_init ] --START--
INFO: Run Behavior\BuildLiteBehavior [ RunTime:0.000023s ]
INFO: [ app_init ] --END-- [ RunTime:0.001034s ]
ERR: æ— æ³•åŠ è½½æ¨¡å—:Index

[ 2018-09-23T19:37:30+08:00 ] 127.0.0.1 /index/order/ajaxorder_list
INFO: [ app_init ] --START--
INFO: Run Behavior\BuildLiteBehavior [ RunTime:0.000081s ]
INFO: [ app_init ] --END-- [ RunTime:0.002018s ]
ERR: æ— æ³•åŠ è½½æ¨¡å—:Index

[ 2018-09-23T19:38:59+08:00 ] 127.0.0.1 /index/order/get_price
INFO: [ app_init ] --START--
INFO: Run Behavior\BuildLiteBehavior [ RunTime:0.000021s ]
INFO: [ app_init ] --END-- [ RunTime:0.000723s ]
ERR: æ— æ³•åŠ è½½æ¨¡å—:Index

[ 2018-09-23T19:38:59+08:00 ] 127.0.0.1 /index/order/ajaxorder_list
INFO: [ app_init ] --START--
INFO: Run Behavior\BuildLiteBehavior [ RunTime:0.000019s ]
INFO: [ app_init ] --END-- [ RunTime:0.000675s ]
ERR: æ— æ³•åŠ è½½æ¨¡å—:Index

[ 2018-09-23T19:38:59+08:00 ] 127.0.0.1 /Public/home/asset/images/line.png
INFO: [ app_init ] --START--
INFO: Run Behavior\BuildLiteBehavior [ RunTime:0.000021s ]
INFO: [ app_init ] --END-- [ RunTime:0.000934s ]
ERR: æ— æ³•åŠ è½½æ¨¡å—:Public

[ 2018-09-23T19:40:20+08:00 ] 127.0.0.1 /index/order/get_price
INFO: [ app_init ] --START--
INFO: Run Behavior\BuildLiteBehavior [ RunTime:0.000021s ]
INFO: [ app_init ] --END-- [ RunTime:0.000707s ]
ERR: æ— æ³•åŠ è½½æ¨¡å—:Index

[ 2018-09-23T19:40:20+08:00 ] 127.0.0.1 /index/order/ajaxorder_list
INFO: [ app_init ] --START--
INFO: Run Behavior\BuildLiteBehavior [ RunTime:0.000022s ]
INFO: [ app_init ] --END-- [ RunTime:0.002882s ]
ERR: æ— æ³•åŠ è½½æ¨¡å—:Index

[ 2018-09-23T19:40:21+08:00 ] 127.0.0.1 /Public/home/asset/images/line.png
INFO: [ app_init ] --START--
INFO: Run Behavior\BuildLiteBehavior [ RunTime:0.000025s ]
INFO: [ app_init ] --END-- [ RunTime:0.002314s ]
ERR: æ— æ³•åŠ è½½æ¨¡å—:Public

[ 2018-09-23T19:40:57+08:00 ] 127.0.0.1 /index/order/get_price
INFO: [ app_init ] --START--
INFO: Run Behavior\BuildLiteBehavior [ RunTime:0.000025s ]
INFO: [ app_init ] --END-- [ RunTime:0.000764s ]
ERR: æ— æ³•åŠ è½½æ¨¡å—:Index

[ 2018-09-23T19:40:57+08:00 ] 127.0.0.1 /Public/home/asset/images/line.png
INFO: [ app_init ] --START--
INFO: Run Behavior\BuildLiteBehavior [ RunTime:0.000025s ]
INFO: [ app_init ] --END-- [ RunTime:0.001043s ]
ERR: æ— æ³•åŠ è½½æ¨¡å—:Public

[ 2018-09-23T19:40:57+08:00 ] 127.0.0.1 /index/order/ajaxorder_list
INFO: [ app_init ] --START--
INFO: Run Behavior\BuildLiteBehavior [ RunTime:0.000113s ]
INFO: [ app_init ] --END-- [ RunTime:0.000996s ]
ERR: æ— æ³•åŠ è½½æ¨¡å—:Index

[ 2018-09-23T19:41:41+08:00 ] 127.0.0.1 /index/order/get_price
INFO: [ app_init ] --START--
INFO: Run Behavior\BuildLiteBehavior [ RunTime:0.000023s ]
INFO: [ app_init ] --END-- [ RunTime:0.000844s ]
ERR: æ— æ³•åŠ è½½æ¨¡å—:Index

[ 2018-09-23T19:41:41+08:00 ] 127.0.0.1 /index/order/ajaxorder_list
INFO: [ app_init ] --START--
INFO: Run Behavior\BuildLiteBehavior [ RunTime:0.000020s ]
INFO: [ app_init ] --END-- [ RunTime:0.000846s ]
ERR: æ— æ³•åŠ è½½æ¨¡å—:Index

[ 2018-09-23T19:42:17+08:00 ] 127.0.0.1 /Public/home/asset/images/line.png
INFO: [ app_init ] --START--
INFO: Run Behavior\BuildLiteBehavior [ RunTime:0.000024s ]
INFO: [ app_init ] --END-- [ RunTime:0.003395s ]
ERR: æ— æ³•åŠ è½½æ¨¡å—:Public

[ 2018-09-23T19:42:17+08:00 ] 127.0.0.1 /index/order/get_price
INFO: [ app_init ] --START--
INFO: Run Behavior\BuildLiteBehavior [ RunTime:0.000032s ]
INFO: [ app_init ] --END-- [ RunTime:0.002484s ]
ERR: æ— æ³•åŠ è½½æ¨¡å—:Index

[ 2018-09-23T19:42:17+08:00 ] 127.0.0.1 /index/order/ajaxorder_list
INFO: [ app_init ] --START--
INFO: Run Behavior\BuildLiteBehavior [ RunTime:0.000021s ]
INFO: [ app_init ] --END-- [ RunTime:0.000886s ]
ERR: æ— æ³•åŠ è½½æ¨¡å—:Index

[ 2018-09-23T19:42:54+08:00 ] 127.0.0.1 /index/order/ajaxorder_list
INFO: [ app_init ] --START--
INFO: Run Behavior\BuildLiteBehavior [ RunTime:0.000023s ]
INFO: [ app_init ] --END-- [ RunTime:0.000822s ]
ERR: æ— æ³•åŠ è½½æ¨¡å—:Index

[ 2018-09-23T19:42:54+08:00 ] 127.0.0.1 /index/order/get_price
INFO: [ app_init ] --START--
INFO: Run Behavior\BuildLiteBehavior [ RunTime:0.000023s ]
INFO: [ app_init ] --END-- [ RunTime:0.000756s ]
ERR: æ— æ³•åŠ è½½æ¨¡å—:Index

[ 2018-09-23T19:42:54+08:00 ] 127.0.0.1 /Public/home/asset/images/line.png
INFO: [ app_init ] --START--
INFO: Run Behavior\BuildLiteBehavior [ RunTime:0.000029s ]
INFO: [ app_init ] --END-- [ RunTime:0.002238s ]
ERR: æ— æ³•åŠ è½½æ¨¡å—:Public

[ 2018-09-23T19:43:22+08:00 ] 127.0.0.1 /index/order/get_price
INFO: [ app_init ] --START--
INFO: Run Behavior\BuildLiteBehavior [ RunTime:0.000024s ]
INFO: [ app_init ] --END-- [ RunTime:0.000781s ]
ERR: æ— æ³•åŠ è½½æ¨¡å—:Index

[ 2018-09-23T19:43:22+08:00 ] 127.0.0.1 /index/order/ajaxorder_list
INFO: [ app_init ] --START--
INFO: Run Behavior\BuildLiteBehavior [ RunTime:0.000026s ]
INFO: [ app_init ] --END-- [ RunTime:0.001680s ]
ERR: æ— æ³•åŠ è½½æ¨¡å—:Index

[ 2018-09-23T19:44:15+08:00 ] 127.0.0.1 /index/order/get_price
INFO: [ app_init ] --START--
INFO: Run Behavior\BuildLiteBehavior [ RunTime:0.000027s ]
INFO: [ app_init ] --END-- [ RunTime:0.001015s ]
ERR: æ— æ³•åŠ è½½æ¨¡å—:Index

[ 2018-09-23T19:44:15+08:00 ] 127.0.0.1 /index/order/ajaxorder_list
INFO: [ app_init ] --START--
INFO: Run Behavior\BuildLiteBehavior [ RunTime:0.000015s ]
INFO: [ app_init ] --END-- [ RunTime:0.000458s ]
ERR: æ— æ³•åŠ è½½æ¨¡å—:Index

[ 2018-09-23T19:47:03+08:00 ] 127.0.0.1 /index/order/get_price
INFO: [ app_init ] --START--
INFO: Run Behavior\BuildLiteBehavior [ RunTime:0.000021s ]
INFO: [ app_init ] --END-- [ RunTime:0.000687s ]
ERR: æ— æ³•åŠ è½½æ¨¡å—:Index

[ 2018-09-23T19:47:03+08:00 ] 127.0.0.1 /index/order/ajaxorder_list
INFO: [ app_init ] --START--
INFO: Run Behavior\BuildLiteBehavior [ RunTime:0.000024s ]
INFO: [ app_init ] --END-- [ RunTime:0.002023s ]
ERR: æ— æ³•åŠ è½½æ¨¡å—:Index

[ 2018-09-23T19:47:03+08:00 ] 127.0.0.1 /Public/home/asset/images/line.png
INFO: [ app_init ] --START--
INFO: Run Behavior\BuildLiteBehavior [ RunTime:0.000023s ]
INFO: [ app_init ] --END-- [ RunTime:0.001087s ]
ERR: æ— æ³•åŠ è½½æ¨¡å—:Public

[ 2018-09-23T19:49:33+08:00 ] 127.0.0.1 /Public/home/asset/images/line.png
INFO: [ app_init ] --START--
INFO: Run Behavior\BuildLiteBehavior [ RunTime:0.000025s ]
INFO: [ app_init ] --END-- [ RunTime:0.002728s ]
ERR: æ— æ³•åŠ è½½æ¨¡å—:Public

[ 2018-09-23T19:49:33+08:00 ] 127.0.0.1 /index/order/ajaxorder_list
INFO: [ app_init ] --START--
INFO: Run Behavior\BuildLiteBehavior [ RunTime:0.000023s ]
INFO: [ app_init ] --END-- [ RunTime:0.000997s ]
ERR: æ— æ³•åŠ è½½æ¨¡å—:Index

[ 2018-09-23T19:49:33+08:00 ] 127.0.0.1 /index/order/get_price
INFO: [ app_init ] --START--
INFO: Run Behavior\BuildLiteBehavior [ RunTime:0.000024s ]
INFO: [ app_init ] --END-- [ RunTime:0.000833s ]
ERR: æ— æ³•åŠ è½½æ¨¡å—:Index

[ 2018-09-23T20:39:57+08:00 ] 127.0.0.1 /Public/assets/img/profile-bg.png
INFO: [ app_init ] --START--
INFO: Run Behavior\BuildLiteBehavior [ RunTime:0.000022s ]
INFO: [ app_init ] --END-- [ RunTime:0.001195s ]
ERR: æ— æ³•åŠ è½½æ¨¡å—:Public

[ 2018-09-23T20:41:08+08:00 ] 127.0.0.1 /Public/home/asset/images/line.png
INFO: [ app_init ] --START--
INFO: Run Behavior\BuildLiteBehavior [ RunTime:0.000035s ]
INFO: [ app_init ] --END-- [ RunTime:0.005353s ]
ERR: æ— æ³•åŠ è½½æ¨¡å—:Public

[ 2018-09-23T20:41:09+08:00 ] 127.0.0.1 /favicon.ico
INFO: [ app_init ] --START--
INFO: Run Behavior\BuildLiteBehavior [ RunTime:0.000040s ]
INFO: [ app_init ] --END-- [ RunTime:0.001853s ]
ERR: æ— æ³•åŠ è½½æ¨¡å—:Favicon

[ 2018-09-23T20:41:26+08:00 ] 127.0.0.1 /Public/home/asset/images/line.png
INFO: [ app_init ] --START--
INFO: Run Behavior\BuildLiteBehavior [ RunTime:0.000019s ]
INFO: [ app_init ] --END-- [ RunTime:0.000730s ]
ERR: æ— æ³•åŠ è½½æ¨¡å—:Public

[ 2018-09-23T20:41:29+08:00 ] 127.0.0.1 /Public/home/asset/images/line.png
INFO: [ app_init ] --START--
INFO: Run Behavior\BuildLiteBehavior [ RunTime:0.000036s ]
INFO: [ app_init ] --END-- [ RunTime:0.000722s ]
ERR: æ— æ³•åŠ è½½æ¨¡å—:Public

[ 2018-09-23T20:41:32+08:00 ] 127.0.0.1 /Public/home/asset/images/line.png
INFO: [ app_init ] --START--
INFO: Run Behavior\BuildLiteBehavior [ RunTime:0.000020s ]
INFO: [ app_init ] --END-- [ RunTime:0.000704s ]
ERR: æ— æ³•åŠ è½½æ¨¡å—:Public

[ 2018-09-23T20:41:32+08:00 ] 127.0.0.1 /Public/home/asset/images/star.png
INFO: [ app_init ] --START--
INFO: Run Behavior\BuildLiteBehavior [ RunTime:0.000021s ]
INFO: [ app_init ] --END-- [ RunTime:0.001181s ]
ERR: æ— æ³•åŠ è½½æ¨¡å—:Public

[ 2018-09-23T20:41:43+08:00 ] 127.0.0.1 /Public/home/asset/images/line.png
INFO: [ app_init ] --START--
INFO: Run Behavior\BuildLiteBehavior [ RunTime:0.000026s ]
INFO: [ app_init ] --END-- [ RunTime:0.000871s ]
ERR: æ— æ³•åŠ è½½æ¨¡å—:Public

[ 2018-09-23T20:41:43+08:00 ] 127.0.0.1 /index/order/get_price
INFO: [ app_init ] --START--
INFO: Run Behavior\BuildLiteBehavior [ RunTime:0.000025s ]
INFO: [ app_init ] --END-- [ RunTime:0.000740s ]
ERR: æ— æ³•åŠ è½½æ¨¡å—:Index

[ 2018-09-23T20:41:43+08:00 ] 127.0.0.1 /index/order/ajaxorder_list
INFO: [ app_init ] --START--
INFO: Run Behavior\BuildLiteBehavior [ RunTime:0.000027s ]
INFO: [ app_init ] --END-- [ RunTime:0.001112s ]
ERR: æ— æ³•åŠ è½½æ¨¡å—:Index

[ 2018-09-23T20:41:46+08:00 ] 127.0.0.1 /index/order/orderlist?page=1
INFO: [ app_init ] --START--
INFO: Run Behavior\BuildLiteBehavior [ RunTime:0.000014s ]
INFO: [ app_init ] --END-- [ RunTime:0.000549s ]
ERR: æ— æ³•åŠ è½½æ¨¡å—:Index

[ 2018-09-23T21:27:20+08:00 ] 127.0.0.1 /index/order/get_price
INFO: [ app_init ] --START--
INFO: Run Behavior\BuildLiteBehavior [ RunTime:0.000022s ]
INFO: [ app_init ] --END-- [ RunTime:0.000708s ]
ERR: æ— æ³•åŠ è½½æ¨¡å—:Index

[ 2018-09-23T21:27:20+08:00 ] 127.0.0.1 /index/order/ajaxorder_list
INFO: [ app_init ] --START--
INFO: Run Behavior\BuildLiteBehavior [ RunTime:0.000026s ]
INFO: [ app_init ] --END-- [ RunTime:0.004242s ]
ERR: æ— æ³•åŠ è½½æ¨¡å—:Index

[ 2018-09-23T21:27:20+08:00 ] 127.0.0.1 /Public/home/asset/images/line.png
INFO: [ app_init ] --START--
INFO: Run Behavior\BuildLiteBehavior [ RunTime:0.000022s ]
INFO: [ app_init ] --END-- [ RunTime:0.000681s ]
ERR: æ— æ³•åŠ è½½æ¨¡å—:Public

[ 2018-09-23T21:36:55+08:00 ] 127.0.0.1 /Public/home/asset/images/line.png
INFO: [ app_init ] --START--
INFO: Run Behavior\BuildLiteBehavior [ RunTime:0.000021s ]
INFO: [ app_init ] --END-- [ RunTime:0.001040s ]
ERR: æ— æ³•åŠ è½½æ¨¡å—:Public

[ 2018-09-23T23:19:18+08:00 ] 127.0.0.1 /Public/admin/vendor/bootstrap/css/bootstrap.min.css.map
INFO: [ app_init ] --START--
INFO: Run Behavior\BuildLiteBehavior [ RunTime:0.000024s ]
INFO: [ app_init ] --END-- [ RunTime:0.000917s ]
ERR: æ— æ³•åŠ è½½æ¨¡å—:Public

[ 2018-09-23T23:19:51+08:00 ] 127.0.0.1 /Public/admin/vendor/bootstrap/css/bootstrap.min.css.map
INFO: [ app_init ] --START--
INFO: Run Behavior\BuildLiteBehavior [ RunTime:0.000023s ]
INFO: [ app_init ] --END-- [ RunTime:0.000841s ]
ERR: æ— æ³•åŠ è½½æ¨¡å—:Public

[ 2018-09-23T23:20:01+08:00 ] 127.0.0.1 /Public/admin/vendor/bootstrap/css/bootstrap.min.css.map
INFO: [ app_init ] --START--
INFO: Run Behavior\BuildLiteBehavior [ RunTime:0.000015s ]
INFO: [ app_init ] --END-- [ RunTime:0.000493s ]
ERR: æ— æ³•åŠ è½½æ¨¡å—:Public

[ 2018-09-23T23:21:46+08:00 ] 127.0.0.1 /Public/admin/vendor/bootstrap/css/bootstrap.min.css.map
INFO: [ app_init ] --START--
INFO: Run Behavior\BuildLiteBehavior [ RunTime:0.000023s ]
INFO: [ app_init ] --END-- [ RunTime:0.000854s ]
ERR: æ— æ³•åŠ è½½æ¨¡å—:Public

[ 2018-09-23T23:25:56+08:00 ] 127.0.0.1 /Public/admin/vendor/bootstrap/css/bootstrap.min.css.map
INFO: [ app_init ] --START--
INFO: Run Behavior\BuildLiteBehavior [ RunTime:0.000016s ]
INFO: [ app_init ] --END-- [ RunTime:0.000707s ]
ERR: æ— æ³•åŠ è½½æ¨¡å—:Public

[ 2018-09-23T23:26:12+08:00 ] 127.0.0.1 /Public/admin/vendor/bootstrap/css/bootstrap.min.css.map
INFO: [ app_init ] --START--
INFO: Run Behavior\BuildLiteBehavior [ RunTime:0.000016s ]
INFO: [ app_init ] --END-- [ RunTime:0.000569s ]
ERR: æ— æ³•åŠ è½½æ¨¡å—:Public

[ 2018-09-23T23:26:24+08:00 ] 127.0.0.1 /Public/admin/vendor/bootstrap/css/bootstrap.min.css.map
INFO: [ app_init ] --START--
INFO: Run Behavior\BuildLiteBehavior [ RunTime:0.000022s ]
INFO: [ app_init ] --END-- [ RunTime:0.000877s ]
ERR: æ— æ³•åŠ è½½æ¨¡å—:Public

[ 2018-09-23T23:26:41+08:00 ] 127.0.0.1 /Public/admin/vendor/bootstrap/css/bootstrap.min.css.map
INFO: [ app_init ] --START--
INFO: Run Behavior\BuildLiteBehavior [ RunTime:0.000027s ]
INFO: [ app_init ] --END-- [ RunTime:0.002251s ]
ERR: æ— æ³•åŠ è½½æ¨¡å—:Public

[ 2018-09-23T23:26:58+08:00 ] 127.0.0.1 /Public/admin/vendor/bootstrap/css/bootstrap.min.css.map
INFO: [ app_init ] --START--
INFO: Run Behavior\BuildLiteBehavior [ RunTime:0.000021s ]
INFO: [ app_init ] --END-- [ RunTime:0.000799s ]
ERR: æ— æ³•åŠ è½½æ¨¡å—:Public

[ 2018-09-23T23:27:42+08:00 ] 127.0.0.1 /Public/admin/vendor/bootstrap/css/bootstrap.min.css.map
INFO: [ app_init ] --START--
INFO: Run Behavior\BuildLiteBehavior [ RunTime:0.000026s ]
INFO: [ app_init ] --END-- [ RunTime:0.001195s ]
ERR: æ— æ³•åŠ è½½æ¨¡å—:Public

[ 2018-09-23T23:28:29+08:00 ] 127.0.0.1 /Public/admin/vendor/bootstrap/css/bootstrap.min.css.map
INFO: [ app_init ] --START--
INFO: Run Behavior\BuildLiteBehavior [ RunTime:0.000740s ]
INFO: [ app_init ] --END-- [ RunTime:0.001771s ]
ERR: æ— æ³•åŠ è½½æ¨¡å—:Public

[ 2018-09-23T23:34:19+08:00 ] 127.0.0.1 /Public/admin/vendor/bootstrap/css/bootstrap.min.css.map
INFO: [ app_init ] --START--
INFO: Run Behavior\BuildLiteBehavior [ RunTime:0.000029s ]
INFO: [ app_init ] --END-- [ RunTime:0.001091s ]
ERR: æ— æ³•åŠ è½½æ¨¡å—:Public

[ 2018-09-23T23:34:34+08:00 ] 127.0.0.1 /Public/admin/vendor/bootstrap/css/bootstrap.min.css.map
INFO: [ app_init ] --START--
INFO: Run Behavior\BuildLiteBehavior [ RunTime:0.000024s ]
INFO: [ app_init ] --END-- [ RunTime:0.001527s ]
ERR: æ— æ³•åŠ è½½æ¨¡å—:Public

[ 2018-09-23T23:35:14+08:00 ] 127.0.0.1 /Public/admin/vendor/bootstrap/css/bootstrap.min.css.map
INFO: [ app_init ] --START--
INFO: Run Behavior\BuildLiteBehavior [ RunTime:0.000023s ]
INFO: [ app_init ] --END-- [ RunTime:0.002222s ]
ERR: æ— æ³•åŠ è½½æ¨¡å—:Public

[ 2018-09-23T23:35:23+08:00 ] 127.0.0.1 /Public/admin/vendor/bootstrap/css/bootstrap.min.css.map
INFO: [ app_init ] --START--
INFO: Run Behavior\BuildLiteBehavior [ RunTime:0.000021s ]
INFO: [ app_init ] --END-- [ RunTime:0.000684s ]
ERR: æ— æ³•åŠ è½½æ¨¡å—:Public

[ 2018-09-23T23:37:07+08:00 ] 127.0.0.1 /Public/admin/vendor/bootstrap/css/bootstrap.min.css.map
INFO: [ app_init ] --START--
INFO: Run Behavior\BuildLiteBehavior [ RunTime:0.000027s ]
INFO: [ app_init ] --END-- [ RunTime:0.001041s ]
ERR: æ— æ³•åŠ è½½æ¨¡å—:Public

[ 2018-09-23T23:37:12+08:00 ] 127.0.0.1 /Public/admin/vendor/bootstrap/css/bootstrap.min.css.map
INFO: [ app_init ] --START--
INFO: Run Behavior\BuildLiteBehavior [ RunTime:0.000022s ]
INFO: [ app_init ] --END-- [ RunTime:0.000925s ]
ERR: æ— æ³•åŠ è½½æ¨¡å—:Public

[ 2018-09-23T23:37:29+08:00 ] 127.0.0.1 /Public/admin/vendor/bootstrap/css/bootstrap.min.css.map
INFO: [ app_init ] --START--
INFO: Run Behavior\BuildLiteBehavior [ RunTime:0.000021s ]
INFO: [ app_init ] --END-- [ RunTime:0.000810s ]
ERR: æ— æ³•åŠ è½½æ¨¡å—:Public

[ 2018-09-23T23:38:16+08:00 ] 127.0.0.1 /Public/admin/vendor/bootstrap/css/bootstrap.min.css.map
INFO: [ app_init ] --START--
INFO: Run Behavior\BuildLiteBehavior [ RunTime:0.000026s ]
INFO: [ app_init ] --END-- [ RunTime:0.001015s ]
ERR: æ— æ³•åŠ è½½æ¨¡å—:Public

[ 2018-09-23T23:38:24+08:00 ] 127.0.0.1 /Public/admin/vendor/bootstrap/css/bootstrap.min.css.map
INFO: [ app_init ] --START--
INFO: Run Behavior\BuildLiteBehavior [ RunTime:0.000017s ]
INFO: [ app_init ] --END-- [ RunTime:0.000580s ]
ERR: æ— æ³•åŠ è½½æ¨¡å—:Public

[ 2018-09-23T23:38:26+08:00 ] 127.0.0.1 /Public/admin/vendor/bootstrap/css/bootstrap.min.css.map
INFO: [ app_init ] --START--
INFO: Run Behavior\BuildLiteBehavior [ RunTime:0.000016s ]
INFO: [ app_init ] --END-- [ RunTime:0.000742s ]
ERR: æ— æ³•åŠ è½½æ¨¡å—:Public

[ 2018-09-23T23:38:31+08:00 ] 127.0.0.1 /Public/admin/vendor/bootstrap/css/bootstrap.min.css.map
INFO: [ app_init ] --START--
INFO: Run Behavior\BuildLiteBehavior [ RunTime:0.000014s ]
INFO: [ app_init ] --END-- [ RunTime:0.000511s ]
ERR: æ— æ³•åŠ è½½æ¨¡å—:Public

[ 2018-09-23T23:38:41+08:00 ] 127.0.0.1 /Public/admin/vendor/bootstrap/css/bootstrap.min.css.map
INFO: [ app_init ] --START--
INFO: Run Behavior\BuildLiteBehavior [ RunTime:0.000017s ]
INFO: [ app_init ] --END-- [ RunTime:0.000632s ]
ERR: æ— æ³•åŠ è½½æ¨¡å—:Public

[ 2018-09-23T23:42:11+08:00 ] 127.0.0.1 /Public/admin/vendor/bootstrap/css/bootstrap.min.css.map
INFO: [ app_init ] --START--
INFO: Run Behavior\BuildLiteBehavior [ RunTime:0.000024s ]
INFO: [ app_init ] --END-- [ RunTime:0.000891s ]
ERR: æ— æ³•åŠ è½½æ¨¡å—:Public

[ 2018-09-23T23:44:20+08:00 ] 127.0.0.1 /Public/admin/vendor/bootstrap/css/bootstrap.min.css.map
INFO: [ app_init ] --START--
INFO: Run Behavior\BuildLiteBehavior [ RunTime:0.000050s ]
INFO: [ app_init ] --END-- [ RunTime:0.004696s ]
ERR: æ— æ³•åŠ è½½æ¨¡å—:Public

[ 2018-09-23T23:44:32+08:00 ] 127.0.0.1 /Public/admin/vendor/bootstrap/css/bootstrap.min.css.map
INFO: [ app_init ] --START--
INFO: Run Behavior\BuildLiteBehavior [ RunTime:0.000021s ]
INFO: [ app_init ] --END-- [ RunTime:0.000753s ]
ERR: æ— æ³•åŠ è½½æ¨¡å—:Public

[ 2018-09-23T23:52:07+08:00 ] 127.0.0.1 /Public/admin/vendor/bootstrap/css/bootstrap.min.css.map
INFO: [ app_init ] --START--
INFO: Run Behavior\BuildLiteBehavior [ RunTime:0.000022s ]
INFO: [ app_init ] --END-- [ RunTime:0.000642s ]
ERR: æ— æ³•åŠ è½½æ¨¡å—:Public

[ 2018-09-23T23:59:23+08:00 ] 127.0.0.1 /Public/home/asset/images/line.png
INFO: [ app_init ] --START--
INFO: Run Behavior\BuildLiteBehavior [ RunTime:0.000053s ]
INFO: [ app_init ] --END-- [ RunTime:0.000566s ]
ERR: æ— æ³•åŠ è½½æ¨¡å—:Public

[ 2018-09-23T23:59:24+08:00 ] 127.0.0.1 /index/order/get_price
INFO: [ app_init ] --START--
INFO: Run Behavior\BuildLiteBehavior [ RunTime:0.000017s ]
INFO: [ app_init ] --END-- [ RunTime:0.001107s ]
ERR: æ— æ³•åŠ è½½æ¨¡å—:Index

[ 2018-09-23T23:59:24+08:00 ] 127.0.0.1 /index/order/ajaxorder_list
INFO: [ app_init ] --START--
INFO: Run Behavior\BuildLiteBehavior [ RunTime:0.000015s ]
INFO: [ app_init ] --END-- [ RunTime:0.000600s ]
ERR: æ— æ³•åŠ è½½æ¨¡å—:Index

[ 2018-09-23T23:59:24+08:00 ] 127.0.0.1 /favicon.ico
INFO: [ app_init ] --START--
INFO: Run Behavior\BuildLiteBehavior [ RunTime:0.000015s ]
INFO: [ app_init ] --END-- [ RunTime:0.000490s ]
ERR: æ— æ³•åŠ è½½æ¨¡å—:Favicon

[ 2018-09-23T23:59:25+08:00 ] 127.0.0.1 /index/order/orderlist?page=1
INFO: [ app_init ] --START--
INFO: Run Behavior\BuildLiteBehavior [ RunTime:0.000014s ]
INFO: [ app_init ] --END-- [ RunTime:0.000531s ]
ERR: æ— æ³•åŠ è½½æ¨¡å—:Index

[ 2018-09-23T23:59:25+08:00 ] 127.0.0.1 /index/order/ajaxorder_list
INFO: [ app_init ] --START--
INFO: Run Behavior\BuildLiteBehavior [ RunTime:0.000021s ]
INFO: [ app_init ] --END-- [ RunTime:0.000751s ]
ERR: æ— æ³•åŠ è½½æ¨¡å—:Index

[ 2018-09-23T23:59:25+08:00 ] 127.0.0.1 /index/order/get_price
INFO: [ app_init ] --START--
INFO: Run Behavior\BuildLiteBehavior [ RunTime:0.000013s ]
INFO: [ app_init ] --END-- [ RunTime:0.000464s ]
ERR: æ— æ³•åŠ è½½æ¨¡å—:Index

[ 2018-09-23T23:59:37+08:00 ] 127.0.0.1 /Public/home/asset/images/line.png
INFO: [ app_init ] --START--
INFO: Run Behavior\BuildLiteBehavior [ RunTime:0.000034s ]
INFO: [ app_init ] --END-- [ RunTime:0.002842s ]
ERR: æ— æ³•åŠ è½½æ¨¡å—:Public

[ 2018-09-23T23:59:47+08:00 ] 127.0.0.1 /Public/home/static/index/img/right_circle1.png
INFO: [ app_init ] --START--
INFO: Run Behavior\BuildLiteBehavior [ RunTime:0.000028s ]
INFO: [ app_init ] --END-- [ RunTime:0.000889s ]
ERR: æ— æ³•åŠ è½½æ¨¡å—:Public

[ 2018-09-23T23:59:47+08:00 ] 127.0.0.1 /Public/home/static/index/img/left_circle1.png
INFO: [ app_init ] --START--
INFO: Run Behavior\BuildLiteBehavior [ RunTime:0.000016s ]
INFO: [ app_init ] --END-- [ RunTime:0.000649s ]
ERR: æ— æ³•åŠ è½½æ¨¡å—:Public

