[ 2018-09-21T20:29:23+08:00 ] 127.0.0.1 /Admin/Image/userUpload
INFO: [ app_init ] --START--
INFO: Run Behavior\BuildLiteBehavior [ RunTime:0.000072s ]
INFO: [ app_init ] --END-- [ RunTime:0.001072s ]
INFO: [ app_begin ] --START--
INFO: Run Behavior\ReadHtmlCacheBehavior [ RunTime:0.000991s ]
INFO: [ app_begin ] --END-- [ RunTime:0.001286s ]
NOTIC: [8] Undefined index: area_img D:\wamp\www\waihui\Application\Admin\Controller\ImageController.class.php 第 36 行.
NOTIC: [8] Undefined index: tmp_name D:\wamp\www\waihui\ThinkPHP\Library\Think\Upload.class.php 第 152 行.
NOTIC: [2] finfo_file(): Empty filename or path D:\wamp\www\waihui\ThinkPHP\Library\Think\Upload.class.php 第 152 行.
NOTIC: [8] Undefined index: error D:\wamp\www\waihui\ThinkPHP\Library\Think\Upload.class.php 第 269 行.
NOTIC: [8] Undefined index: tmp_name D:\wamp\www\waihui\ThinkPHP\Library\Think\Upload.class.php 第 280 行.

[ 2018-09-21T20:33:57+08:00 ] 127.0.0.1 /Admin/Image/userUpload
INFO: [ app_init ] --START--
INFO: Run Behavior\BuildLiteBehavior [ RunTime:0.000057s ]
INFO: [ app_init ] --END-- [ RunTime:0.001069s ]
INFO: [ app_begin ] --START--
INFO: Run Behavior\ReadHtmlCacheBehavior [ RunTime:0.001567s ]
INFO: [ app_begin ] --END-- [ RunTime:0.001816s ]
NOTIC: [8] Undefined index: area_img D:\wamp\www\waihui\Application\Admin\Controller\ImageController.class.php 第 36 行.
NOTIC: [8] Undefined index: tmp_name D:\wamp\www\waihui\ThinkPHP\Library\Think\Upload.class.php 第 152 行.
NOTIC: [2] finfo_file(): Empty filename or path D:\wamp\www\waihui\ThinkPHP\Library\Think\Upload.class.php 第 152 行.
NOTIC: [8] Undefined index: error D:\wamp\www\waihui\ThinkPHP\Library\Think\Upload.class.php 第 269 行.
NOTIC: [8] Undefined index: tmp_name D:\wamp\www\waihui\ThinkPHP\Library\Think\Upload.class.php 第 280 行.

[ 2018-09-21T20:35:14+08:00 ] 127.0.0.1 /Admin/Image/userUpload
INFO: [ app_init ] --START--
INFO: Run Behavior\BuildLiteBehavior [ RunTime:0.000087s ]
INFO: [ app_init ] --END-- [ RunTime:0.001119s ]
INFO: [ app_begin ] --START--
INFO: Run Behavior\ReadHtmlCacheBehavior [ RunTime:0.001491s ]
INFO: [ app_begin ] --END-- [ RunTime:0.001831s ]
NOTIC: [8] Undefined index: area_img D:\wamp\www\waihui\Application\Admin\Controller\ImageController.class.php 第 36 行.
NOTIC: [8] Undefined index: tmp_name D:\wamp\www\waihui\ThinkPHP\Library\Think\Upload.class.php 第 152 行.
NOTIC: [2] finfo_file(): Empty filename or path D:\wamp\www\waihui\ThinkPHP\Library\Think\Upload.class.php 第 152 行.
NOTIC: [8] Undefined index: error D:\wamp\www\waihui\ThinkPHP\Library\Think\Upload.class.php 第 269 行.
NOTIC: [8] Undefined index: tmp_name D:\wamp\www\waihui\ThinkPHP\Library\Think\Upload.class.php 第 280 行.

[ 2018-09-21T20:36:19+08:00 ] 127.0.0.1 /Admin/Image/userUpload
INFO: [ app_init ] --START--
INFO: Run Behavior\BuildLiteBehavior [ RunTime:0.000065s ]
INFO: [ app_init ] --END-- [ RunTime:0.000896s ]
INFO: [ app_begin ] --START--
INFO: Run Behavior\ReadHtmlCacheBehavior [ RunTime:0.001153s ]
INFO: [ app_begin ] --END-- [ RunTime:0.001455s ]
NOTIC: [2] call_user_func() expects parameter 1 to be a valid callback, no array or string given D:\wamp\www\waihui\ThinkPHP\Library\Think\Upload.class.php 第 170 行.

