[ 2018-09-17T13:16:48+08:00 ] 127.0.0.1 /admin/login
INFO: [ app_init ] --START--
INFO: Run Behavior\BuildLiteBehavior [ RunTime:0.000065s ]
INFO: [ app_init ] --END-- [ RunTime:0.001587s ]
INFO: [ app_begin ] --START--
INFO: Run Behavior\ReadHtmlCacheBehavior [ RunTime:0.001141s ]
INFO: [ app_begin ] --END-- [ RunTime:0.001406s ]
INFO: [ view_parse ] --START--
INFO: [ template_filter ] --START--
INFO: Run Behavior\ContentReplaceBehavior [ RunTime:0.000178s ]
INFO: [ template_filter ] --END-- [ RunTime:0.000458s ]
INFO: Run Behavior\ParseTemplateBehavior [ RunTime:0.048473s ]
INFO: [ view_parse ] --END-- [ RunTime:0.048854s ]
INFO: [ view_filter ] --START--
INFO: Run Behavior\WriteHtmlCacheBehavior [ RunTime:0.000592s ]
INFO: [ view_filter ] --END-- [ RunTime:0.000838s ]
INFO: [ app_end ] --START--
INFO: Run Behavior\ShowPageTraceBehavior [ RunTime:0.000892s ]
INFO: [ app_end ] --END-- [ RunTime:0.001143s ]

[ 2018-09-17T13:16:51+08:00 ] 127.0.0.1 /index.php/Admin/Login/login
INFO: [ app_init ] --START--
INFO: Run Behavior\BuildLiteBehavior [ RunTime:0.000069s ]
INFO: [ app_init ] --END-- [ RunTime:0.000818s ]
INFO: [ app_begin ] --START--
INFO: Run Behavior\ReadHtmlCacheBehavior [ RunTime:0.000818s ]
INFO: [ app_begin ] --END-- [ RunTime:0.001086s ]
SQL: SHOW COLUMNS FROM `admin` [ RunTime:0.0222s ]
SQL: SELECT * FROM `admin` WHERE `account` = 'admin' LIMIT 1   [ RunTime:0.0242s ]
SQL: UPDATE `admin` SET `account`='admin',`password`='admin',`power`='2',`login_time`='1537161411' WHERE `id` = 1 [ RunTime:0.0276s ]

[ 2018-09-17T13:16:52+08:00 ] 127.0.0.1 /admin
INFO: [ app_init ] --START--
INFO: Run Behavior\BuildLiteBehavior [ RunTime:0.000065s ]
INFO: [ app_init ] --END-- [ RunTime:0.001132s ]
INFO: [ app_begin ] --START--
INFO: Run Behavior\ReadHtmlCacheBehavior [ RunTime:0.000934s ]
INFO: [ app_begin ] --END-- [ RunTime:0.001237s ]
SQL: SHOW COLUMNS FROM `user` [ RunTime:0.0277s ]
SQL: SELECT COUNT(*) AS tp_count FROM `user` LIMIT 1   [ RunTime:0.0248s ]
SQL: SHOW COLUMNS FROM `recharge` [ RunTime:0.0255s ]
SQL: SELECT COUNT(*) AS tp_count FROM `recharge` LIMIT 1   [ RunTime:0.0258s ]
SQL: SHOW COLUMNS FROM `withdrawal` [ RunTime:0.0258s ]
SQL: SELECT COUNT(*) AS tp_count FROM `withdrawal` LIMIT 1   [ RunTime:0.0252s ]
SQL: SELECT `recharge_id`,`user_id`,`username`,recharge.money,recharge.status,`msg`,`detail`,recharge.create_time FROM `recharge` INNER JOIN user ON id = user_id  ORDER BY recharge.create_time desc LIMIT 5   [ RunTime:0.0253s ]
SQL: SELECT `withdrawal_id`,`user_id`,`username`,withdrawal.money,withdrawal.status,`msg`,withdrawal.create_time FROM `withdrawal` INNER JOIN user ON id = user_id  ORDER BY withdrawal.create_time desc LIMIT 5   [ RunTime:0.0251s ]
SQL: SHOW COLUMNS FROM `login_msg` [ RunTime:0.0249s ]
SQL: SELECT * FROM `login_msg` ORDER BY date desc LIMIT 7   [ RunTime:0.2501s ]
SQL: SELECT COUNT(*) AS tp_count FROM `user` WHERE `login_time` BETWEEN 1536595200 AND 1536681600 LIMIT 1   [ RunTime:0.0255s ]
SQL: SELECT COUNT(*) AS tp_count FROM `user` WHERE `login_time` BETWEEN 1536681600 AND 1536768000 LIMIT 1   [ RunTime:0.0245s ]
SQL: SELECT COUNT(*) AS tp_count FROM `user` WHERE `login_time` BETWEEN 1536768000 AND 1536854400 LIMIT 1   [ RunTime:0.0249s ]
SQL: SELECT COUNT(*) AS tp_count FROM `user` WHERE `login_time` BETWEEN 1536854400 AND 1536940800 LIMIT 1   [ RunTime:0.0253s ]
SQL: SELECT COUNT(*) AS tp_count FROM `user` WHERE `login_time` BETWEEN 1536940800 AND 1537027200 LIMIT 1   [ RunTime:0.0247s ]
SQL: SELECT COUNT(*) AS tp_count FROM `user` WHERE `login_time` BETWEEN 1537027200 AND 1537113600 LIMIT 1   [ RunTime:0.0266s ]
SQL: SELECT COUNT(*) AS tp_count FROM `user` WHERE `login_time` BETWEEN 1537113600 AND 1537200000 LIMIT 1   [ RunTime:0.0264s ]
INFO: [ view_parse ] --START--
INFO: [ template_filter ] --START--
INFO: Run Behavior\ContentReplaceBehavior [ RunTime:0.000378s ]
INFO: [ template_filter ] --END-- [ RunTime:0.000628s ]
NOTIC: [8] Undefined offset: 1 D:\wamp\www\waihui\Application\Common\Common\function.php 第 147 行.
NOTIC: [8] Undefined offset: 1 D:\wamp\www\waihui\Application\Common\Common\function.php 第 147 行.
NOTIC: [8] Undefined offset: 1 D:\wamp\www\waihui\Application\Common\Common\function.php 第 147 行.
INFO: Run Behavior\ParseTemplateBehavior [ RunTime:0.278812s ]
INFO: [ view_parse ] --END-- [ RunTime:0.279289s ]
INFO: [ view_filter ] --START--
INFO: Run Behavior\WriteHtmlCacheBehavior [ RunTime:0.000684s ]
INFO: [ view_filter ] --END-- [ RunTime:0.000933s ]
INFO: [ app_end ] --START--
INFO: Run Behavior\ShowPageTraceBehavior [ RunTime:0.000936s ]
INFO: [ app_end ] --END-- [ RunTime:0.001191s ]

[ 2018-09-17T13:16:59+08:00 ] 127.0.0.1 /admin/Index/test
INFO: [ app_init ] --START--
INFO: Run Behavior\BuildLiteBehavior [ RunTime:0.000059s ]
INFO: [ app_init ] --END-- [ RunTime:0.000867s ]
INFO: [ app_begin ] --START--
INFO: Run Behavior\ReadHtmlCacheBehavior [ RunTime:0.001109s ]
INFO: [ app_begin ] --END-- [ RunTime:0.001411s ]
SQL: SHOW COLUMNS FROM `login_msg` [ RunTime:0.0206s ]
SQL: SELECT * FROM `login_msg` ORDER BY date desc LIMIT 7   [ RunTime:0.0213s ]
NOTIC: [8] Array to string conversion D:\wamp\www\waihui\Application\Admin\Controller\IndexController.class.php 第 23 行.
NOTIC: [8] Array to string conversion D:\wamp\www\waihui\Application\Admin\Controller\IndexController.class.php 第 23 行.
NOTIC: [8] Array to string conversion D:\wamp\www\waihui\Application\Admin\Controller\IndexController.class.php 第 23 行.
NOTIC: [8] Array to string conversion D:\wamp\www\waihui\Application\Admin\Controller\IndexController.class.php 第 23 行.
NOTIC: [8] Array to string conversion D:\wamp\www\waihui\Application\Admin\Controller\IndexController.class.php 第 23 行.
NOTIC: [8] Array to string conversion D:\wamp\www\waihui\Application\Admin\Controller\IndexController.class.php 第 23 行.
NOTIC: [8] Array to string conversion D:\wamp\www\waihui\Application\Admin\Controller\IndexController.class.php 第 23 行.
INFO: [ app_end ] --START--
INFO: Run Behavior\ShowPageTraceBehavior [ RunTime:0.001283s ]
INFO: [ app_end ] --END-- [ RunTime:0.001555s ]

[ 2018-09-17T13:17:17+08:00 ] 127.0.0.1 /admin/Index/test
INFO: [ app_init ] --START--
INFO: Run Behavior\BuildLiteBehavior [ RunTime:0.000081s ]
INFO: [ app_init ] --END-- [ RunTime:0.003069s ]
INFO: [ app_begin ] --START--
INFO: Run Behavior\ReadHtmlCacheBehavior [ RunTime:0.001676s ]
INFO: [ app_begin ] --END-- [ RunTime:0.002353s ]
SQL: SHOW COLUMNS FROM `login_msg` [ RunTime:0.0321s ]
SQL: SELECT * FROM `login_msg` ORDER BY date desc LIMIT 7   [ RunTime:0.0328s ]
INFO: [ app_end ] --START--
INFO: Run Behavior\ShowPageTraceBehavior [ RunTime:0.000996s ]
INFO: [ app_end ] --END-- [ RunTime:0.001300s ]

[ 2018-09-17T13:17:49+08:00 ] 127.0.0.1 /admin/Index/test
INFO: [ app_init ] --START--
INFO: Run Behavior\BuildLiteBehavior [ RunTime:0.000069s ]
INFO: [ app_init ] --END-- [ RunTime:0.001071s ]
INFO: [ app_begin ] --START--
INFO: Run Behavior\ReadHtmlCacheBehavior [ RunTime:0.004531s ]
INFO: [ app_begin ] --END-- [ RunTime:0.004961s ]
SQL: SHOW COLUMNS FROM `login_msg` [ RunTime:0.2548s ]
SQL: SELECT * FROM `login_msg` ORDER BY date desc LIMIT 7   [ RunTime:0.0252s ]
INFO: [ app_end ] --START--
INFO: Run Behavior\ShowPageTraceBehavior [ RunTime:0.001275s ]
INFO: [ app_end ] --END-- [ RunTime:0.001579s ]

[ 2018-09-17T13:18:52+08:00 ] 127.0.0.1 /admin/Index/test
INFO: [ app_init ] --START--
INFO: Run Behavior\BuildLiteBehavior [ RunTime:0.000060s ]
INFO: [ app_init ] --END-- [ RunTime:0.000864s ]
INFO: [ app_begin ] --START--
INFO: Run Behavior\ReadHtmlCacheBehavior [ RunTime:0.001400s ]
INFO: [ app_begin ] --END-- [ RunTime:0.001673s ]
SQL: SHOW COLUMNS FROM `login_msg` [ RunTime:0.0249s ]
SQL: SELECT * FROM `login_msg` ORDER BY date desc LIMIT 7   [ RunTime:0.0253s ]
INFO: [ app_end ] --START--
INFO: Run Behavior\ShowPageTraceBehavior [ RunTime:0.001025s ]
INFO: [ app_end ] --END-- [ RunTime:0.001243s ]

[ 2018-09-17T13:20:11+08:00 ] 127.0.0.1 /admin/Index/test
INFO: [ app_init ] --START--
INFO: Run Behavior\BuildLiteBehavior [ RunTime:0.000079s ]
INFO: [ app_init ] --END-- [ RunTime:0.001129s ]
INFO: [ app_begin ] --START--
INFO: Run Behavior\ReadHtmlCacheBehavior [ RunTime:0.004583s ]
INFO: [ app_begin ] --END-- [ RunTime:0.005217s ]
SQL: SHOW COLUMNS FROM `login_msg` [ RunTime:0.0294s ]
SQL: SELECT * FROM `login_msg` ORDER BY date desc LIMIT 7   [ RunTime:0.0282s ]
INFO: [ app_end ] --START--
INFO: Run Behavior\ShowPageTraceBehavior [ RunTime:0.002872s ]
INFO: [ app_end ] --END-- [ RunTime:0.003697s ]

[ 2018-09-17T13:20:11+08:00 ] 127.0.0.1 /admin/Index/test
INFO: [ app_init ] --START--
INFO: Run Behavior\BuildLiteBehavior [ RunTime:0.000053s ]
INFO: [ app_init ] --END-- [ RunTime:0.000889s ]
INFO: [ app_begin ] --START--
INFO: Run Behavior\ReadHtmlCacheBehavior [ RunTime:0.001252s ]
INFO: [ app_begin ] --END-- [ RunTime:0.001626s ]
SQL: SHOW COLUMNS FROM `login_msg` [ RunTime:0.0275s ]
SQL: SELECT * FROM `login_msg` ORDER BY date desc LIMIT 7   [ RunTime:0.0278s ]
INFO: [ app_end ] --START--
INFO: Run Behavior\ShowPageTraceBehavior [ RunTime:0.001232s ]
INFO: [ app_end ] --END-- [ RunTime:0.001493s ]

[ 2018-09-17T13:20:12+08:00 ] 127.0.0.1 /admin/Index/test
INFO: [ app_init ] --START--
INFO: Run Behavior\BuildLiteBehavior [ RunTime:0.000074s ]
INFO: [ app_init ] --END-- [ RunTime:0.001852s ]
INFO: [ app_begin ] --START--
INFO: Run Behavior\ReadHtmlCacheBehavior [ RunTime:0.000941s ]
INFO: [ app_begin ] --END-- [ RunTime:0.001308s ]
SQL: SHOW COLUMNS FROM `login_msg` [ RunTime:0.0201s ]
SQL: SELECT * FROM `login_msg` ORDER BY date desc LIMIT 7   [ RunTime:0.0195s ]
INFO: [ app_end ] --START--
INFO: Run Behavior\ShowPageTraceBehavior [ RunTime:0.001471s ]
INFO: [ app_end ] --END-- [ RunTime:0.001878s ]

[ 2018-09-17T13:22:27+08:00 ] 127.0.0.1 /admin
INFO: [ app_init ] --START--
INFO: Run Behavior\BuildLiteBehavior [ RunTime:0.000049s ]
INFO: [ app_init ] --END-- [ RunTime:0.000708s ]
INFO: [ app_begin ] --START--
INFO: Run Behavior\ReadHtmlCacheBehavior [ RunTime:0.000877s ]
INFO: [ app_begin ] --END-- [ RunTime:0.001136s ]
SQL: SHOW COLUMNS FROM `user` [ RunTime:0.0311s ]
SQL: SELECT COUNT(*) AS tp_count FROM `user` LIMIT 1   [ RunTime:0.0302s ]
SQL: SHOW COLUMNS FROM `recharge` [ RunTime:0.0309s ]
SQL: SELECT COUNT(*) AS tp_count FROM `recharge` LIMIT 1   [ RunTime:0.0307s ]
SQL: SHOW COLUMNS FROM `withdrawal` [ RunTime:0.0308s ]
SQL: SELECT COUNT(*) AS tp_count FROM `withdrawal` LIMIT 1   [ RunTime:0.0308s ]
SQL: SELECT `recharge_id`,`user_id`,`username`,recharge.money,recharge.status,`msg`,`detail`,recharge.create_time FROM `recharge` INNER JOIN user ON id = user_id  ORDER BY recharge.create_time desc LIMIT 5   [ RunTime:0.0308s ]
SQL: SELECT `withdrawal_id`,`user_id`,`username`,withdrawal.money,withdrawal.status,`msg`,withdrawal.create_time FROM `withdrawal` INNER JOIN user ON id = user_id  ORDER BY withdrawal.create_time desc LIMIT 5   [ RunTime:0.0310s ]
SQL: SHOW COLUMNS FROM `login_msg` [ RunTime:0.0303s ]
SQL: SELECT * FROM `login_msg` ORDER BY date desc LIMIT 7   [ RunTime:0.0311s ]
INFO: [ view_parse ] --START--
INFO: [ template_filter ] --START--
INFO: Run Behavior\ContentReplaceBehavior [ RunTime:0.000314s ]
INFO: [ template_filter ] --END-- [ RunTime:0.000539s ]
NOTIC: [8] Undefined offset: 1 D:\wamp\www\waihui\Application\Common\Common\function.php 第 147 行.
NOTIC: [8] Undefined offset: 1 D:\wamp\www\waihui\Application\Common\Common\function.php 第 147 行.
NOTIC: [8] Undefined offset: 1 D:\wamp\www\waihui\Application\Common\Common\function.php 第 147 行.
INFO: Run Behavior\ParseTemplateBehavior [ RunTime:0.160683s ]
INFO: [ view_parse ] --END-- [ RunTime:0.160943s ]
INFO: [ view_filter ] --START--
INFO: Run Behavior\WriteHtmlCacheBehavior [ RunTime:0.000629s ]
INFO: [ view_filter ] --END-- [ RunTime:0.000879s ]
INFO: [ app_end ] --START--
INFO: Run Behavior\ShowPageTraceBehavior [ RunTime:0.000863s ]
INFO: [ app_end ] --END-- [ RunTime:0.001116s ]

[ 2018-09-17T13:33:44+08:00 ] 127.0.0.1 /admin
INFO: [ app_init ] --START--
INFO: Run Behavior\BuildLiteBehavior [ RunTime:0.000077s ]
INFO: [ app_init ] --END-- [ RunTime:0.001146s ]
INFO: [ app_begin ] --START--
INFO: Run Behavior\ReadHtmlCacheBehavior [ RunTime:0.001273s ]
INFO: [ app_begin ] --END-- [ RunTime:0.001619s ]
SQL: SHOW COLUMNS FROM `user` [ RunTime:0.0273s ]
SQL: SELECT COUNT(*) AS tp_count FROM `user` LIMIT 1   [ RunTime:0.0271s ]
SQL: SHOW COLUMNS FROM `recharge` [ RunTime:0.0267s ]
SQL: SELECT COUNT(*) AS tp_count FROM `recharge` LIMIT 1   [ RunTime:0.0260s ]
SQL: SHOW COLUMNS FROM `withdrawal` [ RunTime:0.0278s ]
SQL: SELECT COUNT(*) AS tp_count FROM `withdrawal` LIMIT 1   [ RunTime:0.2537s ]
SQL: SELECT `recharge_id`,`user_id`,`username`,recharge.money,recharge.status,`msg`,`detail`,recharge.create_time FROM `recharge` INNER JOIN user ON id = user_id  ORDER BY recharge.create_time desc LIMIT 5   [ RunTime:0.0272s ]
SQL: SELECT `withdrawal_id`,`user_id`,`username`,withdrawal.money,withdrawal.status,`msg`,withdrawal.create_time FROM `withdrawal` INNER JOIN user ON id = user_id  ORDER BY withdrawal.create_time desc LIMIT 5   [ RunTime:0.0255s ]
SQL: SHOW COLUMNS FROM `login_msg` [ RunTime:0.0268s ]
SQL: SELECT * FROM `login_msg` ORDER BY date desc LIMIT 7   [ RunTime:0.0251s ]
INFO: [ view_parse ] --START--
INFO: [ template_filter ] --START--
INFO: Run Behavior\ContentReplaceBehavior [ RunTime:0.000379s ]
INFO: [ template_filter ] --END-- [ RunTime:0.000673s ]
NOTIC: [8] Undefined offset: 1 D:\wamp\www\waihui\Application\Common\Common\function.php 第 147 行.
NOTIC: [8] Undefined offset: 1 D:\wamp\www\waihui\Application\Common\Common\function.php 第 147 行.
NOTIC: [8] Undefined offset: 1 D:\wamp\www\waihui\Application\Common\Common\function.php 第 147 行.
INFO: Run Behavior\ParseTemplateBehavior [ RunTime:0.187602s ]
INFO: [ view_parse ] --END-- [ RunTime:0.188066s ]
INFO: [ view_filter ] --START--
INFO: Run Behavior\WriteHtmlCacheBehavior [ RunTime:0.000759s ]
INFO: [ view_filter ] --END-- [ RunTime:0.001033s ]
INFO: [ app_end ] --START--
INFO: Run Behavior\ShowPageTraceBehavior [ RunTime:0.001246s ]
INFO: [ app_end ] --END-- [ RunTime:0.001578s ]

