[ 2018-09-22T13:20:02+08:00 ] 127.0.0.1 /admin/login
INFO: [ app_init ] --START--
INFO: Run Behavior\BuildLiteBehavior [ RunTime:0.000086s ]
INFO: [ app_init ] --END-- [ RunTime:0.001361s ]
INFO: [ app_begin ] --START--
INFO: Run Behavior\ReadHtmlCacheBehavior [ RunTime:0.001310s ]
INFO: [ app_begin ] --END-- [ RunTime:0.001755s ]
INFO: [ view_parse ] --START--
INFO: [ template_filter ] --START--
INFO: Run Behavior\ContentReplaceBehavior [ RunTime:0.000173s ]
INFO: [ template_filter ] --END-- [ RunTime:0.000457s ]
INFO: Run Behavior\ParseTemplateBehavior [ RunTime:0.042178s ]
INFO: [ view_parse ] --END-- [ RunTime:0.042536s ]
INFO: [ view_filter ] --START--
INFO: Run Behavior\WriteHtmlCacheBehavior [ RunTime:0.000744s ]
INFO: [ view_filter ] --END-- [ RunTime:0.000991s ]
INFO: [ app_end ] --START--
INFO: Run Behavior\ShowPageTraceBehavior [ RunTime:0.001019s ]
INFO: [ app_end ] --END-- [ RunTime:0.001293s ]

[ 2018-09-22T13:20:07+08:00 ] 127.0.0.1 /index.php/Admin/Login/login
INFO: [ app_init ] --START--
INFO: Run Behavior\BuildLiteBehavior [ RunTime:0.000066s ]
INFO: [ app_init ] --END-- [ RunTime:0.001028s ]
INFO: [ app_begin ] --START--
INFO: Run Behavior\ReadHtmlCacheBehavior [ RunTime:0.000886s ]
INFO: [ app_begin ] --END-- [ RunTime:0.001184s ]
SQL: SHOW COLUMNS FROM `admin` [ RunTime:0.0279s ]
SQL: SELECT * FROM `admin` WHERE `account` = 'admin' LIMIT 1   [ RunTime:0.0261s ]
SQL: UPDATE `admin` SET `account`='admin',`password`='admin',`power`='2',`login_time`='1537593607' WHERE `id` = 1 [ RunTime:0.0315s ]

[ 2018-09-22T13:20:07+08:00 ] 127.0.0.1 /admin
INFO: [ app_init ] --START--
INFO: Run Behavior\BuildLiteBehavior [ RunTime:0.000068s ]
INFO: [ app_init ] --END-- [ RunTime:0.001015s ]
INFO: [ app_begin ] --START--
INFO: Run Behavior\ReadHtmlCacheBehavior [ RunTime:0.000752s ]
INFO: [ app_begin ] --END-- [ RunTime:0.001020s ]
SQL: SHOW COLUMNS FROM `user` [ RunTime:0.0201s ]
SQL: SELECT COUNT(*) AS tp_count FROM `user` LIMIT 1   [ RunTime:0.0196s ]
SQL: SHOW COLUMNS FROM `recharge` [ RunTime:0.0215s ]
SQL: SELECT COUNT(*) AS tp_count FROM `recharge` LIMIT 1   [ RunTime:0.0195s ]
SQL: SHOW COLUMNS FROM `withdrawal` [ RunTime:0.0201s ]
SQL: SELECT COUNT(*) AS tp_count FROM `withdrawal` LIMIT 1   [ RunTime:0.0200s ]
SQL: SELECT `recharge_id`,`user_id`,`username`,recharge.money,recharge.status,`msg`,`detail`,recharge.create_time FROM `recharge` INNER JOIN user ON id = user_id  ORDER BY recharge.create_time desc LIMIT 5   [ RunTime:0.0216s ]
SQL: SELECT `withdrawal_id`,`user_id`,`username`,withdrawal.money,withdrawal.status,`msg`,withdrawal.create_time FROM `withdrawal` INNER JOIN user ON id = user_id  ORDER BY withdrawal.create_time desc LIMIT 5   [ RunTime:0.0205s ]
SQL: SHOW COLUMNS FROM `login_msg` [ RunTime:0.0198s ]
SQL: SELECT * FROM `login_msg` ORDER BY date desc LIMIT 7   [ RunTime:0.0222s ]
INFO: [ view_parse ] --START--
INFO: [ template_filter ] --START--
INFO: Run Behavior\ContentReplaceBehavior [ RunTime:0.000378s ]
INFO: [ template_filter ] --END-- [ RunTime:0.000645s ]
NOTIC: [8] Undefined offset: 1 D:\wamp\www\waihui\Application\Common\Common\function.php 第 184 行.
NOTIC: [8] Undefined offset: 1 D:\wamp\www\waihui\Application\Common\Common\function.php 第 184 行.
NOTIC: [8] Undefined offset: 1 D:\wamp\www\waihui\Application\Common\Common\function.php 第 184 行.
INFO: Run Behavior\ParseTemplateBehavior [ RunTime:0.298953s ]
INFO: [ view_parse ] --END-- [ RunTime:0.299339s ]
INFO: [ view_filter ] --START--
INFO: Run Behavior\WriteHtmlCacheBehavior [ RunTime:0.000612s ]
INFO: [ view_filter ] --END-- [ RunTime:0.000838s ]
INFO: [ app_end ] --START--
INFO: Run Behavior\ShowPageTraceBehavior [ RunTime:0.001218s ]
INFO: [ app_end ] --END-- [ RunTime:0.001503s ]

[ 2018-09-22T13:27:57+08:00 ] 127.0.0.1 /index.php/Admin/user
INFO: [ app_init ] --START--
INFO: Run Behavior\BuildLiteBehavior [ RunTime:0.000074s ]
INFO: [ app_init ] --END-- [ RunTime:0.001064s ]
INFO: [ app_begin ] --START--
INFO: Run Behavior\ReadHtmlCacheBehavior [ RunTime:0.001601s ]
INFO: [ app_begin ] --END-- [ RunTime:0.001975s ]
SQL: SHOW COLUMNS FROM `user` [ RunTime:0.0306s ]
SQL: SELECT COUNT(*) AS tp_count FROM `user` LIMIT 1   [ RunTime:0.2519s ]
SQL: SELECT * FROM `user` LIMIT 0,10   [ RunTime:0.0269s ]
INFO: [ view_parse ] --START--
INFO: [ template_filter ] --START--
INFO: Run Behavior\ContentReplaceBehavior [ RunTime:0.000305s ]
INFO: [ template_filter ] --END-- [ RunTime:0.000619s ]
INFO: Run Behavior\ParseTemplateBehavior [ RunTime:0.158486s ]
INFO: [ view_parse ] --END-- [ RunTime:0.158849s ]
INFO: [ view_filter ] --START--
INFO: Run Behavior\WriteHtmlCacheBehavior [ RunTime:0.000752s ]
INFO: [ view_filter ] --END-- [ RunTime:0.001029s ]
INFO: [ app_end ] --START--
INFO: Run Behavior\ShowPageTraceBehavior [ RunTime:0.001261s ]
INFO: [ app_end ] --END-- [ RunTime:0.001559s ]

[ 2018-09-22T14:07:59+08:00 ] 127.0.0.1 /admin/login
INFO: [ app_init ] --START--
INFO: Run Behavior\BuildLiteBehavior [ RunTime:0.000083s ]
INFO: [ app_init ] --END-- [ RunTime:0.001508s ]
INFO: [ app_begin ] --START--
INFO: Run Behavior\ReadHtmlCacheBehavior [ RunTime:0.001347s ]
INFO: [ app_begin ] --END-- [ RunTime:0.001762s ]
INFO: [ view_parse ] --START--
INFO: [ template_filter ] --START--
INFO: Run Behavior\ContentReplaceBehavior [ RunTime:0.000186s ]
INFO: [ template_filter ] --END-- [ RunTime:0.000481s ]
INFO: Run Behavior\ParseTemplateBehavior [ RunTime:0.031796s ]
INFO: [ view_parse ] --END-- [ RunTime:0.032138s ]
INFO: [ view_filter ] --START--
INFO: Run Behavior\WriteHtmlCacheBehavior [ RunTime:0.000662s ]
INFO: [ view_filter ] --END-- [ RunTime:0.000938s ]
INFO: [ app_end ] --START--
INFO: Run Behavior\ShowPageTraceBehavior [ RunTime:0.001214s ]
INFO: [ app_end ] --END-- [ RunTime:0.001657s ]

[ 2018-09-22T14:08:06+08:00 ] 127.0.0.1 /index.php/Admin/Login/login
INFO: [ app_init ] --START--
INFO: Run Behavior\BuildLiteBehavior [ RunTime:0.000158s ]
INFO: [ app_init ] --END-- [ RunTime:0.000976s ]
INFO: [ app_begin ] --START--
INFO: Run Behavior\ReadHtmlCacheBehavior [ RunTime:0.001104s ]
INFO: [ app_begin ] --END-- [ RunTime:0.001424s ]
SQL: SHOW COLUMNS FROM `admin` [ RunTime:0.0292s ]
SQL: SELECT * FROM `admin` WHERE `account` = 'admin' LIMIT 1   [ RunTime:0.0291s ]
SQL: UPDATE `admin` SET `account`='admin',`password`='admin',`power`='2',`login_time`='1537596486' WHERE `id` = 1 [ RunTime:0.0375s ]

[ 2018-09-22T14:08:07+08:00 ] 127.0.0.1 /admin
INFO: [ app_init ] --START--
INFO: Run Behavior\BuildLiteBehavior [ RunTime:0.000054s ]
INFO: [ app_init ] --END-- [ RunTime:0.000717s ]
INFO: [ app_begin ] --START--
INFO: Run Behavior\ReadHtmlCacheBehavior [ RunTime:0.001173s ]
INFO: [ app_begin ] --END-- [ RunTime:0.001559s ]
SQL: SHOW COLUMNS FROM `user` [ RunTime:0.0200s ]
SQL: SELECT COUNT(*) AS tp_count FROM `user` LIMIT 1   [ RunTime:0.0200s ]
SQL: SHOW COLUMNS FROM `recharge` [ RunTime:0.0196s ]
SQL: SELECT COUNT(*) AS tp_count FROM `recharge` LIMIT 1   [ RunTime:0.0200s ]
SQL: SHOW COLUMNS FROM `withdrawal` [ RunTime:0.0205s ]
SQL: SELECT COUNT(*) AS tp_count FROM `withdrawal` LIMIT 1   [ RunTime:0.0190s ]
SQL: SELECT `recharge_id`,`user_id`,`username`,recharge.money,recharge.status,`msg`,`detail`,recharge.create_time FROM `recharge` INNER JOIN user ON id = user_id  ORDER BY recharge.create_time desc LIMIT 5   [ RunTime:0.0198s ]
SQL: SELECT `withdrawal_id`,`user_id`,`username`,withdrawal.money,withdrawal.status,`msg`,withdrawal.create_time FROM `withdrawal` INNER JOIN user ON id = user_id  ORDER BY withdrawal.create_time desc LIMIT 5   [ RunTime:0.0203s ]
SQL: SHOW COLUMNS FROM `login_msg` [ RunTime:0.0192s ]
SQL: SELECT * FROM `login_msg` ORDER BY date desc LIMIT 7   [ RunTime:0.0193s ]
INFO: [ view_parse ] --START--
INFO: [ template_filter ] --START--
INFO: Run Behavior\ContentReplaceBehavior [ RunTime:0.000320s ]
INFO: [ template_filter ] --END-- [ RunTime:0.000553s ]
NOTIC: [8] Undefined offset: 1 D:\wamp\www\waihui\Application\Common\Common\function.php 第 184 行.
NOTIC: [8] Undefined offset: 1 D:\wamp\www\waihui\Application\Common\Common\function.php 第 184 行.
NOTIC: [8] Undefined offset: 1 D:\wamp\www\waihui\Application\Common\Common\function.php 第 184 行.
INFO: Run Behavior\ParseTemplateBehavior [ RunTime:0.232866s ]
INFO: [ view_parse ] --END-- [ RunTime:0.233206s ]
INFO: [ view_filter ] --START--
INFO: Run Behavior\WriteHtmlCacheBehavior [ RunTime:0.001209s ]
INFO: [ view_filter ] --END-- [ RunTime:0.001548s ]
INFO: [ app_end ] --START--
INFO: Run Behavior\ShowPageTraceBehavior [ RunTime:0.001052s ]
INFO: [ app_end ] --END-- [ RunTime:0.001306s ]

[ 2018-09-22T14:15:34+08:00 ] 127.0.0.1 /index.php/Admin/user
INFO: [ app_init ] --START--
INFO: Run Behavior\BuildLiteBehavior [ RunTime:0.000055s ]
INFO: [ app_init ] --END-- [ RunTime:0.000888s ]
INFO: [ app_begin ] --START--
INFO: Run Behavior\ReadHtmlCacheBehavior [ RunTime:0.000954s ]
INFO: [ app_begin ] --END-- [ RunTime:0.001213s ]
SQL: SHOW COLUMNS FROM `user` [ RunTime:0.0256s ]
SQL: SELECT COUNT(*) AS tp_count FROM `user` LIMIT 1   [ RunTime:0.0248s ]
SQL: SELECT * FROM `user` LIMIT 0,10   [ RunTime:0.0252s ]
INFO: [ view_parse ] --START--
INFO: [ template_filter ] --START--
INFO: Run Behavior\ContentReplaceBehavior [ RunTime:0.000297s ]
INFO: [ template_filter ] --END-- [ RunTime:0.000588s ]
INFO: Run Behavior\ParseTemplateBehavior [ RunTime:0.129384s ]
INFO: [ view_parse ] --END-- [ RunTime:0.129688s ]
INFO: [ view_filter ] --START--
INFO: Run Behavior\WriteHtmlCacheBehavior [ RunTime:0.000717s ]
INFO: [ view_filter ] --END-- [ RunTime:0.000964s ]
INFO: [ app_end ] --START--
INFO: Run Behavior\ShowPageTraceBehavior [ RunTime:0.001274s ]
INFO: [ app_end ] --END-- [ RunTime:0.001932s ]

[ 2018-09-22T14:28:41+08:00 ] 127.0.0.1 /index.php/Admin/user
INFO: [ app_init ] --START--
INFO: Run Behavior\BuildLiteBehavior [ RunTime:0.000082s ]
INFO: [ app_init ] --END-- [ RunTime:0.001611s ]
INFO: [ app_begin ] --START--
INFO: Run Behavior\ReadHtmlCacheBehavior [ RunTime:0.003145s ]
INFO: [ app_begin ] --END-- [ RunTime:0.003731s ]
SQL: SHOW COLUMNS FROM `user` [ RunTime:0.0307s ]
SQL: SELECT COUNT(*) AS tp_count FROM `user` LIMIT 1   [ RunTime:0.0298s ]
SQL: SELECT * FROM `user` LIMIT 0,10   [ RunTime:0.0304s ]
INFO: [ view_parse ] --START--
INFO: [ template_filter ] --START--
INFO: Run Behavior\ContentReplaceBehavior [ RunTime:0.000305s ]
INFO: [ template_filter ] --END-- [ RunTime:0.000629s ]
INFO: Run Behavior\ParseTemplateBehavior [ RunTime:0.119930s ]
INFO: [ view_parse ] --END-- [ RunTime:0.120265s ]
INFO: [ view_filter ] --START--
INFO: Run Behavior\WriteHtmlCacheBehavior [ RunTime:0.000968s ]
INFO: [ view_filter ] --END-- [ RunTime:0.001547s ]
INFO: [ app_end ] --START--
INFO: Run Behavior\ShowPageTraceBehavior [ RunTime:0.001530s ]
INFO: [ app_end ] --END-- [ RunTime:0.001926s ]

[ 2018-09-22T14:29:23+08:00 ] 127.0.0.1 /index.php/Admin/user
INFO: [ app_init ] --START--
INFO: Run Behavior\BuildLiteBehavior [ RunTime:0.000056s ]
INFO: [ app_init ] --END-- [ RunTime:0.000982s ]
INFO: [ app_begin ] --START--
INFO: Run Behavior\ReadHtmlCacheBehavior [ RunTime:0.001114s ]
INFO: [ app_begin ] --END-- [ RunTime:0.001524s ]
SQL: SHOW COLUMNS FROM `user` [ RunTime:0.0464s ]
SQL: SELECT COUNT(*) AS tp_count FROM `user` LIMIT 1   [ RunTime:0.0192s ]
SQL: SELECT * FROM `user` LIMIT 0,10   [ RunTime:0.0280s ]
INFO: [ view_parse ] --START--
INFO: [ template_filter ] --START--
INFO: Run Behavior\ContentReplaceBehavior [ RunTime:0.000249s ]
INFO: [ template_filter ] --END-- [ RunTime:0.000479s ]
INFO: Run Behavior\ParseTemplateBehavior [ RunTime:0.104462s ]
INFO: [ view_parse ] --END-- [ RunTime:0.104738s ]
INFO: [ view_filter ] --START--
INFO: Run Behavior\WriteHtmlCacheBehavior [ RunTime:0.001031s ]
INFO: [ view_filter ] --END-- [ RunTime:0.001346s ]
INFO: [ app_end ] --START--
INFO: Run Behavior\ShowPageTraceBehavior [ RunTime:0.002560s ]
INFO: [ app_end ] --END-- [ RunTime:0.003139s ]

[ 2018-09-22T14:30:10+08:00 ] 127.0.0.1 /index.php/Admin/user
INFO: [ app_init ] --START--
INFO: Run Behavior\BuildLiteBehavior [ RunTime:0.000079s ]
INFO: [ app_init ] --END-- [ RunTime:0.001115s ]
INFO: [ app_begin ] --START--
INFO: Run Behavior\ReadHtmlCacheBehavior [ RunTime:0.001323s ]
INFO: [ app_begin ] --END-- [ RunTime:0.001891s ]
SQL: SHOW COLUMNS FROM `user` [ RunTime:0.0197s ]
SQL: SELECT COUNT(*) AS tp_count FROM `user` LIMIT 1   [ RunTime:0.0191s ]
SQL: SELECT * FROM `user` LIMIT 0,10   [ RunTime:0.0202s ]
INFO: [ view_parse ] --START--
INFO: [ template_filter ] --START--
INFO: Run Behavior\ContentReplaceBehavior [ RunTime:0.000536s ]
INFO: [ template_filter ] --END-- [ RunTime:0.000933s ]
INFO: Run Behavior\ParseTemplateBehavior [ RunTime:0.135309s ]
INFO: [ view_parse ] --END-- [ RunTime:0.135812s ]
INFO: [ view_filter ] --START--
INFO: Run Behavior\WriteHtmlCacheBehavior [ RunTime:0.001903s ]
INFO: [ view_filter ] --END-- [ RunTime:0.002436s ]
INFO: [ app_end ] --START--
INFO: Run Behavior\ShowPageTraceBehavior [ RunTime:0.002416s ]
INFO: [ app_end ] --END-- [ RunTime:0.002940s ]

[ 2018-09-22T14:32:09+08:00 ] 127.0.0.1 /index.php/Admin/user
INFO: [ app_init ] --START--
INFO: Run Behavior\BuildLiteBehavior [ RunTime:0.000061s ]
INFO: [ app_init ] --END-- [ RunTime:0.000794s ]
INFO: [ app_begin ] --START--
INFO: Run Behavior\ReadHtmlCacheBehavior [ RunTime:0.001433s ]
INFO: [ app_begin ] --END-- [ RunTime:0.001740s ]
SQL: SHOW COLUMNS FROM `user` [ RunTime:0.0225s ]
SQL: SELECT COUNT(*) AS tp_count FROM `user` LIMIT 1   [ RunTime:0.0236s ]
SQL: SELECT * FROM `user` LIMIT 0,10   [ RunTime:0.0215s ]
SQL: SELECT COUNT(*) AS tp_count FROM `user` WHERE `status` = 1 LIMIT 1   [ RunTime:0.0208s ]
INFO: [ view_parse ] --START--
INFO: [ template_filter ] --START--
INFO: Run Behavior\ContentReplaceBehavior [ RunTime:0.000247s ]
INFO: [ template_filter ] --END-- [ RunTime:0.000473s ]
INFO: Run Behavior\ParseTemplateBehavior [ RunTime:0.111659s ]
INFO: [ view_parse ] --END-- [ RunTime:0.112120s ]
INFO: [ view_filter ] --START--
INFO: Run Behavior\WriteHtmlCacheBehavior [ RunTime:0.000785s ]
INFO: [ view_filter ] --END-- [ RunTime:0.001119s ]
INFO: [ app_end ] --START--
INFO: Run Behavior\ShowPageTraceBehavior [ RunTime:0.001729s ]
INFO: [ app_end ] --END-- [ RunTime:0.002089s ]

[ 2018-09-22T14:40:58+08:00 ] 127.0.0.1 /index.php/Admin/user
INFO: [ app_init ] --START--
INFO: Run Behavior\BuildLiteBehavior [ RunTime:0.000106s ]
INFO: [ app_init ] --END-- [ RunTime:0.001255s ]
INFO: [ app_begin ] --START--
INFO: Run Behavior\ReadHtmlCacheBehavior [ RunTime:0.001574s ]
INFO: [ app_begin ] --END-- [ RunTime:0.001929s ]
SQL: SHOW COLUMNS FROM `user` [ RunTime:0.0241s ]
SQL: SELECT COUNT(*) AS tp_count FROM `user` LIMIT 1   [ RunTime:0.0230s ]
SQL: SELECT * FROM `user` LIMIT 0,10   [ RunTime:0.0247s ]
SQL: SELECT COUNT(*) AS tp_count FROM `user` WHERE `status` = 1 LIMIT 1   [ RunTime:0.0227s ]
INFO: [ view_parse ] --START--
INFO: [ template_filter ] --START--
INFO: Run Behavior\ContentReplaceBehavior [ RunTime:0.000316s ]
INFO: [ template_filter ] --END-- [ RunTime:0.000593s ]
INFO: Run Behavior\ParseTemplateBehavior [ RunTime:0.118745s ]
INFO: [ view_parse ] --END-- [ RunTime:0.119238s ]
INFO: [ view_filter ] --START--
INFO: Run Behavior\WriteHtmlCacheBehavior [ RunTime:0.001097s ]
INFO: [ view_filter ] --END-- [ RunTime:0.001443s ]
INFO: [ app_end ] --START--
INFO: Run Behavior\ShowPageTraceBehavior [ RunTime:0.001465s ]
INFO: [ app_end ] --END-- [ RunTime:0.001857s ]

[ 2018-09-22T14:41:00+08:00 ] 127.0.0.1 /index.php/Admin/User/verify
INFO: [ app_init ] --START--
INFO: Run Behavior\BuildLiteBehavior [ RunTime:0.000078s ]
INFO: [ app_init ] --END-- [ RunTime:0.001262s ]
INFO: [ app_begin ] --START--
INFO: Run Behavior\ReadHtmlCacheBehavior [ RunTime:0.001919s ]
INFO: [ app_begin ] --END-- [ RunTime:0.002331s ]
SQL: SHOW COLUMNS FROM `user` [ RunTime:0.0263s ]
SQL: SELECT * FROM `user` WHERE `status` = 1  [ RunTime:0.0252s ]
INFO: [ view_parse ] --START--
INFO: [ template_filter ] --START--
INFO: Run Behavior\ContentReplaceBehavior [ RunTime:0.000398s ]
INFO: [ template_filter ] --END-- [ RunTime:0.000768s ]
NOTIC: [8] Undefined variable: page D:\wamp\www\waihui\Application\Runtime\Cache\Admin\b4443a768d0163bd3195b84fe3a19d39.php 第 123 行.
INFO: Run Behavior\ParseTemplateBehavior [ RunTime:0.130911s ]
INFO: [ view_parse ] --END-- [ RunTime:0.131579s ]
INFO: [ view_filter ] --START--
INFO: Run Behavior\WriteHtmlCacheBehavior [ RunTime:0.001169s ]
INFO: [ view_filter ] --END-- [ RunTime:0.001608s ]
INFO: [ app_end ] --START--
INFO: Run Behavior\ShowPageTraceBehavior [ RunTime:0.002249s ]
INFO: [ app_end ] --END-- [ RunTime:0.002658s ]

[ 2018-09-22T14:59:16+08:00 ] 127.0.0.1 /index.php/Admin/User/verify
INFO: [ app_init ] --START--
INFO: Run Behavior\BuildLiteBehavior [ RunTime:0.000101s ]
INFO: [ app_init ] --END-- [ RunTime:0.005467s ]
INFO: [ app_begin ] --START--
INFO: Run Behavior\ReadHtmlCacheBehavior [ RunTime:0.013394s ]
INFO: [ app_begin ] --END-- [ RunTime:0.014031s ]
SQL: SHOW COLUMNS FROM `user` [ RunTime:0.0268s ]
SQL: SELECT * FROM `user` WHERE `status` = 1 LIMIT 20   [ RunTime:0.0271s ]
INFO: [ view_parse ] --START--
INFO: [ template_filter ] --START--
INFO: Run Behavior\ContentReplaceBehavior [ RunTime:0.000411s ]
INFO: [ template_filter ] --END-- [ RunTime:0.000837s ]
INFO: Run Behavior\ParseTemplateBehavior [ RunTime:0.190495s ]
INFO: [ view_parse ] --END-- [ RunTime:0.190939s ]
INFO: [ view_filter ] --START--
INFO: Run Behavior\WriteHtmlCacheBehavior [ RunTime:0.001004s ]
INFO: [ view_filter ] --END-- [ RunTime:0.001361s ]
INFO: [ app_end ] --START--
INFO: Run Behavior\ShowPageTraceBehavior [ RunTime:0.003254s ]
INFO: [ app_end ] --END-- [ RunTime:0.003837s ]

[ 2018-09-22T14:59:18+08:00 ] 127.0.0.1 /index.php/Admin/User/doVerify
INFO: [ app_init ] --START--
INFO: Run Behavior\BuildLiteBehavior [ RunTime:0.000073s ]
INFO: [ app_init ] --END-- [ RunTime:0.001070s ]
INFO: [ app_begin ] --START--
INFO: Run Behavior\ReadHtmlCacheBehavior [ RunTime:0.001077s ]
INFO: [ app_begin ] --END-- [ RunTime:0.001409s ]
SQL: SHOW COLUMNS FROM `user` [ RunTime:0.0264s ]
SQL: UPDATE `user` SET `status`='2' WHERE `id` = 100001 [ RunTime:0.0294s ]

[ 2018-09-22T14:59:18+08:00 ] 127.0.0.1 /index.php/Admin/User/verify
INFO: [ app_init ] --START--
INFO: Run Behavior\BuildLiteBehavior [ RunTime:0.000079s ]
INFO: [ app_init ] --END-- [ RunTime:0.001243s ]
INFO: [ app_begin ] --START--
INFO: Run Behavior\ReadHtmlCacheBehavior [ RunTime:0.000940s ]
INFO: [ app_begin ] --END-- [ RunTime:0.001266s ]
SQL: SHOW COLUMNS FROM `user` [ RunTime:0.0202s ]
SQL: SELECT * FROM `user` WHERE `status` = 1 LIMIT 20   [ RunTime:0.0196s ]
INFO: [ view_parse ] --START--
INFO: [ template_filter ] --START--
INFO: Run Behavior\ContentReplaceBehavior [ RunTime:0.000315s ]
INFO: [ template_filter ] --END-- [ RunTime:0.000646s ]
INFO: Run Behavior\ParseTemplateBehavior [ RunTime:0.107256s ]
INFO: [ view_parse ] --END-- [ RunTime:0.107569s ]
INFO: [ view_filter ] --START--
INFO: Run Behavior\WriteHtmlCacheBehavior [ RunTime:0.000513s ]
INFO: [ view_filter ] --END-- [ RunTime:0.000764s ]
INFO: [ app_end ] --START--
INFO: Run Behavior\ShowPageTraceBehavior [ RunTime:0.000916s ]
INFO: [ app_end ] --END-- [ RunTime:0.001181s ]

[ 2018-09-22T14:59:28+08:00 ] 127.0.0.1 /index.php/Admin/user
INFO: [ app_init ] --START--
INFO: Run Behavior\BuildLiteBehavior [ RunTime:0.000049s ]
INFO: [ app_init ] --END-- [ RunTime:0.000626s ]
INFO: [ app_begin ] --START--
INFO: Run Behavior\ReadHtmlCacheBehavior [ RunTime:0.000629s ]
INFO: [ app_begin ] --END-- [ RunTime:0.000843s ]
SQL: SHOW COLUMNS FROM `user` [ RunTime:0.0324s ]
SQL: SELECT COUNT(*) AS tp_count FROM `user` LIMIT 1   [ RunTime:0.0337s ]
SQL: SELECT * FROM `user` LIMIT 0,10   [ RunTime:0.0321s ]
SQL: SELECT COUNT(*) AS tp_count FROM `user` WHERE `status` = 1 LIMIT 1   [ RunTime:0.0314s ]
INFO: [ view_parse ] --START--
INFO: [ template_filter ] --START--
INFO: Run Behavior\ContentReplaceBehavior [ RunTime:0.000310s ]
INFO: [ template_filter ] --END-- [ RunTime:0.000586s ]
INFO: Run Behavior\ParseTemplateBehavior [ RunTime:0.107279s ]
INFO: [ view_parse ] --END-- [ RunTime:0.107605s ]
INFO: [ view_filter ] --START--
INFO: Run Behavior\WriteHtmlCacheBehavior [ RunTime:0.000426s ]
INFO: [ view_filter ] --END-- [ RunTime:0.000676s ]
INFO: [ app_end ] --START--
INFO: Run Behavior\ShowPageTraceBehavior [ RunTime:0.000958s ]
INFO: [ app_end ] --END-- [ RunTime:0.001220s ]

[ 2018-09-22T15:04:43+08:00 ] 127.0.0.1 /index.php/Admin/User/detail?id=100001
INFO: [ app_init ] --START--
INFO: Run Behavior\BuildLiteBehavior [ RunTime:0.000046s ]
INFO: [ app_init ] --END-- [ RunTime:0.000681s ]
INFO: [ app_begin ] --START--
INFO: Run Behavior\ReadHtmlCacheBehavior [ RunTime:0.000992s ]
INFO: [ app_begin ] --END-- [ RunTime:0.001293s ]
SQL: SHOW COLUMNS FROM `user` [ RunTime:0.0211s ]
SQL: SELECT * FROM `user` WHERE `id` = 100001 LIMIT 1   [ RunTime:0.0206s ]
SQL: SHOW COLUMNS FROM `recharge` [ RunTime:0.0214s ]
SQL: SHOW COLUMNS FROM `withdrawal` [ RunTime:0.0198s ]
SQL: SELECT COUNT(*) AS tp_count FROM `recharge` LIMIT 1   [ RunTime:0.0192s ]
SQL: SELECT COUNT(*) AS tp_count FROM `withdrawal` LIMIT 1   [ RunTime:0.0212s ]
SQL: SELECT * FROM `recharge` LIMIT 0,5   [ RunTime:0.0195s ]
SQL: SELECT * FROM `withdrawal` LIMIT 0,5   [ RunTime:0.0202s ]
INFO: [ view_parse ] --START--
INFO: [ template_filter ] --START--
INFO: Run Behavior\ContentReplaceBehavior [ RunTime:0.000980s ]
INFO: [ template_filter ] --END-- [ RunTime:0.001276s ]
INFO: Run Behavior\ParseTemplateBehavior [ RunTime:0.206354s ]
INFO: [ view_parse ] --END-- [ RunTime:0.206669s ]
INFO: [ view_filter ] --START--
INFO: Run Behavior\WriteHtmlCacheBehavior [ RunTime:0.000658s ]
INFO: [ view_filter ] --END-- [ RunTime:0.000919s ]
INFO: [ app_end ] --START--
INFO: Run Behavior\ShowPageTraceBehavior [ RunTime:0.001126s ]
INFO: [ app_end ] --END-- [ RunTime:0.001458s ]

[ 2018-09-22T15:05:04+08:00 ] 127.0.0.1 /index.php/Admin/User/detail?id=100001
INFO: [ app_init ] --START--
INFO: Run Behavior\BuildLiteBehavior [ RunTime:0.000065s ]
INFO: [ app_init ] --END-- [ RunTime:0.000861s ]
INFO: [ app_begin ] --START--
INFO: Run Behavior\ReadHtmlCacheBehavior [ RunTime:0.001006s ]
INFO: [ app_begin ] --END-- [ RunTime:0.001281s ]
SQL: SHOW COLUMNS FROM `user` [ RunTime:0.0329s ]
SQL: SELECT * FROM `user` WHERE `id` = 100001 LIMIT 1   [ RunTime:0.0330s ]
SQL: SHOW COLUMNS FROM `recharge` [ RunTime:0.0323s ]
SQL: SHOW COLUMNS FROM `withdrawal` [ RunTime:0.0322s ]
SQL: SELECT COUNT(*) AS tp_count FROM `recharge` LIMIT 1   [ RunTime:0.0318s ]
SQL: SELECT COUNT(*) AS tp_count FROM `withdrawal` LIMIT 1   [ RunTime:0.0326s ]
SQL: SELECT * FROM `recharge` LIMIT 0,5   [ RunTime:0.0330s ]
SQL: SELECT * FROM `withdrawal` LIMIT 0,5   [ RunTime:0.0320s ]
INFO: [ view_parse ] --START--
INFO: [ template_filter ] --START--
INFO: Run Behavior\ContentReplaceBehavior [ RunTime:0.000387s ]
INFO: [ template_filter ] --END-- [ RunTime:0.000710s ]
INFO: Run Behavior\ParseTemplateBehavior [ RunTime:0.190253s ]
INFO: [ view_parse ] --END-- [ RunTime:0.190587s ]
INFO: [ view_filter ] --START--
INFO: Run Behavior\WriteHtmlCacheBehavior [ RunTime:0.000788s ]
INFO: [ view_filter ] --END-- [ RunTime:0.001018s ]
INFO: [ app_end ] --START--
INFO: Run Behavior\ShowPageTraceBehavior [ RunTime:0.001278s ]
INFO: [ app_end ] --END-- [ RunTime:0.001653s ]

[ 2018-09-22T15:10:54+08:00 ] 127.0.0.1 /index.php/Admin/Product
INFO: [ app_init ] --START--
INFO: Run Behavior\BuildLiteBehavior [ RunTime:0.000055s ]
INFO: [ app_init ] --END-- [ RunTime:0.000791s ]
INFO: [ app_begin ] --START--
INFO: Run Behavior\ReadHtmlCacheBehavior [ RunTime:0.001552s ]
INFO: [ app_begin ] --END-- [ RunTime:0.001862s ]
SQL: SHOW COLUMNS FROM `product` [ RunTime:0.0292s ]
SQL: SELECT COUNT(*) AS tp_count FROM `product` LIMIT 1   [ RunTime:0.0249s ]
SQL: SELECT * FROM `product` LIMIT 0,10   [ RunTime:0.0250s ]
INFO: [ view_parse ] --START--
INFO: [ template_filter ] --START--
INFO: Run Behavior\ContentReplaceBehavior [ RunTime:0.000353s ]
INFO: [ template_filter ] --END-- [ RunTime:0.000663s ]
INFO: Run Behavior\ParseTemplateBehavior [ RunTime:0.138703s ]
INFO: [ view_parse ] --END-- [ RunTime:0.139203s ]
INFO: [ view_filter ] --START--
INFO: Run Behavior\WriteHtmlCacheBehavior [ RunTime:0.001191s ]
INFO: [ view_filter ] --END-- [ RunTime:0.001498s ]
INFO: [ app_end ] --START--
INFO: Run Behavior\ShowPageTraceBehavior [ RunTime:0.001149s ]
INFO: [ app_end ] --END-- [ RunTime:0.001434s ]

[ 2018-09-22T15:10:55+08:00 ] 127.0.0.1 /index.php/Admin/Product/enable
INFO: [ app_init ] --START--
INFO: Run Behavior\BuildLiteBehavior [ RunTime:0.000057s ]
INFO: [ app_init ] --END-- [ RunTime:0.000781s ]
INFO: [ app_begin ] --START--
INFO: Run Behavior\ReadHtmlCacheBehavior [ RunTime:0.000751s ]
INFO: [ app_begin ] --END-- [ RunTime:0.000988s ]
SQL: SHOW COLUMNS FROM `product` [ RunTime:0.0287s ]
SQL: UPDATE `product` SET `enable`='1' WHERE `id` = 1 [ RunTime:0.0345s ]

[ 2018-09-22T15:12:34+08:00 ] 127.0.0.1 /index.php/Admin/Product/Add
INFO: [ app_init ] --START--
INFO: Run Behavior\BuildLiteBehavior [ RunTime:0.000056s ]
INFO: [ app_init ] --END-- [ RunTime:0.000772s ]
INFO: [ app_begin ] --START--
INFO: Run Behavior\ReadHtmlCacheBehavior [ RunTime:0.001199s ]
INFO: [ app_begin ] --END-- [ RunTime:0.001700s ]
INFO: [ view_parse ] --START--
INFO: [ template_filter ] --START--
INFO: Run Behavior\ContentReplaceBehavior [ RunTime:0.000410s ]
INFO: [ template_filter ] --END-- [ RunTime:0.000749s ]
NOTIC: [8] Undefined variable: images D:\wamp\www\waihui\Application\Runtime\Cache\Admin\151ba4a295a89eccbd08eeec38907d10.php 第 202 行.
INFO: Run Behavior\ParseTemplateBehavior [ RunTime:0.148197s ]
INFO: [ view_parse ] --END-- [ RunTime:0.148568s ]
INFO: [ view_filter ] --START--
INFO: Run Behavior\WriteHtmlCacheBehavior [ RunTime:0.000683s ]
INFO: [ view_filter ] --END-- [ RunTime:0.000931s ]
INFO: [ app_end ] --START--
INFO: Run Behavior\ShowPageTraceBehavior [ RunTime:0.001630s ]
INFO: [ app_end ] --END-- [ RunTime:0.001915s ]

[ 2018-09-22T15:17:12+08:00 ] 127.0.0.1 /index.php/Admin/Product/Add
INFO: [ app_init ] --START--
INFO: Run Behavior\BuildLiteBehavior [ RunTime:0.000054s ]
INFO: [ app_init ] --END-- [ RunTime:0.000766s ]
INFO: [ app_begin ] --START--
INFO: Run Behavior\ReadHtmlCacheBehavior [ RunTime:0.003416s ]
INFO: [ app_begin ] --END-- [ RunTime:0.003869s ]
INFO: [ view_parse ] --START--
INFO: [ template_filter ] --START--
INFO: Run Behavior\ContentReplaceBehavior [ RunTime:0.000332s ]
INFO: [ template_filter ] --END-- [ RunTime:0.000622s ]
NOTIC: [8] Undefined variable: images D:\wamp\www\waihui\Application\Runtime\Cache\Admin\151ba4a295a89eccbd08eeec38907d10.php 第 202 行.
INFO: Run Behavior\ParseTemplateBehavior [ RunTime:0.140233s ]
INFO: [ view_parse ] --END-- [ RunTime:0.140577s ]
INFO: [ view_filter ] --START--
INFO: Run Behavior\WriteHtmlCacheBehavior [ RunTime:0.000902s ]
INFO: [ view_filter ] --END-- [ RunTime:0.001304s ]
INFO: [ app_end ] --START--
INFO: Run Behavior\ShowPageTraceBehavior [ RunTime:0.001260s ]
INFO: [ app_end ] --END-- [ RunTime:0.001652s ]

[ 2018-09-22T15:20:47+08:00 ] 127.0.0.1 /index.php/Admin/Product/detail?id=1
INFO: [ app_init ] --START--
INFO: Run Behavior\BuildLiteBehavior [ RunTime:0.000066s ]
INFO: [ app_init ] --END-- [ RunTime:0.001036s ]
INFO: [ app_begin ] --START--
INFO: Run Behavior\ReadHtmlCacheBehavior [ RunTime:0.000962s ]
INFO: [ app_begin ] --END-- [ RunTime:0.001257s ]
SQL: SHOW COLUMNS FROM `product` [ RunTime:0.0230s ]
SQL: SELECT * FROM `product` WHERE `id` = 1 LIMIT 1   [ RunTime:0.0226s ]
INFO: [ view_parse ] --START--
INFO: [ template_filter ] --START--
INFO: Run Behavior\ContentReplaceBehavior [ RunTime:0.000427s ]
INFO: [ template_filter ] --END-- [ RunTime:0.000765s ]
NOTIC: [8] Undefined variable: images D:\wamp\www\waihui\Application\Runtime\Cache\Admin\998ce50e4144022c9baf5e3985cacb01.php 第 203 行.
INFO: Run Behavior\ParseTemplateBehavior [ RunTime:0.181462s ]
INFO: [ view_parse ] --END-- [ RunTime:0.181773s ]
INFO: [ view_filter ] --START--
INFO: Run Behavior\WriteHtmlCacheBehavior [ RunTime:0.000812s ]
INFO: [ view_filter ] --END-- [ RunTime:0.001142s ]
INFO: [ app_end ] --START--
INFO: Run Behavior\ShowPageTraceBehavior [ RunTime:0.001951s ]
INFO: [ app_end ] --END-- [ RunTime:0.002404s ]

[ 2018-09-22T15:21:39+08:00 ] 127.0.0.1 /index.php/Admin/Product/update
INFO: [ app_init ] --START--
INFO: Run Behavior\BuildLiteBehavior [ RunTime:0.000093s ]
INFO: [ app_init ] --END-- [ RunTime:0.001144s ]
INFO: [ app_begin ] --START--
INFO: Run Behavior\ReadHtmlCacheBehavior [ RunTime:0.001158s ]
INFO: [ app_begin ] --END-- [ RunTime:0.001570s ]
NOTIC: [2] Missing argument 1 for I(), called in D:\wamp\www\waihui\Application\Admin\Controller\ProductController.class.php on line 45 and defined D:\wamp\www\waihui\ThinkPHP\Common\functions.php 第 271 行.
NOTIC: [8] Undefined variable: name D:\wamp\www\waihui\ThinkPHP\Common\functions.php 第 273 行.
NOTIC: [8] Undefined variable: name D:\wamp\www\waihui\ThinkPHP\Common\functions.php 第 278 行.
NOTIC: [8] Undefined variable: name D:\wamp\www\waihui\ThinkPHP\Common\functions.php 第 339 行.
SQL: SHOW COLUMNS FROM `product` [ RunTime:0.0270s ]
SQL: UPDATE `product` SET `product_name`='比特币',`current`='6446.8243',`lowest`='6330',`highest`='6540',`open`='6429.71',`income`='6432.45',`handing_fee`='4',`enable`='1' WHERE `id` = 1 [ RunTime:0.0275s ]
INFO: [ view_parse ] --START--
INFO: [ template_filter ] --START--
INFO: Run Behavior\ContentReplaceBehavior [ RunTime:0.000135s ]
INFO: [ template_filter ] --END-- [ RunTime:0.000382s ]
INFO: Run Behavior\ParseTemplateBehavior [ RunTime:0.069036s ]
INFO: [ view_parse ] --END-- [ RunTime:0.069342s ]
INFO: [ view_filter ] --START--
INFO: Run Behavior\WriteHtmlCacheBehavior [ RunTime:0.000486s ]
INFO: [ view_filter ] --END-- [ RunTime:0.000815s ]
INFO: [ app_end ] --START--
INFO: Run Behavior\ShowPageTraceBehavior [ RunTime:0.000894s ]
INFO: [ app_end ] --END-- [ RunTime:0.001148s ]

[ 2018-09-22T15:21:40+08:00 ] 127.0.0.1 /Admin/Product
INFO: [ app_init ] --START--
INFO: Run Behavior\BuildLiteBehavior [ RunTime:0.000054s ]
INFO: [ app_init ] --END-- [ RunTime:0.000807s ]
INFO: [ app_begin ] --START--
INFO: Run Behavior\ReadHtmlCacheBehavior [ RunTime:0.000865s ]
INFO: [ app_begin ] --END-- [ RunTime:0.001171s ]
SQL: SHOW COLUMNS FROM `product` [ RunTime:0.0233s ]
SQL: SELECT COUNT(*) AS tp_count FROM `product` LIMIT 1   [ RunTime:0.0247s ]
SQL: SELECT * FROM `product` LIMIT 0,10   [ RunTime:0.0229s ]
INFO: [ view_parse ] --START--
INFO: [ template_filter ] --START--
INFO: Run Behavior\ContentReplaceBehavior [ RunTime:0.000822s ]
INFO: [ template_filter ] --END-- [ RunTime:0.001531s ]
INFO: Run Behavior\ParseTemplateBehavior [ RunTime:0.141837s ]
INFO: [ view_parse ] --END-- [ RunTime:0.142383s ]
INFO: [ view_filter ] --START--
INFO: Run Behavior\WriteHtmlCacheBehavior [ RunTime:0.000466s ]
INFO: [ view_filter ] --END-- [ RunTime:0.000714s ]
INFO: [ app_end ] --START--
INFO: Run Behavior\ShowPageTraceBehavior [ RunTime:0.000818s ]
INFO: [ app_end ] --END-- [ RunTime:0.001073s ]

[ 2018-09-22T15:23:30+08:00 ] 127.0.0.1 /Admin/Product
INFO: [ app_init ] --START--
INFO: Run Behavior\BuildLiteBehavior [ RunTime:0.000079s ]
INFO: [ app_init ] --END-- [ RunTime:0.001068s ]
INFO: [ app_begin ] --START--
INFO: Run Behavior\ReadHtmlCacheBehavior [ RunTime:0.002191s ]
INFO: [ app_begin ] --END-- [ RunTime:0.002578s ]
SQL: SHOW COLUMNS FROM `product` [ RunTime:0.0219s ]
SQL: SELECT COUNT(*) AS tp_count FROM `product` LIMIT 1   [ RunTime:0.0213s ]
SQL: SELECT * FROM `product` LIMIT 0,10   [ RunTime:0.0215s ]
INFO: [ view_parse ] --START--
INFO: [ template_filter ] --START--
INFO: Run Behavior\ContentReplaceBehavior [ RunTime:0.000331s ]
INFO: [ template_filter ] --END-- [ RunTime:0.000631s ]
INFO: Run Behavior\ParseTemplateBehavior [ RunTime:0.128539s ]
INFO: [ view_parse ] --END-- [ RunTime:0.129319s ]
INFO: [ view_filter ] --START--
INFO: Run Behavior\WriteHtmlCacheBehavior [ RunTime:0.000837s ]
INFO: [ view_filter ] --END-- [ RunTime:0.001099s ]
INFO: [ app_end ] --START--
INFO: Run Behavior\ShowPageTraceBehavior [ RunTime:0.002003s ]
INFO: [ app_end ] --END-- [ RunTime:0.002706s ]

[ 2018-09-22T15:23:31+08:00 ] 127.0.0.1 /index.php/Admin/Product/detail?id=1
INFO: [ app_init ] --START--
INFO: Run Behavior\BuildLiteBehavior [ RunTime:0.000095s ]
INFO: [ app_init ] --END-- [ RunTime:0.001292s ]
INFO: [ app_begin ] --START--
INFO: Run Behavior\ReadHtmlCacheBehavior [ RunTime:0.004175s ]
INFO: [ app_begin ] --END-- [ RunTime:0.005319s ]
SQL: SHOW COLUMNS FROM `product` [ RunTime:0.0267s ]
SQL: SELECT * FROM `product` WHERE `id` = 1 LIMIT 1   [ RunTime:0.0265s ]
INFO: [ view_parse ] --START--
INFO: [ template_filter ] --START--
INFO: Run Behavior\ContentReplaceBehavior [ RunTime:0.000555s ]
INFO: [ template_filter ] --END-- [ RunTime:0.000987s ]
NOTIC: [8] Undefined variable: images D:\wamp\www\waihui\Application\Runtime\Cache\Admin\998ce50e4144022c9baf5e3985cacb01.php 第 203 行.
INFO: Run Behavior\ParseTemplateBehavior [ RunTime:0.148716s ]
INFO: [ view_parse ] --END-- [ RunTime:0.149287s ]
INFO: [ view_filter ] --START--
INFO: Run Behavior\WriteHtmlCacheBehavior [ RunTime:0.000744s ]
INFO: [ view_filter ] --END-- [ RunTime:0.001108s ]
INFO: [ app_end ] --START--
INFO: Run Behavior\ShowPageTraceBehavior [ RunTime:0.001966s ]
INFO: [ app_end ] --END-- [ RunTime:0.002541s ]

[ 2018-09-22T15:23:31+08:00 ] 127.0.0.1 /index.php/Admin/Product/detail?id=1
INFO: [ app_init ] --START--
INFO: Run Behavior\BuildLiteBehavior [ RunTime:0.000089s ]
INFO: [ app_init ] --END-- [ RunTime:0.001393s ]
INFO: [ app_begin ] --START--
INFO: Run Behavior\ReadHtmlCacheBehavior [ RunTime:0.002336s ]
INFO: [ app_begin ] --END-- [ RunTime:0.002759s ]
SQL: SHOW COLUMNS FROM `product` [ RunTime:0.0274s ]
SQL: SELECT * FROM `product` WHERE `id` = 1 LIMIT 1   [ RunTime:0.0273s ]
INFO: [ view_parse ] --START--
INFO: [ template_filter ] --START--
INFO: Run Behavior\ContentReplaceBehavior [ RunTime:0.000430s ]
INFO: [ template_filter ] --END-- [ RunTime:0.000803s ]
NOTIC: [8] Undefined variable: images D:\wamp\www\waihui\Application\Runtime\Cache\Admin\998ce50e4144022c9baf5e3985cacb01.php 第 203 行.
INFO: Run Behavior\ParseTemplateBehavior [ RunTime:0.130493s ]
INFO: [ view_parse ] --END-- [ RunTime:0.130900s ]
INFO: [ view_filter ] --START--
INFO: Run Behavior\WriteHtmlCacheBehavior [ RunTime:0.000656s ]
INFO: [ view_filter ] --END-- [ RunTime:0.000909s ]
INFO: [ app_end ] --START--
INFO: Run Behavior\ShowPageTraceBehavior [ RunTime:0.001124s ]
INFO: [ app_end ] --END-- [ RunTime:0.001401s ]

[ 2018-09-22T15:23:34+08:00 ] 127.0.0.1 /index.php/Admin/Product/update
INFO: [ app_init ] --START--
INFO: Run Behavior\BuildLiteBehavior [ RunTime:0.000095s ]
INFO: [ app_init ] --END-- [ RunTime:0.001350s ]
INFO: [ app_begin ] --START--
INFO: Run Behavior\ReadHtmlCacheBehavior [ RunTime:0.000898s ]
INFO: [ app_begin ] --END-- [ RunTime:0.001221s ]
NOTIC: [2] Missing argument 1 for I(), called in D:\wamp\www\waihui\Application\Admin\Controller\ProductController.class.php on line 45 and defined D:\wamp\www\waihui\ThinkPHP\Common\functions.php 第 271 行.
NOTIC: [8] Undefined variable: name D:\wamp\www\waihui\ThinkPHP\Common\functions.php 第 273 行.
NOTIC: [8] Undefined variable: name D:\wamp\www\waihui\ThinkPHP\Common\functions.php 第 278 行.
NOTIC: [8] Undefined variable: name D:\wamp\www\waihui\ThinkPHP\Common\functions.php 第 339 行.
SQL: SHOW COLUMNS FROM `product` [ RunTime:0.0221s ]
SQL: UPDATE `product` SET `product_name`='比特币',`current`='6446.8243',`lowest`='6330',`highest`='6540',`open`='6429.71',`income`='6432.45',`handing_fee`='4',`enable`='1' WHERE `id` = 1 [ RunTime:0.0208s ]
INFO: [ view_parse ] --START--
INFO: [ template_filter ] --START--
INFO: Run Behavior\ContentReplaceBehavior [ RunTime:0.000374s ]
INFO: [ template_filter ] --END-- [ RunTime:0.001089s ]
INFO: Run Behavior\ParseTemplateBehavior [ RunTime:0.029618s ]
INFO: [ view_parse ] --END-- [ RunTime:0.030123s ]
INFO: [ view_filter ] --START--
INFO: Run Behavior\WriteHtmlCacheBehavior [ RunTime:0.001967s ]
INFO: [ view_filter ] --END-- [ RunTime:0.002563s ]
INFO: [ app_end ] --START--
INFO: Run Behavior\ShowPageTraceBehavior [ RunTime:0.001455s ]
INFO: [ app_end ] --END-- [ RunTime:0.001854s ]

[ 2018-09-22T15:23:35+08:00 ] 127.0.0.1 /Admin/Product
INFO: [ app_init ] --START--
INFO: Run Behavior\BuildLiteBehavior [ RunTime:0.000064s ]
INFO: [ app_init ] --END-- [ RunTime:0.000877s ]
INFO: [ app_begin ] --START--
INFO: Run Behavior\ReadHtmlCacheBehavior [ RunTime:0.000819s ]
INFO: [ app_begin ] --END-- [ RunTime:0.001077s ]
SQL: SHOW COLUMNS FROM `product` [ RunTime:0.0222s ]
SQL: SELECT COUNT(*) AS tp_count FROM `product` LIMIT 1   [ RunTime:0.2485s ]
SQL: SELECT * FROM `product` LIMIT 0,10   [ RunTime:0.0216s ]
INFO: [ view_parse ] --START--
INFO: [ template_filter ] --START--
INFO: Run Behavior\ContentReplaceBehavior [ RunTime:0.000336s ]
INFO: [ template_filter ] --END-- [ RunTime:0.000641s ]
INFO: Run Behavior\ParseTemplateBehavior [ RunTime:0.138286s ]
INFO: [ view_parse ] --END-- [ RunTime:0.138759s ]
INFO: [ view_filter ] --START--
INFO: Run Behavior\WriteHtmlCacheBehavior [ RunTime:0.001007s ]
INFO: [ view_filter ] --END-- [ RunTime:0.001277s ]
INFO: [ app_end ] --START--
INFO: Run Behavior\ShowPageTraceBehavior [ RunTime:0.001382s ]
INFO: [ app_end ] --END-- [ RunTime:0.001713s ]

[ 2018-09-22T15:23:43+08:00 ] 127.0.0.1 /index.php/Admin/Product/detail?id=1
INFO: [ app_init ] --START--
INFO: Run Behavior\BuildLiteBehavior [ RunTime:0.000212s ]
INFO: [ app_init ] --END-- [ RunTime:0.001408s ]
INFO: [ app_begin ] --START--
INFO: Run Behavior\ReadHtmlCacheBehavior [ RunTime:0.001448s ]
INFO: [ app_begin ] --END-- [ RunTime:0.001881s ]
SQL: SHOW COLUMNS FROM `product` [ RunTime:0.0198s ]
SQL: SELECT * FROM `product` WHERE `id` = 1 LIMIT 1   [ RunTime:0.0197s ]
INFO: [ view_parse ] --START--
INFO: [ template_filter ] --START--
INFO: Run Behavior\ContentReplaceBehavior [ RunTime:0.000451s ]
INFO: [ template_filter ] --END-- [ RunTime:0.000861s ]
NOTIC: [8] Undefined variable: images D:\wamp\www\waihui\Application\Runtime\Cache\Admin\998ce50e4144022c9baf5e3985cacb01.php 第 203 行.
INFO: Run Behavior\ParseTemplateBehavior [ RunTime:0.142185s ]
INFO: [ view_parse ] --END-- [ RunTime:0.142490s ]
INFO: [ view_filter ] --START--
INFO: Run Behavior\WriteHtmlCacheBehavior [ RunTime:0.000697s ]
INFO: [ view_filter ] --END-- [ RunTime:0.000956s ]
INFO: [ app_end ] --START--
INFO: Run Behavior\ShowPageTraceBehavior [ RunTime:0.003051s ]
INFO: [ app_end ] --END-- [ RunTime:0.003521s ]

[ 2018-09-22T15:23:50+08:00 ] 127.0.0.1 /index.php/Admin/Product/update
INFO: [ app_init ] --START--
INFO: Run Behavior\BuildLiteBehavior [ RunTime:0.000117s ]
INFO: [ app_init ] --END-- [ RunTime:0.002127s ]
INFO: [ app_begin ] --START--
INFO: Run Behavior\ReadHtmlCacheBehavior [ RunTime:0.001322s ]
INFO: [ app_begin ] --END-- [ RunTime:0.001781s ]
NOTIC: [2] Missing argument 1 for I(), called in D:\wamp\www\waihui\Application\Admin\Controller\ProductController.class.php on line 45 and defined D:\wamp\www\waihui\ThinkPHP\Common\functions.php 第 271 行.
NOTIC: [8] Undefined variable: name D:\wamp\www\waihui\ThinkPHP\Common\functions.php 第 273 行.
NOTIC: [8] Undefined variable: name D:\wamp\www\waihui\ThinkPHP\Common\functions.php 第 278 行.
NOTIC: [8] Undefined variable: name D:\wamp\www\waihui\ThinkPHP\Common\functions.php 第 339 行.
SQL: SHOW COLUMNS FROM `product` [ RunTime:0.0217s ]
SQL: UPDATE `product` SET `product_name`='比特币',`current`='6446.8243',`lowest`='6330',`highest`='6540',`open`='6429.71',`income`='6432.45',`handing_fee`='4',`enable`='1' WHERE `id` = 1 [ RunTime:0.0212s ]
INFO: [ view_parse ] --START--
INFO: [ template_filter ] --START--
INFO: Run Behavior\ContentReplaceBehavior [ RunTime:0.000212s ]
INFO: [ template_filter ] --END-- [ RunTime:0.000603s ]
INFO: Run Behavior\ParseTemplateBehavior [ RunTime:0.023804s ]
INFO: [ view_parse ] --END-- [ RunTime:0.024171s ]
INFO: [ view_filter ] --START--
INFO: Run Behavior\WriteHtmlCacheBehavior [ RunTime:0.000587s ]
INFO: [ view_filter ] --END-- [ RunTime:0.000960s ]
INFO: [ app_end ] --START--
INFO: Run Behavior\ShowPageTraceBehavior [ RunTime:0.000986s ]
INFO: [ app_end ] --END-- [ RunTime:0.001350s ]

[ 2018-09-22T15:23:53+08:00 ] 127.0.0.1 /Admin/Product
INFO: [ app_init ] --START--
INFO: Run Behavior\BuildLiteBehavior [ RunTime:0.000131s ]
INFO: [ app_init ] --END-- [ RunTime:0.002138s ]
INFO: [ app_begin ] --START--
INFO: Run Behavior\ReadHtmlCacheBehavior [ RunTime:0.001286s ]
INFO: [ app_begin ] --END-- [ RunTime:0.001803s ]
SQL: SHOW COLUMNS FROM `product` [ RunTime:0.0248s ]
SQL: SELECT COUNT(*) AS tp_count FROM `product` LIMIT 1   [ RunTime:0.0218s ]
SQL: SELECT * FROM `product` LIMIT 0,10   [ RunTime:0.0229s ]
INFO: [ view_parse ] --START--
INFO: [ template_filter ] --START--
INFO: Run Behavior\ContentReplaceBehavior [ RunTime:0.000438s ]
INFO: [ template_filter ] --END-- [ RunTime:0.000944s ]
INFO: Run Behavior\ParseTemplateBehavior [ RunTime:0.133775s ]
INFO: [ view_parse ] --END-- [ RunTime:0.134278s ]
INFO: [ view_filter ] --START--
INFO: Run Behavior\WriteHtmlCacheBehavior [ RunTime:0.000523s ]
INFO: [ view_filter ] --END-- [ RunTime:0.000845s ]
INFO: [ app_end ] --START--
INFO: Run Behavior\ShowPageTraceBehavior [ RunTime:0.001159s ]
INFO: [ app_end ] --END-- [ RunTime:0.001527s ]

[ 2018-09-22T15:24:43+08:00 ] 127.0.0.1 /index.php/Admin/Product/Add
INFO: [ app_init ] --START--
INFO: Run Behavior\BuildLiteBehavior [ RunTime:0.000224s ]
INFO: [ app_init ] --END-- [ RunTime:0.027205s ]
INFO: [ app_begin ] --START--
INFO: Run Behavior\ReadHtmlCacheBehavior [ RunTime:0.036332s ]
INFO: [ app_begin ] --END-- [ RunTime:0.036644s ]
INFO: [ view_parse ] --START--
INFO: [ template_filter ] --START--
INFO: Run Behavior\ContentReplaceBehavior [ RunTime:0.000339s ]
INFO: [ template_filter ] --END-- [ RunTime:0.000661s ]
NOTIC: [8] Undefined variable: images D:\wamp\www\waihui\Application\Runtime\Cache\Admin\151ba4a295a89eccbd08eeec38907d10.php 第 202 行.
INFO: Run Behavior\ParseTemplateBehavior [ RunTime:0.299627s ]
INFO: [ view_parse ] --END-- [ RunTime:0.299915s ]
INFO: [ view_filter ] --START--
INFO: Run Behavior\WriteHtmlCacheBehavior [ RunTime:0.023571s ]
INFO: [ view_filter ] --END-- [ RunTime:0.023920s ]
INFO: [ app_end ] --START--
INFO: Run Behavior\ShowPageTraceBehavior [ RunTime:0.036253s ]
INFO: [ app_end ] --END-- [ RunTime:0.036701s ]

[ 2018-09-22T15:25:26+08:00 ] 127.0.0.1 /index.php/Admin/Product/Add
INFO: [ app_init ] --START--
INFO: Run Behavior\BuildLiteBehavior [ RunTime:0.000078s ]
INFO: [ app_init ] --END-- [ RunTime:0.001218s ]
INFO: [ app_begin ] --START--
INFO: Run Behavior\ReadHtmlCacheBehavior [ RunTime:0.001558s ]
INFO: [ app_begin ] --END-- [ RunTime:0.002015s ]
SQL: SHOW COLUMNS FROM `product` [ RunTime:0.0200s ]
SQL: INSERT INTO `product` (`product_name`,`current`,`lowest`,`highest`,`open`,`income`,`handing_fee`,`enable`) VALUES ('黄金宝','1159.571','1193.53','1203.58','1199.79','1199.09','4','1') [ RunTime:0.2553s ]
INFO: [ view_parse ] --START--
INFO: [ template_filter ] --START--
INFO: Run Behavior\ContentReplaceBehavior [ RunTime:0.000164s ]
INFO: [ template_filter ] --END-- [ RunTime:0.000431s ]
INFO: Run Behavior\ParseTemplateBehavior [ RunTime:0.065526s ]
INFO: [ view_parse ] --END-- [ RunTime:0.065976s ]
INFO: [ view_filter ] --START--
INFO: Run Behavior\WriteHtmlCacheBehavior [ RunTime:0.000692s ]
INFO: [ view_filter ] --END-- [ RunTime:0.000935s ]
INFO: [ app_end ] --START--
INFO: Run Behavior\ShowPageTraceBehavior [ RunTime:0.000825s ]
INFO: [ app_end ] --END-- [ RunTime:0.001033s ]

[ 2018-09-22T15:25:29+08:00 ] 127.0.0.1 /Admin/Product
INFO: [ app_init ] --START--
INFO: Run Behavior\BuildLiteBehavior [ RunTime:0.000055s ]
INFO: [ app_init ] --END-- [ RunTime:0.000740s ]
INFO: [ app_begin ] --START--
INFO: Run Behavior\ReadHtmlCacheBehavior [ RunTime:0.000762s ]
INFO: [ app_begin ] --END-- [ RunTime:0.001001s ]
SQL: SHOW COLUMNS FROM `product` [ RunTime:0.0281s ]
SQL: SELECT COUNT(*) AS tp_count FROM `product` LIMIT 1   [ RunTime:0.0267s ]
SQL: SELECT * FROM `product` LIMIT 0,10   [ RunTime:0.0276s ]
INFO: [ view_parse ] --START--
INFO: [ template_filter ] --START--
INFO: Run Behavior\ContentReplaceBehavior [ RunTime:0.000326s ]
INFO: [ template_filter ] --END-- [ RunTime:0.000625s ]
INFO: Run Behavior\ParseTemplateBehavior [ RunTime:0.159883s ]
INFO: [ view_parse ] --END-- [ RunTime:0.160339s ]
INFO: [ view_filter ] --START--
INFO: Run Behavior\WriteHtmlCacheBehavior [ RunTime:0.000677s ]
INFO: [ view_filter ] --END-- [ RunTime:0.000928s ]
INFO: [ app_end ] --START--
INFO: Run Behavior\ShowPageTraceBehavior [ RunTime:0.001087s ]
INFO: [ app_end ] --END-- [ RunTime:0.001380s ]

[ 2018-09-22T15:25:42+08:00 ] 127.0.0.1 /Admin/Product
INFO: [ app_init ] --START--
INFO: Run Behavior\BuildLiteBehavior [ RunTime:0.000072s ]
INFO: [ app_init ] --END-- [ RunTime:0.001604s ]
INFO: [ app_begin ] --START--
INFO: Run Behavior\ReadHtmlCacheBehavior [ RunTime:0.001878s ]
INFO: [ app_begin ] --END-- [ RunTime:0.002332s ]
SQL: SHOW COLUMNS FROM `product` [ RunTime:0.0262s ]
SQL: SELECT COUNT(*) AS tp_count FROM `product` LIMIT 1   [ RunTime:0.0328s ]
SQL: SELECT * FROM `product` LIMIT 0,10   [ RunTime:0.0271s ]
INFO: [ view_parse ] --START--
INFO: [ template_filter ] --START--
INFO: Run Behavior\ContentReplaceBehavior [ RunTime:0.000322s ]
INFO: [ template_filter ] --END-- [ RunTime:0.000614s ]
INFO: Run Behavior\ParseTemplateBehavior [ RunTime:0.112834s ]
INFO: [ view_parse ] --END-- [ RunTime:0.113158s ]
INFO: [ view_filter ] --START--
INFO: Run Behavior\WriteHtmlCacheBehavior [ RunTime:0.000572s ]
INFO: [ view_filter ] --END-- [ RunTime:0.000822s ]
INFO: [ app_end ] --START--
INFO: Run Behavior\ShowPageTraceBehavior [ RunTime:0.002492s ]
INFO: [ app_end ] --END-- [ RunTime:0.002921s ]

[ 2018-09-22T19:22:58+08:00 ] 127.0.0.1 /Admin
INFO: [ app_init ] --START--
INFO: Run Behavior\BuildLiteBehavior [ RunTime:0.000019s ]
INFO: [ app_init ] --END-- [ RunTime:0.000649s ]
INFO: [ app_begin ] --START--
INFO: Run Behavior\ReadHtmlCacheBehavior [ RunTime:0.000881s ]
INFO: [ app_begin ] --END-- [ RunTime:0.000943s ]

[ 2018-09-22T19:22:58+08:00 ] 127.0.0.1 /admin/login
INFO: [ app_init ] --START--
INFO: Run Behavior\BuildLiteBehavior [ RunTime:0.000014s ]
INFO: [ app_init ] --END-- [ RunTime:0.000432s ]
INFO: [ app_begin ] --START--
INFO: Run Behavior\ReadHtmlCacheBehavior [ RunTime:0.000679s ]
INFO: [ app_begin ] --END-- [ RunTime:0.000727s ]
INFO: [ view_parse ] --START--
INFO: [ template_filter ] --START--
INFO: Run Behavior\ContentReplaceBehavior [ RunTime:0.000050s ]
INFO: [ template_filter ] --END-- [ RunTime:0.000099s ]
INFO: Run Behavior\ParseTemplateBehavior [ RunTime:0.045710s ]
INFO: [ view_parse ] --END-- [ RunTime:0.045817s ]
INFO: [ view_filter ] --START--
INFO: Run Behavior\WriteHtmlCacheBehavior [ RunTime:0.000676s ]
INFO: [ view_filter ] --END-- [ RunTime:0.000720s ]
INFO: [ app_end ] --START--
INFO: Run Behavior\ShowPageTraceBehavior [ RunTime:0.000825s ]
INFO: [ app_end ] --END-- [ RunTime:0.000863s ]

[ 2018-09-22T19:23:00+08:00 ] 127.0.0.1 /index.php/Admin/Login/login
INFO: [ app_init ] --START--
INFO: Run Behavior\BuildLiteBehavior [ RunTime:0.000027s ]
INFO: [ app_init ] --END-- [ RunTime:0.000786s ]
INFO: [ app_begin ] --START--
INFO: Run Behavior\ReadHtmlCacheBehavior [ RunTime:0.000787s ]
INFO: [ app_begin ] --END-- [ RunTime:0.000863s ]
SQL: SHOW COLUMNS FROM `admin` [ RunTime:0.0263s ]
SQL: SELECT * FROM `admin` WHERE `account` = 'admin' LIMIT 1   [ RunTime:0.0263s ]
SQL: UPDATE `admin` SET `account`='admin',`password`='admin',`power`='2',`login_time`='1537615380' WHERE `id` = 1 [ RunTime:0.0319s ]

[ 2018-09-22T19:23:01+08:00 ] 127.0.0.1 /admin
INFO: [ app_init ] --START--
INFO: Run Behavior\BuildLiteBehavior [ RunTime:0.000018s ]
INFO: [ app_init ] --END-- [ RunTime:0.000642s ]
INFO: [ app_begin ] --START--
INFO: Run Behavior\ReadHtmlCacheBehavior [ RunTime:0.000605s ]
INFO: [ app_begin ] --END-- [ RunTime:0.000669s ]
SQL: SHOW COLUMNS FROM `user` [ RunTime:0.0246s ]
SQL: SELECT COUNT(*) AS tp_count FROM `user` LIMIT 1   [ RunTime:0.0241s ]
SQL: SHOW COLUMNS FROM `recharge` [ RunTime:0.0245s ]
SQL: SELECT COUNT(*) AS tp_count FROM `recharge` LIMIT 1   [ RunTime:0.0248s ]
SQL: SHOW COLUMNS FROM `withdrawal` [ RunTime:0.0245s ]
SQL: SELECT COUNT(*) AS tp_count FROM `withdrawal` LIMIT 1   [ RunTime:0.0240s ]
SQL: SELECT `recharge_id`,`user_id`,`username`,recharge.money,recharge.status,`msg`,`detail`,recharge.create_time FROM `recharge` INNER JOIN user ON id = user_id  ORDER BY recharge.create_time desc LIMIT 5   [ RunTime:0.0245s ]
SQL: SELECT `withdrawal_id`,`user_id`,`username`,withdrawal.money,withdrawal.status,`msg`,withdrawal.create_time FROM `withdrawal` INNER JOIN user ON id = user_id  ORDER BY withdrawal.create_time desc LIMIT 5   [ RunTime:0.0247s ]
SQL: SHOW COLUMNS FROM `login_msg` [ RunTime:0.0258s ]
SQL: SELECT * FROM `login_msg` ORDER BY date desc LIMIT 7   [ RunTime:0.0239s ]
INFO: [ view_parse ] --START--
INFO: [ template_filter ] --START--
INFO: Run Behavior\ContentReplaceBehavior [ RunTime:0.000138s ]
INFO: [ template_filter ] --END-- [ RunTime:0.000187s ]
NOTIC: [8] Undefined offset: 1 D:\phpStudy\WWW\waihui\Application\Common\Common\function.php 第 184 行.
NOTIC: [8] Undefined offset: 1 D:\phpStudy\WWW\waihui\Application\Common\Common\function.php 第 184 行.
NOTIC: [8] Undefined offset: 1 D:\phpStudy\WWW\waihui\Application\Common\Common\function.php 第 184 行.
INFO: Run Behavior\ParseTemplateBehavior [ RunTime:0.066060s ]
INFO: [ view_parse ] --END-- [ RunTime:0.066143s ]
INFO: [ view_filter ] --START--
INFO: Run Behavior\WriteHtmlCacheBehavior [ RunTime:0.000611s ]
INFO: [ view_filter ] --END-- [ RunTime:0.000654s ]
INFO: [ app_end ] --START--
INFO: Run Behavior\ShowPageTraceBehavior [ RunTime:0.000990s ]
INFO: [ app_end ] --END-- [ RunTime:0.001058s ]

[ 2018-09-22T19:23:08+08:00 ] 127.0.0.1 /index.php/Admin/News
INFO: [ app_init ] --START--
INFO: Run Behavior\BuildLiteBehavior [ RunTime:0.000015s ]
INFO: [ app_init ] --END-- [ RunTime:0.000718s ]
INFO: [ app_begin ] --START--
INFO: Run Behavior\ReadHtmlCacheBehavior [ RunTime:0.001198s ]
INFO: [ app_begin ] --END-- [ RunTime:0.001253s ]
SQL: SHOW COLUMNS FROM `news` [ RunTime:0.0197s ]
SQL: SELECT COUNT(*) AS tp_count FROM `news` LIMIT 1   [ RunTime:0.0200s ]
SQL: SELECT * FROM `news` ORDER BY create_time desc LIMIT 0,10   [ RunTime:0.0198s ]
INFO: [ view_parse ] --START--
INFO: [ template_filter ] --START--
INFO: Run Behavior\ContentReplaceBehavior [ RunTime:0.000139s ]
INFO: [ template_filter ] --END-- [ RunTime:0.000210s ]
NOTIC: [8] Use of undefined constant news_thum - assumed 'news_thum' D:\phpStudy\WWW\waihui\Application\Runtime\Cache\Admin\f1ab1f06fc258ecdd8f34b653f68a531.php 第 113 行.
NOTIC: [8] Array to string conversion D:\phpStudy\WWW\waihui\Application\Runtime\Cache\Admin\f1ab1f06fc258ecdd8f34b653f68a531.php 第 113 行.
INFO: Run Behavior\ParseTemplateBehavior [ RunTime:0.109010s ]
INFO: [ view_parse ] --END-- [ RunTime:0.109134s ]
INFO: [ view_filter ] --START--
INFO: Run Behavior\WriteHtmlCacheBehavior [ RunTime:0.001031s ]
INFO: [ view_filter ] --END-- [ RunTime:0.001093s ]
INFO: [ app_end ] --START--
INFO: Run Behavior\ShowPageTraceBehavior [ RunTime:0.001636s ]
INFO: [ app_end ] --END-- [ RunTime:0.001717s ]

[ 2018-09-22T19:23:11+08:00 ] 127.0.0.1 /index.php/Admin/News/Add
INFO: [ app_init ] --START--
INFO: Run Behavior\BuildLiteBehavior [ RunTime:0.000013s ]
INFO: [ app_init ] --END-- [ RunTime:0.000469s ]
INFO: [ app_begin ] --START--
INFO: Run Behavior\ReadHtmlCacheBehavior [ RunTime:0.000605s ]
INFO: [ app_begin ] --END-- [ RunTime:0.000651s ]
INFO: [ view_parse ] --START--
INFO: [ template_filter ] --START--
INFO: Run Behavior\ContentReplaceBehavior [ RunTime:0.000105s ]
INFO: [ template_filter ] --END-- [ RunTime:0.000151s ]
INFO: Run Behavior\ParseTemplateBehavior [ RunTime:0.038275s ]
INFO: [ view_parse ] --END-- [ RunTime:0.038350s ]
INFO: [ view_filter ] --START--
INFO: Run Behavior\WriteHtmlCacheBehavior [ RunTime:0.000342s ]
INFO: [ view_filter ] --END-- [ RunTime:0.000376s ]
INFO: [ app_end ] --START--
INFO: Run Behavior\ShowPageTraceBehavior [ RunTime:0.001436s ]
INFO: [ app_end ] --END-- [ RunTime:0.001507s ]

[ 2018-09-22T19:23:47+08:00 ] 127.0.0.1 /index.php/Admin/News/doadd
INFO: [ app_init ] --START--
INFO: Run Behavior\BuildLiteBehavior [ RunTime:0.000082s ]
INFO: [ app_init ] --END-- [ RunTime:0.001228s ]
INFO: [ app_begin ] --START--
INFO: Run Behavior\ReadHtmlCacheBehavior [ RunTime:0.000651s ]
INFO: [ app_begin ] --END-- [ RunTime:0.000705s ]
SQL: SHOW COLUMNS FROM `news` [ RunTime:0.0192s ]
SQL: INSERT INTO `news` (`news_title`,`news_thum`,`hot`,`news_content`,`create_by`,`create_time`,`update_time`) VALUES ('fgh','/upload/news/5ba1f1bab6a6f.jpg','1','<p style=\"text-align: center;\">hfx gh<br/></p>','100001','1537615426','1537615426') [ RunTime:0.0434s ]
INFO: [ view_parse ] --START--
INFO: [ template_filter ] --START--
INFO: Run Behavior\ContentReplaceBehavior [ RunTime:0.000035s ]
INFO: [ template_filter ] --END-- [ RunTime:0.000102s ]
INFO: Run Behavior\ParseTemplateBehavior [ RunTime:0.023025s ]
INFO: [ view_parse ] --END-- [ RunTime:0.023107s ]
INFO: [ view_filter ] --START--
INFO: Run Behavior\WriteHtmlCacheBehavior [ RunTime:0.000502s ]
INFO: [ view_filter ] --END-- [ RunTime:0.000558s ]
INFO: [ app_end ] --START--
INFO: Run Behavior\ShowPageTraceBehavior [ RunTime:0.000839s ]
INFO: [ app_end ] --END-- [ RunTime:0.000888s ]

[ 2018-09-22T19:23:48+08:00 ] 127.0.0.1 /Admin/News
INFO: [ app_init ] --START--
INFO: Run Behavior\BuildLiteBehavior [ RunTime:0.000032s ]
INFO: [ app_init ] --END-- [ RunTime:0.000474s ]
INFO: [ app_begin ] --START--
INFO: Run Behavior\ReadHtmlCacheBehavior [ RunTime:0.000630s ]
INFO: [ app_begin ] --END-- [ RunTime:0.000676s ]
SQL: SHOW COLUMNS FROM `news` [ RunTime:0.0250s ]
SQL: SELECT COUNT(*) AS tp_count FROM `news` LIMIT 1   [ RunTime:0.0256s ]
SQL: SELECT * FROM `news` ORDER BY create_time desc LIMIT 0,10   [ RunTime:0.0248s ]
INFO: [ view_parse ] --START--
INFO: [ template_filter ] --START--
INFO: Run Behavior\ContentReplaceBehavior [ RunTime:0.000111s ]
INFO: [ template_filter ] --END-- [ RunTime:0.000166s ]
NOTIC: [8] Use of undefined constant news_thum - assumed 'news_thum' D:\phpStudy\WWW\waihui\Application\Runtime\Cache\Admin\f1ab1f06fc258ecdd8f34b653f68a531.php 第 113 行.
NOTIC: [8] Array to string conversion D:\phpStudy\WWW\waihui\Application\Runtime\Cache\Admin\f1ab1f06fc258ecdd8f34b653f68a531.php 第 113 行.
NOTIC: [8] Use of undefined constant news_thum - assumed 'news_thum' D:\phpStudy\WWW\waihui\Application\Runtime\Cache\Admin\f1ab1f06fc258ecdd8f34b653f68a531.php 第 113 行.
NOTIC: [8] Array to string conversion D:\phpStudy\WWW\waihui\Application\Runtime\Cache\Admin\f1ab1f06fc258ecdd8f34b653f68a531.php 第 113 行.
INFO: Run Behavior\ParseTemplateBehavior [ RunTime:0.019457s ]
INFO: [ view_parse ] --END-- [ RunTime:0.019535s ]
INFO: [ view_filter ] --START--
INFO: Run Behavior\WriteHtmlCacheBehavior [ RunTime:0.000426s ]
INFO: [ view_filter ] --END-- [ RunTime:0.000465s ]
INFO: [ app_end ] --START--
INFO: Run Behavior\ShowPageTraceBehavior [ RunTime:0.000963s ]
INFO: [ app_end ] --END-- [ RunTime:0.001031s ]

[ 2018-09-22T19:24:21+08:00 ] 127.0.0.1 /index.php/Admin/News/detail?id=7
INFO: [ app_init ] --START--
INFO: Run Behavior\BuildLiteBehavior [ RunTime:0.000014s ]
INFO: [ app_init ] --END-- [ RunTime:0.000569s ]
INFO: [ app_begin ] --START--
INFO: Run Behavior\ReadHtmlCacheBehavior [ RunTime:0.000917s ]
INFO: [ app_begin ] --END-- [ RunTime:0.000967s ]
SQL: SHOW COLUMNS FROM `news` [ RunTime:0.2544s ]
SQL: SELECT * FROM `news` WHERE `news_id` = 7 LIMIT 1   [ RunTime:0.0267s ]
INFO: [ view_parse ] --START--
INFO: [ template_filter ] --START--
INFO: Run Behavior\ContentReplaceBehavior [ RunTime:0.000114s ]
INFO: [ template_filter ] --END-- [ RunTime:0.000161s ]
INFO: Run Behavior\ParseTemplateBehavior [ RunTime:0.079431s ]
INFO: [ view_parse ] --END-- [ RunTime:0.079535s ]
INFO: [ view_filter ] --START--
INFO: Run Behavior\WriteHtmlCacheBehavior [ RunTime:0.000561s ]
INFO: [ view_filter ] --END-- [ RunTime:0.000595s ]
INFO: [ app_end ] --START--
INFO: Run Behavior\ShowPageTraceBehavior [ RunTime:0.001348s ]
INFO: [ app_end ] --END-- [ RunTime:0.001410s ]

[ 2018-09-22T19:24:29+08:00 ] 127.0.0.1 /index.php/Admin/News/update
INFO: [ app_init ] --START--
INFO: Run Behavior\BuildLiteBehavior [ RunTime:0.000034s ]
INFO: [ app_init ] --END-- [ RunTime:0.000449s ]
INFO: [ app_begin ] --START--
INFO: Run Behavior\ReadHtmlCacheBehavior [ RunTime:0.000609s ]
INFO: [ app_begin ] --END-- [ RunTime:0.000658s ]
SQL: SHOW COLUMNS FROM `news` [ RunTime:0.0320s ]
SQL: UPDATE `news` SET `news_title`='fgh',`news_thum`='/upload/news/5ba1f1bab6a6f.jpg',`hot`='0',`news_content`='<p style=\"text-align: center;\">hfx gh<br/></p>' WHERE `news_id` = 7 [ RunTime:0.0352s ]
INFO: [ view_parse ] --START--
INFO: [ template_filter ] --START--
INFO: Run Behavior\ContentReplaceBehavior [ RunTime:0.000047s ]
INFO: [ template_filter ] --END-- [ RunTime:0.000110s ]
INFO: Run Behavior\ParseTemplateBehavior [ RunTime:0.011965s ]
INFO: [ view_parse ] --END-- [ RunTime:0.012058s ]
INFO: [ view_filter ] --START--
INFO: Run Behavior\WriteHtmlCacheBehavior [ RunTime:0.000489s ]
INFO: [ view_filter ] --END-- [ RunTime:0.000534s ]
INFO: [ app_end ] --START--
INFO: Run Behavior\ShowPageTraceBehavior [ RunTime:0.000748s ]
INFO: [ app_end ] --END-- [ RunTime:0.000810s ]

[ 2018-09-22T19:24:31+08:00 ] 127.0.0.1 /Admin/News
INFO: [ app_init ] --START--
INFO: Run Behavior\BuildLiteBehavior [ RunTime:0.000027s ]
INFO: [ app_init ] --END-- [ RunTime:0.000476s ]
INFO: [ app_begin ] --START--
INFO: Run Behavior\ReadHtmlCacheBehavior [ RunTime:0.000597s ]
INFO: [ app_begin ] --END-- [ RunTime:0.000651s ]
SQL: SHOW COLUMNS FROM `news` [ RunTime:0.0286s ]
SQL: SELECT COUNT(*) AS tp_count FROM `news` LIMIT 1   [ RunTime:0.0275s ]
SQL: SELECT * FROM `news` ORDER BY create_time desc LIMIT 0,10   [ RunTime:0.0279s ]
INFO: [ view_parse ] --START--
INFO: [ template_filter ] --START--
INFO: Run Behavior\ContentReplaceBehavior [ RunTime:0.000087s ]
INFO: [ template_filter ] --END-- [ RunTime:0.000135s ]
NOTIC: [8] Use of undefined constant news_thum - assumed 'news_thum' D:\phpStudy\WWW\waihui\Application\Runtime\Cache\Admin\f1ab1f06fc258ecdd8f34b653f68a531.php 第 113 行.
NOTIC: [8] Array to string conversion D:\phpStudy\WWW\waihui\Application\Runtime\Cache\Admin\f1ab1f06fc258ecdd8f34b653f68a531.php 第 113 行.
NOTIC: [8] Use of undefined constant news_thum - assumed 'news_thum' D:\phpStudy\WWW\waihui\Application\Runtime\Cache\Admin\f1ab1f06fc258ecdd8f34b653f68a531.php 第 113 行.
NOTIC: [8] Array to string conversion D:\phpStudy\WWW\waihui\Application\Runtime\Cache\Admin\f1ab1f06fc258ecdd8f34b653f68a531.php 第 113 行.
INFO: Run Behavior\ParseTemplateBehavior [ RunTime:0.018523s ]
INFO: [ view_parse ] --END-- [ RunTime:0.018583s ]
INFO: [ view_filter ] --START--
INFO: Run Behavior\WriteHtmlCacheBehavior [ RunTime:0.000559s ]
INFO: [ view_filter ] --END-- [ RunTime:0.000621s ]
INFO: [ app_end ] --START--
INFO: Run Behavior\ShowPageTraceBehavior [ RunTime:0.001041s ]
INFO: [ app_end ] --END-- [ RunTime:0.001137s ]

[ 2018-09-22T19:24:35+08:00 ] 127.0.0.1 /index.php/Admin/News/del
INFO: [ app_init ] --START--
INFO: Run Behavior\BuildLiteBehavior [ RunTime:0.000013s ]
INFO: [ app_init ] --END-- [ RunTime:0.000492s ]
INFO: [ app_begin ] --START--
INFO: Run Behavior\ReadHtmlCacheBehavior [ RunTime:0.000684s ]
INFO: [ app_begin ] --END-- [ RunTime:0.000732s ]
SQL: SHOW COLUMNS FROM `news` [ RunTime:0.0224s ]
SQL: DELETE FROM `news` WHERE `news_id` = 7 [ RunTime:0.0279s ]

[ 2018-09-22T19:24:47+08:00 ] 127.0.0.1 /index.php/Admin/Product
INFO: [ app_init ] --START--
INFO: Run Behavior\BuildLiteBehavior [ RunTime:0.000018s ]
INFO: [ app_init ] --END-- [ RunTime:0.000716s ]
INFO: [ app_begin ] --START--
INFO: Run Behavior\ReadHtmlCacheBehavior [ RunTime:0.000664s ]
INFO: [ app_begin ] --END-- [ RunTime:0.000717s ]
SQL: SHOW COLUMNS FROM `product` [ RunTime:0.0272s ]
SQL: SELECT COUNT(*) AS tp_count FROM `product` LIMIT 1   [ RunTime:0.0242s ]
SQL: SELECT * FROM `product` LIMIT 0,10   [ RunTime:0.0245s ]
INFO: [ view_parse ] --START--
INFO: [ template_filter ] --START--
INFO: Run Behavior\ContentReplaceBehavior [ RunTime:0.000105s ]
INFO: [ template_filter ] --END-- [ RunTime:0.000157s ]
INFO: Run Behavior\ParseTemplateBehavior [ RunTime:0.053841s ]
INFO: [ view_parse ] --END-- [ RunTime:0.053923s ]
INFO: [ view_filter ] --START--
INFO: Run Behavior\WriteHtmlCacheBehavior [ RunTime:0.000330s ]
INFO: [ view_filter ] --END-- [ RunTime:0.000363s ]
INFO: [ app_end ] --START--
INFO: Run Behavior\ShowPageTraceBehavior [ RunTime:0.000947s ]
INFO: [ app_end ] --END-- [ RunTime:0.001008s ]

[ 2018-09-22T19:33:15+08:00 ] 127.0.0.1 /index.php/Admin/Index
INFO: [ app_init ] --START--
INFO: Run Behavior\BuildLiteBehavior [ RunTime:0.000015s ]
INFO: [ app_init ] --END-- [ RunTime:0.000722s ]
INFO: [ app_begin ] --START--
INFO: Run Behavior\ReadHtmlCacheBehavior [ RunTime:0.000981s ]
INFO: [ app_begin ] --END-- [ RunTime:0.001030s ]
SQL: SHOW COLUMNS FROM `user` [ RunTime:0.0270s ]
SQL: SELECT COUNT(*) AS tp_count FROM `user` LIMIT 1   [ RunTime:0.0259s ]
SQL: SHOW COLUMNS FROM `recharge` [ RunTime:0.0263s ]
SQL: SELECT COUNT(*) AS tp_count FROM `recharge` LIMIT 1   [ RunTime:0.0261s ]
SQL: SHOW COLUMNS FROM `withdrawal` [ RunTime:0.0265s ]
SQL: SELECT COUNT(*) AS tp_count FROM `withdrawal` LIMIT 1   [ RunTime:0.0262s ]
SQL: SELECT `recharge_id`,`user_id`,`username`,recharge.money,recharge.status,`msg`,`detail`,recharge.create_time FROM `recharge` INNER JOIN user ON id = user_id  ORDER BY recharge.create_time desc LIMIT 5   [ RunTime:0.0264s ]
SQL: SELECT `withdrawal_id`,`user_id`,`username`,withdrawal.money,withdrawal.status,`msg`,withdrawal.create_time FROM `withdrawal` INNER JOIN user ON id = user_id  ORDER BY withdrawal.create_time desc LIMIT 5   [ RunTime:0.0269s ]
SQL: SHOW COLUMNS FROM `login_msg` [ RunTime:0.0267s ]
SQL: SELECT * FROM `login_msg` ORDER BY date desc LIMIT 7   [ RunTime:0.0256s ]
INFO: [ view_parse ] --START--
INFO: [ template_filter ] --START--
INFO: Run Behavior\ContentReplaceBehavior [ RunTime:0.000124s ]
INFO: [ template_filter ] --END-- [ RunTime:0.000173s ]
NOTIC: [8] Undefined offset: 1 D:\phpStudy\WWW\waihui\Application\Common\Common\function.php 第 184 行.
NOTIC: [8] Undefined offset: 1 D:\phpStudy\WWW\waihui\Application\Common\Common\function.php 第 184 行.
NOTIC: [8] Undefined offset: 1 D:\phpStudy\WWW\waihui\Application\Common\Common\function.php 第 184 行.
INFO: Run Behavior\ParseTemplateBehavior [ RunTime:0.022146s ]
INFO: [ view_parse ] --END-- [ RunTime:0.022386s ]
INFO: [ view_filter ] --START--
INFO: Run Behavior\WriteHtmlCacheBehavior [ RunTime:0.000682s ]
INFO: [ view_filter ] --END-- [ RunTime:0.000717s ]
INFO: [ app_end ] --START--
INFO: Run Behavior\ShowPageTraceBehavior [ RunTime:0.001705s ]
INFO: [ app_end ] --END-- [ RunTime:0.001763s ]

[ 2018-09-22T19:40:39+08:00 ] 127.0.0.1 /index.php/Admin/Calendar
INFO: [ app_init ] --START--
INFO: Run Behavior\BuildLiteBehavior [ RunTime:0.000014s ]
INFO: [ app_init ] --END-- [ RunTime:0.000534s ]
INFO: [ app_begin ] --START--
INFO: Run Behavior\ReadHtmlCacheBehavior [ RunTime:0.000941s ]
INFO: [ app_begin ] --END-- [ RunTime:0.000990s ]
SQL: SHOW COLUMNS FROM `calendar` [ RunTime:0.0315s ]
SQL: SELECT COUNT(*) AS tp_count FROM `calendar` LIMIT 1   [ RunTime:0.0311s ]
SQL: SELECT * FROM `calendar` ORDER BY id desc LIMIT 0,10   [ RunTime:0.0314s ]
INFO: [ view_parse ] --START--
INFO: [ template_filter ] --START--
INFO: Run Behavior\ContentReplaceBehavior [ RunTime:0.000122s ]
INFO: [ template_filter ] --END-- [ RunTime:0.000178s ]
INFO: Run Behavior\ParseTemplateBehavior [ RunTime:0.050694s ]
INFO: [ view_parse ] --END-- [ RunTime:0.050791s ]
INFO: [ view_filter ] --START--
INFO: Run Behavior\WriteHtmlCacheBehavior [ RunTime:0.002176s ]
INFO: [ view_filter ] --END-- [ RunTime:0.002221s ]
INFO: [ app_end ] --START--
INFO: Run Behavior\ShowPageTraceBehavior [ RunTime:0.001320s ]
INFO: [ app_end ] --END-- [ RunTime:0.001390s ]

[ 2018-09-22T19:40:41+08:00 ] 127.0.0.1 /index.php/Admin/Calendar/detail?id=3
INFO: [ app_init ] --START--
INFO: Run Behavior\BuildLiteBehavior [ RunTime:0.000014s ]
INFO: [ app_init ] --END-- [ RunTime:0.000476s ]
INFO: [ app_begin ] --START--
INFO: Run Behavior\ReadHtmlCacheBehavior [ RunTime:0.000728s ]
INFO: [ app_begin ] --END-- [ RunTime:0.000782s ]
SQL: SHOW COLUMNS FROM `calendar` [ RunTime:0.0248s ]
SQL: SELECT * FROM `calendar` WHERE `id` = 3 LIMIT 1   [ RunTime:0.0246s ]
INFO: [ view_parse ] --START--
INFO: [ template_filter ] --START--
INFO: Run Behavior\ContentReplaceBehavior [ RunTime:0.000183s ]
INFO: [ template_filter ] --END-- [ RunTime:0.000257s ]
INFO: Run Behavior\ParseTemplateBehavior [ RunTime:0.078450s ]
INFO: [ view_parse ] --END-- [ RunTime:0.078578s ]
INFO: [ view_filter ] --START--
INFO: Run Behavior\WriteHtmlCacheBehavior [ RunTime:0.000676s ]
INFO: [ view_filter ] --END-- [ RunTime:0.000752s ]
INFO: [ app_end ] --START--
INFO: Run Behavior\ShowPageTraceBehavior [ RunTime:0.001359s ]
INFO: [ app_end ] --END-- [ RunTime:0.001451s ]

[ 2018-09-22T19:40:52+08:00 ] 127.0.0.1 /index.php/Admin/Calendar/update
INFO: [ app_init ] --START--
INFO: Run Behavior\BuildLiteBehavior [ RunTime:0.000132s ]
INFO: [ app_init ] --END-- [ RunTime:0.000866s ]
INFO: [ app_begin ] --START--
INFO: Run Behavior\ReadHtmlCacheBehavior [ RunTime:0.000610s ]
INFO: [ app_begin ] --END-- [ RunTime:0.000665s ]
NOTIC: [2] Missing argument 1 for I(), called in D:\phpStudy\WWW\waihui\Application\Admin\Controller\CalendarController.class.php on line 26 and defined D:\phpStudy\WWW\waihui\ThinkPHP\Common\functions.php 第 271 行.
NOTIC: [8] Undefined variable: name D:\phpStudy\WWW\waihui\ThinkPHP\Common\functions.php 第 273 行.
NOTIC: [8] Undefined variable: name D:\phpStudy\WWW\waihui\ThinkPHP\Common\functions.php 第 278 行.
NOTIC: [8] Undefined variable: name D:\phpStudy\WWW\waihui\ThinkPHP\Common\functions.php 第 339 行.
SQL: SHOW COLUMNS FROM `calendar` [ RunTime:0.0251s ]
SQL: UPDATE `calendar` SET `area`='/upload/calendar/italy.png',`date`='2018-09-12',`time`='09:30',`name`='毫无意义',`before_value`='-120',`expected`=NULL,`announce`=NULL,`effect`='利空 原油' WHERE `id` = 3 [ RunTime:0.0286s ]
INFO: [ view_parse ] --START--
INFO: [ template_filter ] --START--
INFO: Run Behavior\ContentReplaceBehavior [ RunTime:0.000050s ]
INFO: [ template_filter ] --END-- [ RunTime:0.000132s ]
INFO: Run Behavior\ParseTemplateBehavior [ RunTime:0.008603s ]
INFO: [ view_parse ] --END-- [ RunTime:0.008667s ]
INFO: [ view_filter ] --START--
INFO: Run Behavior\WriteHtmlCacheBehavior [ RunTime:0.000363s ]
INFO: [ view_filter ] --END-- [ RunTime:0.000397s ]
INFO: [ app_end ] --START--
INFO: Run Behavior\ShowPageTraceBehavior [ RunTime:0.000622s ]
INFO: [ app_end ] --END-- [ RunTime:0.000666s ]

[ 2018-09-22T19:40:54+08:00 ] 127.0.0.1 /Admin/Calendar
INFO: [ app_init ] --START--
INFO: Run Behavior\BuildLiteBehavior [ RunTime:0.000016s ]
INFO: [ app_init ] --END-- [ RunTime:0.000515s ]
INFO: [ app_begin ] --START--
INFO: Run Behavior\ReadHtmlCacheBehavior [ RunTime:0.001578s ]
INFO: [ app_begin ] --END-- [ RunTime:0.001658s ]
SQL: SHOW COLUMNS FROM `calendar` [ RunTime:0.0247s ]
SQL: SELECT COUNT(*) AS tp_count FROM `calendar` LIMIT 1   [ RunTime:0.0245s ]
SQL: SELECT * FROM `calendar` ORDER BY id desc LIMIT 0,10   [ RunTime:0.0250s ]
INFO: [ view_parse ] --START--
INFO: [ template_filter ] --START--
INFO: Run Behavior\ContentReplaceBehavior [ RunTime:0.000382s ]
INFO: [ template_filter ] --END-- [ RunTime:0.000578s ]
INFO: Run Behavior\ParseTemplateBehavior [ RunTime:0.073763s ]
INFO: [ view_parse ] --END-- [ RunTime:0.074209s ]
INFO: [ view_filter ] --START--
INFO: Run Behavior\WriteHtmlCacheBehavior [ RunTime:0.001871s ]
INFO: [ view_filter ] --END-- [ RunTime:0.002057s ]
INFO: [ app_end ] --START--
INFO: Run Behavior\ShowPageTraceBehavior [ RunTime:0.005306s ]
INFO: [ app_end ] --END-- [ RunTime:0.005586s ]

[ 2018-09-22T19:41:15+08:00 ] 127.0.0.1 /index.php/Admin/Calendar/detail?id=3
INFO: [ app_init ] --START--
INFO: Run Behavior\BuildLiteBehavior [ RunTime:0.000015s ]
INFO: [ app_init ] --END-- [ RunTime:0.000569s ]
INFO: [ app_begin ] --START--
INFO: Run Behavior\ReadHtmlCacheBehavior [ RunTime:0.000927s ]
INFO: [ app_begin ] --END-- [ RunTime:0.000983s ]
SQL: SHOW COLUMNS FROM `calendar` [ RunTime:0.0218s ]
SQL: SELECT * FROM `calendar` WHERE `id` = 3 LIMIT 1   [ RunTime:0.0215s ]
INFO: [ view_parse ] --START--
INFO: [ template_filter ] --START--
INFO: Run Behavior\ContentReplaceBehavior [ RunTime:0.000202s ]
INFO: [ template_filter ] --END-- [ RunTime:0.000333s ]
INFO: Run Behavior\ParseTemplateBehavior [ RunTime:0.016870s ]
INFO: [ view_parse ] --END-- [ RunTime:0.016964s ]
INFO: [ view_filter ] --START--
INFO: Run Behavior\WriteHtmlCacheBehavior [ RunTime:0.000730s ]
INFO: [ view_filter ] --END-- [ RunTime:0.000766s ]
INFO: [ app_end ] --START--
INFO: Run Behavior\ShowPageTraceBehavior [ RunTime:0.001206s ]
INFO: [ app_end ] --END-- [ RunTime:0.001268s ]

[ 2018-09-22T19:44:29+08:00 ] 127.0.0.1 /index.php/Admin/Admin
INFO: [ app_init ] --START--
INFO: Run Behavior\BuildLiteBehavior [ RunTime:0.000015s ]
INFO: [ app_init ] --END-- [ RunTime:0.000629s ]
INFO: [ app_begin ] --START--
INFO: Run Behavior\ReadHtmlCacheBehavior [ RunTime:0.000935s ]
INFO: [ app_begin ] --END-- [ RunTime:0.000988s ]
SQL: SHOW COLUMNS FROM `admin` [ RunTime:0.0315s ]
SQL: SELECT * FROM `admin` WHERE `power` = 1  [ RunTime:0.0313s ]
INFO: [ view_parse ] --START--
INFO: [ template_filter ] --START--
INFO: Run Behavior\ContentReplaceBehavior [ RunTime:0.000259s ]
INFO: [ template_filter ] --END-- [ RunTime:0.000441s ]
INFO: Run Behavior\ParseTemplateBehavior [ RunTime:0.031913s ]
INFO: [ view_parse ] --END-- [ RunTime:0.032012s ]
INFO: [ view_filter ] --START--
INFO: Run Behavior\WriteHtmlCacheBehavior [ RunTime:0.001016s ]
INFO: [ view_filter ] --END-- [ RunTime:0.001059s ]
INFO: [ app_end ] --START--
INFO: Run Behavior\ShowPageTraceBehavior [ RunTime:0.001398s ]
INFO: [ app_end ] --END-- [ RunTime:0.001468s ]

[ 2018-09-22T20:09:06+08:00 ] 127.0.0.1 /index.php/Admin/Order
INFO: [ app_init ] --START--
INFO: Run Behavior\BuildLiteBehavior [ RunTime:0.000066s ]
INFO: [ app_init ] --END-- [ RunTime:0.001716s ]
INFO: [ app_begin ] --START--
INFO: Run Behavior\ReadHtmlCacheBehavior [ RunTime:0.001533s ]
INFO: [ app_begin ] --END-- [ RunTime:0.001633s ]
ERR: 无法加载控制器:Order

[ 2018-09-22T20:09:44+08:00 ] 127.0.0.1 /index.php/Admin/Order
INFO: [ app_init ] --START--
INFO: Run Behavior\BuildLiteBehavior [ RunTime:0.000021s ]
INFO: [ app_init ] --END-- [ RunTime:0.000754s ]
INFO: [ app_begin ] --START--
INFO: Run Behavior\ReadHtmlCacheBehavior [ RunTime:0.001002s ]
INFO: [ app_begin ] --END-- [ RunTime:0.001077s ]
ERR: 无法加载控制器:Order

[ 2018-09-22T20:09:45+08:00 ] 127.0.0.1 /index.php/Admin/Order
INFO: [ app_init ] --START--
INFO: Run Behavior\BuildLiteBehavior [ RunTime:0.000014s ]
INFO: [ app_init ] --END-- [ RunTime:0.000455s ]
INFO: [ app_begin ] --START--
INFO: Run Behavior\ReadHtmlCacheBehavior [ RunTime:0.000695s ]
INFO: [ app_begin ] --END-- [ RunTime:0.000751s ]
ERR: 无法加载控制器:Order

[ 2018-09-22T20:09:45+08:00 ] 127.0.0.1 /index.php/Admin/Order
INFO: [ app_init ] --START--
INFO: Run Behavior\BuildLiteBehavior [ RunTime:0.000037s ]
INFO: [ app_init ] --END-- [ RunTime:0.000477s ]
INFO: [ app_begin ] --START--
INFO: Run Behavior\ReadHtmlCacheBehavior [ RunTime:0.000614s ]
INFO: [ app_begin ] --END-- [ RunTime:0.000657s ]
ERR: 无法加载控制器:Order

[ 2018-09-22T20:09:45+08:00 ] 127.0.0.1 /index.php/Admin/Order
INFO: [ app_init ] --START--
INFO: Run Behavior\BuildLiteBehavior [ RunTime:0.000013s ]
INFO: [ app_init ] --END-- [ RunTime:0.000467s ]
INFO: [ app_begin ] --START--
INFO: Run Behavior\ReadHtmlCacheBehavior [ RunTime:0.000583s ]
INFO: [ app_begin ] --END-- [ RunTime:0.000627s ]
ERR: 无法加载控制器:Order

[ 2018-09-22T20:09:45+08:00 ] 127.0.0.1 /index.php/Admin/Order
INFO: [ app_init ] --START--
INFO: Run Behavior\BuildLiteBehavior [ RunTime:0.000013s ]
INFO: [ app_init ] --END-- [ RunTime:0.000449s ]
INFO: [ app_begin ] --START--
INFO: Run Behavior\ReadHtmlCacheBehavior [ RunTime:0.000817s ]
INFO: [ app_begin ] --END-- [ RunTime:0.000866s ]
ERR: 无法加载控制器:Order

[ 2018-09-22T20:10:06+08:00 ] 127.0.0.1 /index.php/Admin/Order/time_stamp
INFO: [ app_init ] --START--
INFO: Run Behavior\BuildLiteBehavior [ RunTime:0.000014s ]
INFO: [ app_init ] --END-- [ RunTime:0.000538s ]
INFO: [ app_begin ] --START--
INFO: Run Behavior\ReadHtmlCacheBehavior [ RunTime:0.000966s ]
INFO: [ app_begin ] --END-- [ RunTime:0.001018s ]
ERR: 无法加载控制器:Order

[ 2018-09-22T20:34:07+08:00 ] 127.0.0.1 /index.php/Admin/Order/time_stamp
INFO: [ app_init ] --START--
INFO: Run Behavior\BuildLiteBehavior [ RunTime:0.000014s ]
INFO: [ app_init ] --END-- [ RunTime:0.000618s ]
INFO: [ app_begin ] --START--
INFO: Run Behavior\ReadHtmlCacheBehavior [ RunTime:0.001019s ]
INFO: [ app_begin ] --END-- [ RunTime:0.001083s ]
ERR: 无法加载控制器:Order

